#
# There is insufficient memory for the Java Runtime Environment to continue.
# Native memory allocation (malloc) failed to allocate 32744 bytes for ChunkPool::allocate
# Possible reasons:
#   The system is out of physical RAM or swap space
#   The process is running with CompressedOops enabled, and the Java Heap may be blocking the growth of the native heap
# Possible solutions:
#   Reduce memory load on the system
#   Increase physical memory or swap space
#   Check if swap backing store is full
#   Decrease Java heap size (-Xmx/-Xms)
#   Decrease number of Java threads
#   Decrease Java thread stack sizes (-Xss)
#   Set larger code cache with -XX:ReservedCodeCacheSize=
#   JVM is running with Zero Based Compressed Oops mode in which the Java heap is
#     placed in the first 32GB address space. The Java Heap base address is the
#     maximum limit for the native heap growth. Please use -XX:HeapBaseMinAddress
#     to set the Java Heap base and to place the Java Heap above 32GB virtual address.
# This output file may be truncated or incomplete.
#
#  Out of Memory Error (allocation.cpp:272), pid=8892, tid=0x0000000000002b2c
#
# JRE version: OpenJDK Runtime Environment (8.0_202-b03) (build 1.8.0_202-release-1483-b03)
# Java VM: OpenJDK 64-Bit Server VM (25.202-b03 mixed mode windows-amd64 compressed oops)
# Failed to write core dump. Minidumps are not enabled by default on client versions of Windows
#

---------------  T H R E A D  ---------------

Current thread (0x000000001a110800):  JavaThread "C1 CompilerThread2" daemon [_thread_in_native, id=11052, stack(0x000000001a500000,0x000000001a600000)]

Stack: [0x000000001a500000,0x000000001a600000]
[error occurred during error reporting (printing stack bounds), id 0xc0000005]

Native frames: (J=compiled Java code, j=interpreted, Vv=VM code, C=native code)


Current CompileTask:
C1:  31561 1053       3       org.gradle.internal.logging.text.AbstractLineChoppingStyledTextOutput$1::execute (130 bytes)


---------------  P R O C E S S  ---------------

Java Threads: ( => current thread )
  0x000000001a20a800 JavaThread "DisconnectableInputStream source reader" daemon [_thread_in_native, id=6028, stack(0x000000001c910000,0x000000001ca10000)]
  0x000000001aec3000 JavaThread "pool-1-thread-1" [_thread_blocked, id=8548, stack(0x000000001bfd0000,0x000000001c0d0000)]
  0x000000001890d000 JavaThread "Service Thread" daemon [_thread_blocked, id=8244, stack(0x000000001a600000,0x000000001a700000)]
=>0x000000001a110800 JavaThread "C1 CompilerThread2" daemon [_thread_in_native, id=11052, stack(0x000000001a500000,0x000000001a600000)]
  0x00000000188b5000 JavaThread "C2 CompilerThread1" daemon [_thread_blocked, id=10156, stack(0x000000001a000000,0x000000001a100000)]
  0x00000000188b2000 JavaThread "C2 CompilerThread0" daemon [_thread_blocked, id=3192, stack(0x0000000019f00000,0x000000001a000000)]
  0x00000000188b0000 JavaThread "Attach Listener" daemon [_thread_blocked, id=11968, stack(0x0000000019e00000,0x0000000019f00000)]
  0x00000000188ad000 JavaThread "Signal Dispatcher" daemon [_thread_blocked, id=11236, stack(0x0000000019d00000,0x0000000019e00000)]
  0x0000000002ae8800 JavaThread "Finalizer" daemon [_thread_blocked, id=7068, stack(0x0000000019b00000,0x0000000019c00000)]
  0x0000000018899000 JavaThread "Reference Handler" daemon [_thread_blocked, id=2112, stack(0x0000000019a00000,0x0000000019b00000)]
  0x00000000029f2800 JavaThread "main" [_thread_in_native, id=7100, stack(0x00000000028f0000,0x00000000029f0000)]

Other Threads:
  0x0000000018878800 VMThread [stack: 0x0000000019900000,0x0000000019a00000] [id=3808]
  0x000000001890e800 WatcherThread [stack: 0x000000001a700000,0x000000001a800000] [id=1428]

VM state:not at safepoint (normal execution)

VM Mutex/Monitor currently owned by a thread: None

heap address: 0x0000000721e00000, size: 2530 MB, Compressed Oops mode: Zero based, Oop shift amount: 3
Narrow klass base: 0x0000000000000000, Narrow klass shift: 3
Compressed class space size: 1073741824 Address: 0x00000007c0000000

Heap:
 PSYoungGen      total 47616K, used 14913K [0x000000078b500000, 0x000000078ea00000, 0x00000007c0000000)
  eden space 40960K, 22% used [0x000000078b500000,0x000000078bddb5b8,0x000000078dd00000)
  from space 6656K, 87% used [0x000000078dd00000,0x000000078e2b51a0,0x000000078e380000)
  to   space 6656K, 0% used [0x000000078e380000,0x000000078e380000,0x000000078ea00000)
 ParOldGen       total 109568K, used 8K [0x0000000721e00000, 0x0000000728900000, 0x000000078b500000)
  object space 109568K, 0% used [0x0000000721e00000,0x0000000721e02000,0x0000000728900000)
 Metaspace       used 11618K, capacity 11942K, committed 12160K, reserved 1060864K
  class space    used 1518K, capacity 1643K, committed 1664K, reserved 1048576K

Card table byte_map: [0x0000000011eb0000,0x00000000123b0000] byte_map_base: 0x000000000e5a1000

Marking Bits: (ParMarkBitMap*) 0x0000000053709f30
 Begin Bits: [0x0000000012b00000, 0x0000000015288000)
 End Bits:   [0x0000000015288000, 0x0000000017a10000)

Polling page: 0x0000000000af0000

CodeCache: size=245760Kb used=3759Kb max_used=3770Kb free=242000Kb
 bounds [0x0000000002af0000, 0x0000000002ea0000, 0x0000000011af0000]
 total_blobs=1417 nmethods=1052 adapters=279
 compilation: enabled

Compilation events (10 events):
Event: 31.558 Thread 0x000000001a110800 1049       3       org.gradle.internal.logging.text.AbstractLineChoppingStyledTextOutput$StateContext::hasChar (22 bytes)
Event: 31.558 Thread 0x000000001a110800 nmethod 1049 0x0000000002e9af90 code [0x0000000002e9b0e0, 0x0000000002e9b290]
Event: 31.558 Thread 0x000000001a110800 1050       3       org.gradle.internal.logging.text.AbstractLineChoppingStyledTextOutput$StateContext::setState (10 bytes)
Event: 31.558 Thread 0x000000001a110800 nmethod 1050 0x0000000002e9ab50 code [0x0000000002e9acc0, 0x0000000002e9ae90]
Event: 31.558 Thread 0x000000001a110800 1051       3       org.gradle.internal.logging.text.AbstractLineChoppingStyledTextOutput::access$402 (7 bytes)
Event: 31.558 Thread 0x000000001a110800 nmethod 1051 0x0000000002e9a810 code [0x0000000002e9a960, 0x0000000002e9aab0]
Event: 31.558 Thread 0x000000001a110800 1052       3       org.gradle.internal.logging.text.AbstractLineChoppingStyledTextOutput$1::execute (9 bytes)
Event: 31.559 Thread 0x00000000188b5000 1059       4       sun.nio.cs.SingleByte$Encoder::encode (32 bytes)
Event: 31.559 Thread 0x000000001a110800 nmethod 1052 0x0000000002e9a350 code [0x0000000002e9a4c0, 0x0000000002e9a728]
Event: 31.559 Thread 0x000000001a110800 1053       3       org.gradle.internal.logging.text.AbstractLineChoppingStyledTextOutput$1::execute (130 bytes)

GC Heap History (2 events):
Event: 4.267 GC heap before
{Heap before GC invocations=1 (full 0):
 PSYoungGen      total 47616K, used 40960K [0x000000078b500000, 0x000000078ea00000, 0x00000007c0000000)
  eden space 40960K, 100% used [0x000000078b500000,0x000000078dd00000,0x000000078dd00000)
  from space 6656K, 0% used [0x000000078e380000,0x000000078e380000,0x000000078ea00000)
  to   space 6656K, 0% used [0x000000078dd00000,0x000000078dd00000,0x000000078e380000)
 ParOldGen       total 109568K, used 0K [0x0000000721e00000, 0x0000000728900000, 0x000000078b500000)
  object space 109568K, 0% used [0x0000000721e00000,0x0000000721e00000,0x0000000728900000)
 Metaspace       used 9965K, capacity 10246K, committed 10496K, reserved 1058816K
  class space    used 1327K, capacity 1439K, committed 1536K, reserved 1048576K
Event: 4.282 GC heap after
Heap after GC invocations=1 (full 0):
 PSYoungGen      total 47616K, used 5844K [0x000000078b500000, 0x000000078ea00000, 0x00000007c0000000)
  eden space 40960K, 0% used [0x000000078b500000,0x000000078b500000,0x000000078dd00000)
  from space 6656K, 87% used [0x000000078dd00000,0x000000078e2b51a0,0x000000078e380000)
  to   space 6656K, 0% used [0x000000078e380000,0x000000078e380000,0x000000078ea00000)
 ParOldGen       total 109568K, used 8K [0x0000000721e00000, 0x0000000728900000, 0x000000078b500000)
  object space 109568K, 0% used [0x0000000721e00000,0x0000000721e02000,0x0000000728900000)
 Metaspace       used 9965K, capacity 10246K, committed 10496K, reserved 1058816K
  class space    used 1327K, capacity 1439K, committed 1536K, reserved 1048576K
}

Deoptimization events (10 events):
Event: 1.638 Thread 0x00000000029f2800 Uncommon trap: reason=unstable_if action=reinterpret pc=0x0000000002cd3b08 method=java.util.regex.Matcher.reset()Ljava/util/regex/Matcher; @ 47
Event: 1.638 Thread 0x00000000029f2800 Uncommon trap: reason=class_check action=maybe_recompile pc=0x0000000002cdab70 method=java.util.regex.Matcher.match(II)Z @ 86
Event: 1.638 Thread 0x00000000029f2800 Uncommon trap: reason=class_check action=maybe_recompile pc=0x0000000002cdab70 method=java.util.regex.Matcher.match(II)Z @ 86
Event: 1.639 Thread 0x00000000029f2800 Uncommon trap: reason=class_check action=maybe_recompile pc=0x0000000002cdab70 method=java.util.regex.Matcher.match(II)Z @ 86
Event: 1.639 Thread 0x00000000029f2800 Uncommon trap: reason=class_check action=maybe_recompile pc=0x0000000002cdab70 method=java.util.regex.Matcher.match(II)Z @ 86
Event: 2.153 Thread 0x00000000029f2800 Uncommon trap: reason=unstable_if action=reinterpret pc=0x0000000002d7c158 method=java.util.HashMap.getNode(ILjava/lang/Object;)Ljava/util/HashMap$Node; @ 129
Event: 2.153 Thread 0x00000000029f2800 Uncommon trap: reason=class_check action=maybe_recompile pc=0x0000000002d4bb20 method=java.util.HashMap.putVal(ILjava/lang/Object;Ljava/lang/Object;ZZ)Ljava/lang/Object; @ 203
Event: 4.595 Thread 0x000000001b9d4800 Uncommon trap: reason=unstable_if action=reinterpret pc=0x0000000002d70fd0 method=java.util.HashMap.getNode(ILjava/lang/Object;)Ljava/util/HashMap$Node; @ 129
Event: 4.596 Thread 0x000000001b9d4800 Uncommon trap: reason=class_check action=maybe_recompile pc=0x0000000002d4bb20 method=java.util.HashMap.putVal(ILjava/lang/Object;Ljava/lang/Object;ZZ)Ljava/lang/Object; @ 203
Event: 4.596 Thread 0x000000001b9d4800 Uncommon trap: reason=class_check action=maybe_recompile pc=0x0000000002d4ff50 method=java.util.HashMap.putVal(ILjava/lang/Object;Ljava/lang/Object;ZZ)Ljava/lang/Object; @ 203

Classes redefined (0 events):
No events

Internal exceptions (10 events):
Event: 2.035 Thread 0x00000000029f2800 Exception <a 'java/lang/ArrayIndexOutOfBoundsException'> (0x000000078d586498) thrown at [D:\src\AOSP-openjdk-cygwin\jdk8u\hotspot\src\share\vm\runtime\sharedRuntime.cpp, line 605]
Event: 2.049 Thread 0x00000000029f2800 Exception <a 'java/lang/ArrayIndexOutOfBoundsException'> (0x000000078d5f7450) thrown at [D:\src\AOSP-openjdk-cygwin\jdk8u\hotspot\src\share\vm\runtime\sharedRuntime.cpp, line 605]
Event: 2.050 Thread 0x00000000029f2800 Exception <a 'java/lang/ArrayIndexOutOfBoundsException'> (0x000000078d5f86a0) thrown at [D:\src\AOSP-openjdk-cygwin\jdk8u\hotspot\src\share\vm\runtime\sharedRuntime.cpp, line 605]
Event: 2.050 Thread 0x00000000029f2800 Exception <a 'java/lang/ArrayIndexOutOfBoundsException'> (0x000000078d5fb1b8) thrown at [D:\src\AOSP-openjdk-cygwin\jdk8u\hotspot\src\share\vm\runtime\sharedRuntime.cpp, line 605]
Event: 2.050 Thread 0x00000000029f2800 Exception <a 'java/lang/ArrayIndexOutOfBoundsException'> (0x000000078d5fcd38) thrown at [D:\src\AOSP-openjdk-cygwin\jdk8u\hotspot\src\share\vm\runtime\sharedRuntime.cpp, line 605]
Event: 2.051 Thread 0x00000000029f2800 Exception <a 'java/lang/ArrayIndexOutOfBoundsException'> (0x000000078d5fea18) thrown at [D:\src\AOSP-openjdk-cygwin\jdk8u\hotspot\src\share\vm\runtime\sharedRuntime.cpp, line 605]
Event: 2.051 Thread 0x00000000029f2800 Exception <a 'java/lang/ArrayIndexOutOfBoundsException'> (0x000000078d5ffcd8) thrown at [D:\src\AOSP-openjdk-cygwin\jdk8u\hotspot\src\share\vm\runtime\sharedRuntime.cpp, line 605]
Event: 2.051 Thread 0x00000000029f2800 Exception <a 'java/lang/ArrayIndexOutOfBoundsException'> (0x000000078d6032e0) thrown at [D:\src\AOSP-openjdk-cygwin\jdk8u\hotspot\src\share\vm\runtime\sharedRuntime.cpp, line 605]
Event: 31.528 Thread 0x00000000029f2800 Exception <a 'java/io/IOException'> (0x000000078bcfad88) thrown at [D:\src\AOSP-openjdk-cygwin\jdk8u\hotspot\src\share\vm\prims\jni.cpp, line 710]
Event: 31.552 Thread 0x000000001a20b000 Exception <a 'java/io/IOException'> (0x000000078bd99310) thrown at [D:\src\AOSP-openjdk-cygwin\jdk8u\hotspot\src\share\vm\prims\jni.cpp, line 710]

Events (10 events):
Event: 31.551 Executing VM operation: RevokeBias done
Event: 31.552 Executing VM operation: RevokeBias
Event: 31.553 Executing VM operation: RevokeBias done
Event: 31.553 loading class org/gradle/internal/remote/internal/inet/SocketConnection$1
Event: 31.553 loading class org/gradle/internal/remote/internal/inet/SocketConnection$1 done
Event: 31.553 Thread 0x000000001a20b000 Thread exited: 0x000000001a20b000
Event: 31.554 loading class java/util/concurrent/ConcurrentLinkedQueue$Itr
Event: 31.554 loading class java/util/concurrent/ConcurrentLinkedQueue$Itr done
Event: 31.555 loading class org/gradle/internal/logging/text/AbstractLineChoppingStyledTextOutput$StateContext
Event: 31.555 loading class org/gradle/internal/logging/text/AbstractLineChoppingStyledTextOutput$StateContext done


Dynamic libraries:
0x00007ff6fce90000 - 0x00007ff6fcec1000 	C:\Program Files\Android\Android Studio\jre\bin\java.exe
0x00007ffcc1300000 - 0x00007ffcc14f0000 	C:\WINDOWS\SYSTEM32\ntdll.dll
0x00007ffcc08a0000 - 0x00007ffcc0952000 	C:\WINDOWS\System32\KERNEL32.DLL
0x00007ffcbf040000 - 0x00007ffcbf2e5000 	C:\WINDOWS\System32\KERNELBASE.dll
0x00007ffcbc3f0000 - 0x00007ffcbc47f000 	C:\WINDOWS\SYSTEM32\apphelp.dll
0x00007ffcbf610000 - 0x00007ffcbf6b3000 	C:\WINDOWS\System32\ADVAPI32.dll
0x00007ffcc0800000 - 0x00007ffcc089e000 	C:\WINDOWS\System32\msvcrt.dll
0x00007ffcbf570000 - 0x00007ffcbf607000 	C:\WINDOWS\System32\sechost.dll
0x00007ffcbf6c0000 - 0x00007ffcbf7e0000 	C:\WINDOWS\System32\RPCRT4.dll
0x00007ffcbff20000 - 0x00007ffcc00b4000 	C:\WINDOWS\System32\USER32.dll
0x00007ffcbe3d0000 - 0x00007ffcbe3f1000 	C:\WINDOWS\System32\win32u.dll
0x00007ffcc03c0000 - 0x00007ffcc03e6000 	C:\WINDOWS\System32\GDI32.dll
0x00007ffcbecf0000 - 0x00007ffcbee86000 	C:\WINDOWS\System32\gdi32full.dll
0x00007ffcbf2f0000 - 0x00007ffcbf38e000 	C:\WINDOWS\System32\msvcp_win.dll
0x00007ffcbe460000 - 0x00007ffcbe55a000 	C:\WINDOWS\System32\ucrtbase.dll
0x00007ffcaefa0000 - 0x00007ffcaf224000 	C:\WINDOWS\WinSxS\amd64_microsoft.windows.common-controls_6595b64144ccf1df_6.0.18362.1198_none_9e820b57e45ad92f\COMCTL32.dll
0x00007ffcc03f0000 - 0x00007ffcc0725000 	C:\WINDOWS\System32\combase.dll
0x00007ffcbee90000 - 0x00007ffcbef10000 	C:\WINDOWS\System32\bcryptPrimitives.dll
0x00007ffcbfef0000 - 0x00007ffcbff1e000 	C:\WINDOWS\System32\IMM32.DLL
0x0000000053790000 - 0x0000000053862000 	C:\Program Files\Android\Android Studio\jre\jre\bin\msvcr100.dll
0x0000000052f40000 - 0x0000000053786000 	C:\Program Files\Android\Android Studio\jre\jre\bin\server\jvm.dll
0x00007ffcbf560000 - 0x00007ffcbf568000 	C:\WINDOWS\System32\PSAPI.DLL
0x00007ffcb5790000 - 0x00007ffcb5799000 	C:\WINDOWS\SYSTEM32\WSOCK32.dll
0x00007ffcc0730000 - 0x00007ffcc079f000 	C:\WINDOWS\System32\WS2_32.dll
0x00007ffcbae00000 - 0x00007ffcbae24000 	C:\WINDOWS\SYSTEM32\WINMM.dll
0x00007ffcb1e00000 - 0x00007ffcb1e0a000 	C:\WINDOWS\SYSTEM32\VERSION.dll
0x00007ffcbadd0000 - 0x00007ffcbadfd000 	C:\WINDOWS\SYSTEM32\winmmbase.dll
0x00007ffcbef10000 - 0x00007ffcbef5a000 	C:\WINDOWS\System32\cfgmgr32.dll
0x00007ffcb5780000 - 0x00007ffcb578f000 	C:\Program Files\Android\Android Studio\jre\jre\bin\verify.dll
0x00007ffcb1310000 - 0x00007ffcb1339000 	C:\Program Files\Android\Android Studio\jre\jre\bin\java.dll
0x00007ffcb5760000 - 0x00007ffcb5776000 	C:\Program Files\Android\Android Studio\jre\jre\bin\zip.dll
0x00007ffcc0bb0000 - 0x00007ffcc1297000 	C:\WINDOWS\System32\SHELL32.dll
0x00007ffcbf960000 - 0x00007ffcbfa09000 	C:\WINDOWS\System32\shcore.dll
0x00007ffcbe560000 - 0x00007ffcbece1000 	C:\WINDOWS\System32\windows.storage.dll
0x00007ffcbe1e0000 - 0x00007ffcbe203000 	C:\WINDOWS\System32\profapi.dll
0x00007ffcbe230000 - 0x00007ffcbe27a000 	C:\WINDOWS\System32\powrprof.dll
0x00007ffcbe1b0000 - 0x00007ffcbe1c0000 	C:\WINDOWS\System32\UMPDC.dll
0x00007ffcbfe80000 - 0x00007ffcbfed2000 	C:\WINDOWS\System32\shlwapi.dll
0x00007ffcbe210000 - 0x00007ffcbe221000 	C:\WINDOWS\System32\kernel.appcore.dll
0x00007ffcbf390000 - 0x00007ffcbf3a7000 	C:\WINDOWS\System32\cryptsp.dll
0x00007ffcb1760000 - 0x00007ffcb177a000 	C:\Program Files\Android\Android Studio\jre\jre\bin\net.dll
0x00007ffcbda00000 - 0x00007ffcbda67000 	C:\WINDOWS\system32\mswsock.dll
0x00007ffcb14f0000 - 0x00007ffcb1501000 	C:\Program Files\Android\Android Studio\jre\jre\bin\nio.dll
0x00007ffcb1220000 - 0x00007ffcb1246000 	C:\Users\Jason\.gradle\native\fdc75f09e3144964f2cf3f50f0aa648679c211496f362492102eb8c894070792\windows-amd64\native-platform.dll
0x00007ffc78dc0000 - 0x00007ffc78f51000 	C:\Users\Jason\.gradle\native\12488b8bf47d2d4c9fbf2f6322a914ad602e24e48041cd04a747c6da556b65c4\windows-amd64\native-platform-file-events.dll
0x00007ffcb51c0000 - 0x00007ffcb51cd000 	C:\Program Files\Android\Android Studio\jre\jre\bin\management.dll
0x00007ffcbd570000 - 0x00007ffcbd5a3000 	C:\WINDOWS\system32\rsaenh.dll
0x00007ffcbef60000 - 0x00007ffcbef86000 	C:\WINDOWS\System32\bcrypt.dll
0x00007ffcbe090000 - 0x00007ffcbe0b5000 	C:\WINDOWS\SYSTEM32\USERENV.dll
0x00007ffcbdbd0000 - 0x00007ffcbdbdc000 	C:\WINDOWS\SYSTEM32\CRYPTBASE.dll
0x00007ffcbd710000 - 0x00007ffcbd74a000 	C:\WINDOWS\SYSTEM32\IPHLPAPI.DLL
0x00007ffcbf3b0000 - 0x00007ffcbf3b8000 	C:\WINDOWS\System32\NSI.dll
0x00007ffcb6b00000 - 0x00007ffcb6b16000 	C:\WINDOWS\SYSTEM32\dhcpcsvc6.DLL
0x00007ffcb7c70000 - 0x00007ffcb7c8c000 	C:\WINDOWS\SYSTEM32\dhcpcsvc.DLL
0x00007ffcbd750000 - 0x00007ffcbd81b000 	C:\WINDOWS\SYSTEM32\DNSAPI.dll
0x00007ffcb8850000 - 0x00007ffcb885b000 	C:\WINDOWS\SYSTEM32\WINNSI.DLL

VM Arguments:
jvm_args: -Dorg.gradle.appname=gradlew 
java_command: org.gradle.wrapper.GradleWrapperMain -q -Ptarget-platform=android-arm64 -Ptarget=C:\Users\Jason\Desktop\virtuallearningapp\lib\main.dart -Ptrack-widget-creation=true -Pfilesystem-scheme=org-dartlang-root assembleDebug
java_class_path (initial): C:\Users\Jason\Desktop\virtuallearningapp\android\\gradle\wrapper\gradle-wrapper.jar
Launcher Type: SUN_STANDARD

Environment Variables:
JAVA_HOME=C:\Program Files\Android\Android Studio\jre
CLASSPATH=C:\Users\Jason\Desktop\virtuallearningapp\android\\gradle\wrapper\gradle-wrapper.jar
PATH=C:\Program Files (x86)\Common Files\Intel\Shared Files\cpp\bin\Intel64;C:\Windows\system32;C:\Windows;C:\Windows\System32\Wbem;C:\Windows\System32\WindowsPowerShell\v1.0\;C:\Windows\System32\OpenSSH\;C:\Users\Jason\AppData\Local\Microsoft\WindowsApps;C:\Users\Jason\AppData\Local\Programs\Microsoft VS Code\bin;C:\adb;C:\Program Files\dotnet\;C:\WINDOWS\system32;C:\WINDOWS;C:\WINDOWS\System32\Wbem;C:\WINDOWS\System32\WindowsPowerShell\v1.0\;C:\WINDOWS\System32\OpenSSH\;C:\Program Files\Dart\dart-sdk\bin;C:\Program Files\Microsoft SQL Server\130\Tools\Binn\;C:\Program Files\Microsoft SQL Server\Client SDK\ODBC\170\Tools\Binn\;C:\src\flutter\bin;C:\Program Files (x86)\Microsoft SQL Server\150\Tools\Binn\;C:\Program Files\Microsoft SQL Server\150\Tools\Binn\;C:\Program Files\Microsoft SQL Server\150\DTS\Binn\;C:\Program Files\Java\jdk-14.0.1\bin;C:\OpenSSL-Win64\bin;C:\Program Files\Git\cmd;C:\Program Files\nodejs\;C:\Program Files (x86)\ZeroTier\One\;C:\Users\Jason\.dotnet\tools;C:\Users\Jason\AppData\Local\GitHubDesktop\bin;C:\Users\Jason\AppData\Local\Android\Sdk\platform-tools;C:\Users\Jason\AppData\Roaming\npm;C:\src\flutter\bin\mingit\cmd
USERNAME=Jason
OS=Windows_NT
PROCESSOR_IDENTIFIER=Intel64 Family 6 Model 58 Stepping 9, GenuineIntel



---------------  S Y S T E M  ---------------

OS: Windows 10.0 , 64 bit Build 18362 (10.0.18362.1110)

CPU:total 4 (initial active 4) (2 cores per cpu, 2 threads per core) family 6 model 58 stepping 9, cmov, cx8, fxsr, mmx, sse, sse2, sse3, ssse3, sse4.1, sse4.2, popcnt, avx, aes, clmul, erms, ht, tsc, tscinvbit, tscinv

Memory: 4k page, physical 10362416k(2139260k free), swap 10362416k(5120k free)

vm_info: OpenJDK 64-Bit Server VM (25.202-b03) for windows-amd64 JRE (1.8.0_202-release-1483-b03), built by "builder" with MS VC++ 10.0 (VS2010)

time: Mon Apr 26 16:17:19 2021
timezone: GMT Daylight Time
elapsed time: 31 seconds (0d 0h 0m 31s)

