#
# There is insufficient memory for the Java Runtime Environment to continue.
# Native memory allocation (malloc) failed to allocate 1059856 bytes for Chunk::new
# Possible reasons:
#   The system is out of physical RAM or swap space
#   The process is running with CompressedOops enabled, and the Java Heap may be blocking the growth of the native heap
# Possible solutions:
#   Reduce memory load on the system
#   Increase physical memory or swap space
#   Check if swap backing store is full
#   Decrease Java heap size (-Xmx/-Xms)
#   Decrease number of Java threads
#   Decrease Java thread stack sizes (-Xss)
#   Set larger code cache with -XX:ReservedCodeCacheSize=
#   JVM is running with Unscaled Compressed Oops mode in which the Java heap is
#     placed in the first 4GB address space. The Java Heap base address is the
#     maximum limit for the native heap growth. Please use -XX:HeapBaseMinAddress
#     to set the Java Heap base and to place the Java Heap above 4GB virtual address.
# This output file may be truncated or incomplete.
#
#  Out of Memory Error (allocation.cpp:389), pid=6628, tid=0x0000000000002484
#
# JRE version: OpenJDK Runtime Environment (8.0_202-b03) (build 1.8.0_202-release-1483-b03)
# Java VM: OpenJDK 64-Bit Server VM (25.202-b03 mixed mode windows-amd64 compressed oops)
# Failed to write core dump. Minidumps are not enabled by default on client versions of Windows
#

---------------  T H R E A D  ---------------

Current thread (0x0000000015e42000):  JavaThread "C2 CompilerThread0" daemon [_thread_in_native, id=9348, stack(0x00000000174b0000,0x00000000175b0000)]

Stack: [0x00000000174b0000,0x00000000175b0000]
[error occurred during error reporting (printing stack bounds), id 0xc0000005]

Native frames: (J=compiled Java code, j=interpreted, Vv=VM code, C=native code)


Current CompileTask:
C2:  26759 5606   !   4       java.lang.reflect.Executable::sharedToGenericString (329 bytes)


---------------  P R O C E S S  ---------------

Java Threads: ( => current thread )
  0x000000001f3b5000 JavaThread "Memory manager" [_thread_blocked, id=6696, stack(0x00000000288f0000,0x00000000289f0000)]
  0x000000001f3b4800 JavaThread "jar transforms Thread 114" [_thread_blocked, id=5272, stack(0x00000000281f0000,0x00000000282f0000)]
  0x000000001f3b2000 JavaThread "jar transforms Thread 113" [_thread_blocked, id=9248, stack(0x00000000280f0000,0x00000000281f0000)]
  0x000000001f3b0000 JavaThread "jar transforms Thread 112" [_thread_blocked, id=7032, stack(0x0000000027ff0000,0x00000000280f0000)]
  0x000000001f3b3000 JavaThread "jar transforms Thread 111" [_thread_blocked, id=10644, stack(0x0000000027ef0000,0x0000000027ff0000)]
  0x000000001f3b3800 JavaThread "jar transforms Thread 110" [_thread_blocked, id=9632, stack(0x0000000027df0000,0x0000000027ef0000)]
  0x000000001f3b1800 JavaThread "jar transforms Thread 109" [_thread_blocked, id=1968, stack(0x0000000027cf0000,0x0000000027df0000)]
  0x000000001f3a8000 JavaThread "jar transforms Thread 108" [_thread_blocked, id=10008, stack(0x0000000027bf0000,0x0000000027cf0000)]
  0x000000001f3af000 JavaThread "jar transforms Thread 107" [_thread_blocked, id=4084, stack(0x0000000027af0000,0x0000000027bf0000)]
  0x000000001f3ae800 JavaThread "jar transforms Thread 106" [_thread_blocked, id=7608, stack(0x00000000279f0000,0x0000000027af0000)]
  0x000000001f3a6800 JavaThread "jar transforms Thread 105" [_thread_blocked, id=10560, stack(0x00000000278f0000,0x00000000279f0000)]
  0x000000001f3ad800 JavaThread "jar transforms Thread 104" [_thread_blocked, id=1452, stack(0x00000000277f0000,0x00000000278f0000)]
  0x000000001f3ad000 JavaThread "jar transforms Thread 103" [_thread_blocked, id=10596, stack(0x00000000276f0000,0x00000000277f0000)]
  0x000000001f3a9000 JavaThread "jar transforms Thread 102" [_thread_blocked, id=12320, stack(0x00000000275f0000,0x00000000276f0000)]
  0x000000001f3a7800 JavaThread "jar transforms Thread 101" [_thread_blocked, id=3296, stack(0x00000000274f0000,0x00000000275f0000)]
  0x000000001f3ab000 JavaThread "jar transforms Thread 100" [_thread_blocked, id=3092, stack(0x00000000273f0000,0x00000000274f0000)]
  0x000000001f3ac000 JavaThread "jar transforms Thread 99" [_thread_blocked, id=7300, stack(0x00000000272f0000,0x00000000273f0000)]
  0x000000001f3aa800 JavaThread "jar transforms Thread 98" [_thread_blocked, id=12120, stack(0x00000000271f0000,0x00000000272f0000)]
  0x000000001f3a9800 JavaThread "jar transforms Thread 97" [_thread_blocked, id=1752, stack(0x00000000270f0000,0x00000000271f0000)]
  0x000000001db32000 JavaThread "jar transforms Thread 96" [_thread_blocked, id=13148, stack(0x0000000026ff0000,0x00000000270f0000)]
  0x000000001db36000 JavaThread "jar transforms Thread 95" [_thread_blocked, id=9732, stack(0x0000000026ef0000,0x0000000026ff0000)]
  0x000000001db35000 JavaThread "jar transforms Thread 94" [_thread_blocked, id=2752, stack(0x0000000026df0000,0x0000000026ef0000)]
  0x000000001db39000 JavaThread "jar transforms Thread 93" [_thread_blocked, id=5580, stack(0x0000000026cf0000,0x0000000026df0000)]
  0x000000001db33000 JavaThread "jar transforms Thread 92" [_thread_blocked, id=11704, stack(0x0000000026bf0000,0x0000000026cf0000)]
  0x000000001db36800 JavaThread "jar transforms Thread 91" [_thread_blocked, id=10100, stack(0x0000000026af0000,0x0000000026bf0000)]
  0x000000001db37800 JavaThread "jar transforms Thread 90" [_thread_blocked, id=11924, stack(0x00000000269f0000,0x0000000026af0000)]
  0x000000001db38000 JavaThread "jar transforms Thread 89" [_thread_blocked, id=4184, stack(0x00000000268f0000,0x00000000269f0000)]
  0x000000001db34800 JavaThread "jar transforms Thread 88" [_thread_blocked, id=9536, stack(0x00000000267f0000,0x00000000268f0000)]
  0x000000001db33800 JavaThread "jar transforms Thread 87" [_thread_blocked, id=10244, stack(0x00000000266f0000,0x00000000267f0000)]
  0x000000001db2a800 JavaThread "jar transforms Thread 86" [_thread_blocked, id=7432, stack(0x00000000265f0000,0x00000000266f0000)]
  0x000000001db31800 JavaThread "jar transforms Thread 85" [_thread_blocked, id=10456, stack(0x00000000264f0000,0x00000000265f0000)]
  0x000000001db2b800 JavaThread "jar transforms Thread 84" [_thread_blocked, id=7680, stack(0x00000000263f0000,0x00000000264f0000)]
  0x000000001db2a000 JavaThread "jar transforms Thread 83" [_thread_blocked, id=9368, stack(0x00000000262f0000,0x00000000263f0000)]
  0x000000001db2d800 JavaThread "jar transforms Thread 82" [_thread_blocked, id=9776, stack(0x00000000261f0000,0x00000000262f0000)]
  0x000000001db2e800 JavaThread "jar transforms Thread 81" [_thread_blocked, id=10220, stack(0x00000000260f0000,0x00000000261f0000)]
  0x000000001db2f000 JavaThread "jar transforms Thread 80" [_thread_blocked, id=9268, stack(0x0000000025ff0000,0x00000000260f0000)]
  0x000000001db2d000 JavaThread "jar transforms Thread 79" [_thread_blocked, id=12680, stack(0x0000000025ef0000,0x0000000025ff0000)]
  0x000000001db2c000 JavaThread "jar transforms Thread 78" [_thread_blocked, id=5868, stack(0x0000000025df0000,0x0000000025ef0000)]
  0x000000001db30800 JavaThread "jar transforms Thread 77" [_thread_blocked, id=1672, stack(0x0000000025cf0000,0x0000000025df0000)]
  0x000000001db30000 JavaThread "jar transforms Thread 76" [_thread_blocked, id=9820, stack(0x0000000025bf0000,0x0000000025cf0000)]
  0x000000001c891800 JavaThread "jar transforms Thread 75" [_thread_blocked, id=7500, stack(0x0000000025af0000,0x0000000025bf0000)]
  0x000000001c88f800 JavaThread "jar transforms Thread 74" [_thread_blocked, id=10656, stack(0x00000000259f0000,0x0000000025af0000)]
  0x000000001c896000 JavaThread "jar transforms Thread 73" [_thread_blocked, id=4112, stack(0x00000000258f0000,0x00000000259f0000)]
  0x000000001c88e800 JavaThread "jar transforms Thread 72" [_thread_blocked, id=12508, stack(0x00000000257f0000,0x00000000258f0000)]
  0x000000001c895800 JavaThread "jar transforms Thread 71" [_thread_blocked, id=12040, stack(0x00000000256f0000,0x00000000257f0000)]
  0x000000001c894800 JavaThread "jar transforms Thread 70" [_thread_blocked, id=9380, stack(0x00000000255f0000,0x00000000256f0000)]
  0x000000001c893000 JavaThread "jar transforms Thread 69" [_thread_blocked, id=4828, stack(0x00000000254f0000,0x00000000255f0000)]
  0x000000001c891000 JavaThread "jar transforms Thread 68" [_thread_blocked, id=11560, stack(0x00000000253f0000,0x00000000254f0000)]
  0x000000001c894000 JavaThread "jar transforms Thread 67" [_thread_blocked, id=6236, stack(0x00000000252f0000,0x00000000253f0000)]
  0x000000001c892800 JavaThread "jar transforms Thread 66" [_thread_blocked, id=6568, stack(0x00000000251f0000,0x00000000252f0000)]
  0x000000001c890000 JavaThread "jar transforms Thread 65" [_thread_blocked, id=8688, stack(0x00000000250f0000,0x00000000251f0000)]
  0x000000001c887000 JavaThread "jar transforms Thread 64" [_thread_blocked, id=9372, stack(0x0000000024ff0000,0x00000000250f0000)]
  0x000000001c88b800 JavaThread "jar transforms Thread 63" [_thread_blocked, id=11348, stack(0x0000000024ef0000,0x0000000024ff0000)]
  0x000000001c888800 JavaThread "jar transforms Thread 62" [_thread_blocked, id=1844, stack(0x0000000024df0000,0x0000000024ef0000)]
  0x000000001c88b000 JavaThread "jar transforms Thread 61" [_thread_blocked, id=6300, stack(0x0000000024cf0000,0x0000000024df0000)]
  0x000000001c88d000 JavaThread "jar transforms Thread 60" [_thread_blocked, id=10820, stack(0x0000000024bf0000,0x0000000024cf0000)]
  0x000000001c88a000 JavaThread "jar transforms Thread 59" [_thread_blocked, id=8884, stack(0x0000000024af0000,0x0000000024bf0000)]
  0x000000001c88c800 JavaThread "jar transforms Thread 58" [_thread_blocked, id=11672, stack(0x0000000023b40000,0x0000000023c40000)]
  0x000000001c889800 JavaThread "jar transforms Thread 57" [_thread_blocked, id=3324, stack(0x0000000024890000,0x0000000024990000)]
  0x000000001c888000 JavaThread "jar transforms Thread 56" [_thread_blocked, id=9640, stack(0x0000000024790000,0x0000000024890000)]
  0x000000001c88e000 JavaThread "jar transforms Thread 55" [_thread_blocked, id=8936, stack(0x0000000024690000,0x0000000024790000)]
  0x000000001c2fe800 JavaThread "jar transforms Thread 54" [_thread_blocked, id=9364, stack(0x0000000024590000,0x0000000024690000)]
  0x000000001c304000 JavaThread "jar transforms Thread 53" [_thread_blocked, id=11788, stack(0x0000000024490000,0x0000000024590000)]
  0x000000001c302800 JavaThread "jar transforms Thread 52" [_thread_blocked, id=2708, stack(0x0000000024390000,0x0000000024490000)]
  0x000000001c303000 JavaThread "jar transforms Thread 51" [_thread_blocked, id=6968, stack(0x0000000024290000,0x0000000024390000)]
  0x000000001c300000 JavaThread "jar transforms Thread 50" [_thread_blocked, id=2052, stack(0x0000000024190000,0x0000000024290000)]
  0x000000001c301800 JavaThread "jar transforms Thread 49" [_thread_blocked, id=3864, stack(0x0000000024090000,0x0000000024190000)]
  0x000000001c2ff800 JavaThread "jar transforms Thread 48" [_thread_blocked, id=1092, stack(0x0000000023f90000,0x0000000024090000)]
  0x000000001c301000 JavaThread "jar transforms Thread 47" [_thread_blocked, id=4424, stack(0x0000000023e90000,0x0000000023f90000)]
  0x000000001c2f7000 JavaThread "jar transforms Thread 46" [_thread_blocked, id=10872, stack(0x0000000023d90000,0x0000000023e90000)]
  0x000000001c2fd000 JavaThread "jar transforms Thread 45" [_thread_blocked, id=13096, stack(0x0000000023c90000,0x0000000023d90000)]
  0x000000001c2fe000 JavaThread "jar transforms Thread 44" [_thread_blocked, id=10904, stack(0x0000000021f10000,0x0000000022010000)]
  0x000000001c2fc800 JavaThread "jar transforms Thread 43" [_thread_blocked, id=6832, stack(0x0000000023a40000,0x0000000023b40000)]
  0x000000001c2f8000 JavaThread "jar transforms Thread 42" [_thread_blocked, id=9260, stack(0x0000000023940000,0x0000000023a40000)]
  0x000000001c2f8800 JavaThread "jar transforms Thread 41" [_thread_blocked, id=8000, stack(0x0000000023840000,0x0000000023940000)]
  0x000000001c2fb800 JavaThread "jar transforms Thread 40" [_thread_blocked, id=3160, stack(0x0000000023740000,0x0000000023840000)]
  0x000000001c2f5000 JavaThread "jar transforms Thread 39" [_thread_blocked, id=7092, stack(0x0000000023640000,0x0000000023740000)]
  0x000000001c2fb000 JavaThread "jar transforms Thread 38" [_thread_blocked, id=12916, stack(0x0000000023540000,0x0000000023640000)]
  0x000000001c2f6800 JavaThread "jar transforms Thread 37" [_thread_blocked, id=6900, stack(0x0000000023440000,0x0000000023540000)]
  0x000000001c2f9800 JavaThread "jar transforms Thread 36" [_thread_blocked, id=2200, stack(0x0000000023340000,0x0000000023440000)]
  0x000000001c2fa000 JavaThread "jar transforms Thread 35" [_thread_blocked, id=6176, stack(0x0000000023240000,0x0000000023340000)]
  0x000000001c2f5800 JavaThread "jar transforms Thread 34" [_thread_blocked, id=2140, stack(0x0000000023140000,0x0000000023240000)]
  0x000000001a32a800 JavaThread "jar transforms Thread 33" [_thread_blocked, id=12840, stack(0x0000000023040000,0x0000000023140000)]
  0x000000001a329800 JavaThread "jar transforms Thread 32" [_thread_blocked, id=3908, stack(0x0000000022f40000,0x0000000023040000)]
  0x000000001a329000 JavaThread "jar transforms Thread 31" [_thread_blocked, id=9384, stack(0x0000000022e40000,0x0000000022f40000)]
  0x000000001a328000 JavaThread "jar transforms Thread 30" [_thread_blocked, id=11580, stack(0x0000000022d40000,0x0000000022e40000)]
  0x000000001a326800 JavaThread "jar transforms Thread 29" [_thread_blocked, id=7064, stack(0x0000000022c40000,0x0000000022d40000)]
  0x000000001a325000 JavaThread "jar transforms Thread 28" [_thread_blocked, id=7516, stack(0x0000000022b40000,0x0000000022c40000)]
  0x000000001a327800 JavaThread "jar transforms Thread 27" [_thread_blocked, id=9896, stack(0x0000000022a40000,0x0000000022b40000)]
  0x000000001a324800 JavaThread "jar transforms Thread 26" [_thread_blocked, id=9600, stack(0x0000000022940000,0x0000000022a40000)]
  0x000000001a323000 JavaThread "jar transforms Thread 25" [_thread_blocked, id=12244, stack(0x0000000022840000,0x0000000022940000)]
  0x000000001a320800 JavaThread "jar transforms Thread 24" [_thread_blocked, id=12820, stack(0x0000000022740000,0x0000000022840000)]
  0x000000001a321800 JavaThread "jar transforms Thread 23" [_thread_blocked, id=9168, stack(0x0000000022640000,0x0000000022740000)]
  0x000000001a326000 JavaThread "jar transforms Thread 22" [_thread_blocked, id=2576, stack(0x0000000022540000,0x0000000022640000)]
  0x000000001a323800 JavaThread "jar transforms Thread 21" [_thread_blocked, id=5684, stack(0x0000000022440000,0x0000000022540000)]
  0x000000001a31c000 JavaThread "jar transforms Thread 20" [_thread_blocked, id=3820, stack(0x0000000022340000,0x0000000022440000)]
  0x000000001a31b800 JavaThread "jar transforms Thread 19" [_thread_blocked, id=11256, stack(0x0000000022240000,0x0000000022340000)]
  0x000000001a320000 JavaThread "jar transforms Thread 18" [_thread_blocked, id=4012, stack(0x0000000022140000,0x0000000022240000)]
  0x000000001a31f000 JavaThread "jar transforms Thread 17" [_thread_blocked, id=9864, stack(0x0000000022040000,0x0000000022140000)]
  0x000000001a322000 JavaThread "jar transforms Thread 16" [_thread_blocked, id=8320, stack(0x0000000021e10000,0x0000000021f10000)]
  0x000000001a31e800 JavaThread "jar transforms Thread 15" [_thread_blocked, id=8920, stack(0x0000000021d10000,0x0000000021e10000)]
  0x000000001a31d000 JavaThread "jar transforms Thread 14" [_thread_blocked, id=8020, stack(0x0000000021c10000,0x0000000021d10000)]
  0x000000001a31d800 JavaThread "jar transforms Thread 13" [_thread_blocked, id=10524, stack(0x0000000021b10000,0x0000000021c10000)]
  0x000000001a160800 JavaThread "jar transforms Thread 12" [_thread_blocked, id=980, stack(0x0000000021a10000,0x0000000021b10000)]
  0x000000001a15f800 JavaThread "jar transforms Thread 11" [_thread_blocked, id=32, stack(0x0000000021910000,0x0000000021a10000)]
  0x000000001a161000 JavaThread "jar transforms Thread 10" [_thread_blocked, id=3068, stack(0x0000000021810000,0x0000000021910000)]
  0x000000001a15f000 JavaThread "jar transforms Thread 9" [_thread_blocked, id=12136, stack(0x0000000021710000,0x0000000021810000)]
  0x000000001a15e000 JavaThread "jar transforms Thread 8" [_thread_blocked, id=11784, stack(0x0000000021610000,0x0000000021710000)]
  0x000000001a156800 JavaThread "jar transforms Thread 7" [_thread_blocked, id=11496, stack(0x0000000021510000,0x0000000021610000)]
  0x000000001a15d800 JavaThread "jar transforms Thread 6" [_thread_blocked, id=4784, stack(0x0000000021410000,0x0000000021510000)]
  0x000000001a15c800 JavaThread "jar transforms Thread 5" [_thread_blocked, id=9272, stack(0x0000000021310000,0x0000000021410000)]
  0x000000001a15c000 JavaThread "jar transforms Thread 4" [_thread_blocked, id=116, stack(0x0000000021210000,0x0000000021310000)]
  0x000000001a15b000 JavaThread "jar transforms Thread 3" [_thread_blocked, id=2460, stack(0x0000000021110000,0x0000000021210000)]
  0x000000001a155800 JavaThread "jar transforms Thread 2" [_thread_blocked, id=248, stack(0x0000000021010000,0x0000000021110000)]
  0x000000001a15a800 JavaThread "Build operations Thread 4" [_thread_blocked, id=1588, stack(0x0000000020f10000,0x0000000021010000)]
  0x000000001a157000 JavaThread "Build operations Thread 3" [_thread_blocked, id=5076, stack(0x0000000020e10000,0x0000000020f10000)]
  0x000000001a152800 JavaThread "Build operations Thread 2" [_thread_blocked, id=12112, stack(0x0000000020d10000,0x0000000020e10000)]
  0x000000001a159800 JavaThread "Build operations" [_thread_blocked, id=10924, stack(0x0000000020c10000,0x0000000020d10000)]
  0x000000001a158000 JavaThread "Cache worker for Build Output Cleanup Cache (C:\Users\Jason\Desktop\virtuallearningapp\android\.gradle\buildOutputCleanup)" [_thread_blocked, id=10352, stack(0x0000000020700000,0x0000000020800000)]
  0x00000000188c7000 JavaThread "Cache worker for file content cache (C:\Users\Jason\.gradle\caches\6.7\fileContent)" [_thread_blocked, id=11480, stack(0x0000000020200000,0x0000000020300000)]
  0x00000000188c3000 JavaThread "jar transforms" [_thread_blocked, id=13300, stack(0x0000000020100000,0x0000000020200000)]
  0x00000000188c6000 JavaThread "Cache worker for execution history cache (C:\Users\Jason\.gradle\caches\6.7\executionHistory)" [_thread_blocked, id=4688, stack(0x000000001fa00000,0x000000001fb00000)]
  0x00000000188c5800 JavaThread "Cache worker for cache directory md-rule (C:\Users\Jason\.gradle\caches\6.7\md-rule)" [_thread_blocked, id=10680, stack(0x000000001f900000,0x000000001fa00000)]
  0x00000000188ca000 JavaThread "Cache worker for cache directory md-supplier (C:\Users\Jason\.gradle\caches\6.7\md-supplier)" [_thread_blocked, id=2440, stack(0x000000001f800000,0x000000001f900000)]
  0x00000000188c8800 JavaThread "Cache worker for checksums cache (C:\Users\Jason\Desktop\virtuallearningapp\android\.gradle\checksums)" [_thread_blocked, id=3176, stack(0x000000001e470000,0x000000001e570000)]
  0x00000000188c9000 JavaThread "Cache worker for file hash cache (C:\Users\Jason\Desktop\virtuallearningapp\android\.gradle\6.7\fileHashes)" [_thread_blocked, id=11836, stack(0x000000001e370000,0x000000001e470000)]
  0x00000000188c4800 JavaThread "Cache worker for journal cache (C:\Users\Jason\.gradle\caches\journal-1)" [_thread_blocked, id=3852, stack(0x000000001de70000,0x000000001df70000)]
  0x00000000188c4000 JavaThread "File lock request listener" [_thread_in_native, id=10764, stack(0x000000001bdd0000,0x000000001bed0000)]
  0x0000000017893800 JavaThread "Cache worker for file hash cache (C:\Users\Jason\.gradle\caches\6.7\fileHashes)" [_thread_blocked, id=13212, stack(0x000000001bbd0000,0x000000001bcd0000)]
  0x0000000019779000 JavaThread "Thread-9" [_thread_blocked, id=6532, stack(0x000000001b8d0000,0x000000001b9d0000)]
  0x00000000183f5000 JavaThread "Stdin handler" [_thread_blocked, id=2736, stack(0x000000001b7d0000,0x000000001b8d0000)]
  0x000000001848c800 JavaThread "Asynchronous log dispatcher for DefaultDaemonConnection: socket connection from /127.0.0.1:53517 to /127.0.0.1:53518" [_thread_blocked, id=9076, stack(0x000000001b6d0000,0x000000001b7d0000)]
  0x00000000186aa000 JavaThread "Daemon worker" [_thread_in_vm, id=1984, stack(0x000000001b5d0000,0x000000001b6d0000)]
  0x0000000018ee2000 JavaThread "Cancel handler" [_thread_blocked, id=11392, stack(0x000000001b4d0000,0x000000001b5d0000)]
  0x00000000186b0000 JavaThread "Handler for socket connection from /127.0.0.1:53517 to /127.0.0.1:53518" [_thread_in_native, id=8524, stack(0x000000001b3d0000,0x000000001b4d0000)]
  0x00000000177c9800 JavaThread "Daemon" [_thread_blocked, id=5348, stack(0x000000001b0d0000,0x000000001b1d0000)]
  0x00000000186ad800 JavaThread "Daemon periodic checks" [_thread_blocked, id=13128, stack(0x000000001afd0000,0x000000001b0d0000)]
  0x0000000017dd8000 JavaThread "Incoming local TCP Connector on port 53517" [_thread_in_native, id=1592, stack(0x000000001ad90000,0x000000001ae90000)]
  0x00000000193cf800 JavaThread "Daemon health stats" [_thread_blocked, id=10916, stack(0x000000001a550000,0x000000001a650000)]
  0x0000000015e9e800 JavaThread "Service Thread" daemon [_thread_blocked, id=10772, stack(0x0000000017bb0000,0x0000000017cb0000)]
  0x0000000015e9a800 JavaThread "C1 CompilerThread2" daemon [_thread_blocked, id=13184, stack(0x0000000017ab0000,0x0000000017bb0000)]
  0x0000000015e45000 JavaThread "C2 CompilerThread1" daemon [_thread_in_native, id=12792, stack(0x00000000175b0000,0x00000000176b0000)]
=>0x0000000015e42000 JavaThread "C2 CompilerThread0" daemon [_thread_in_native, id=9348, stack(0x00000000174b0000,0x00000000175b0000)]
  0x0000000015e40800 JavaThread "Attach Listener" daemon [_thread_blocked, id=11660, stack(0x00000000173b0000,0x00000000174b0000)]
  0x0000000015e3d800 JavaThread "Signal Dispatcher" daemon [_thread_blocked, id=8692, stack(0x00000000172b0000,0x00000000173b0000)]
  0x00000000024cd800 JavaThread "Finalizer" daemon [_thread_blocked, id=12060, stack(0x00000000170b0000,0x00000000171b0000)]
  0x0000000015e29000 JavaThread "Reference Handler" daemon [_thread_blocked, id=9288, stack(0x0000000016fb0000,0x00000000170b0000)]
  0x00000000023d2800 JavaThread "main" [_thread_blocked, id=3412, stack(0x00000000022d0000,0x00000000023d0000)]

Other Threads:
  0x0000000015e08800 VMThread [stack: 0x0000000016eb0000,0x0000000016fb0000] [id=3288]
  0x00000000176c2800 WatcherThread [stack: 0x0000000017cb0000,0x0000000017db0000] [id=976]

VM state:not at safepoint (normal execution)

VM Mutex/Monitor currently owned by a thread: None

heap address: 0x00000000a0000000, size: 1536 MB, Compressed Oops mode: 32-bit
Narrow klass base: 0x0000000000000000, Narrow klass shift: 3
Compressed class space size: 1073741824 Address: 0x0000000100000000

Heap:
 PSYoungGen      total 202240K, used 84158K [0x00000000e0000000, 0x00000000ed980000, 0x0000000100000000)
  eden space 188928K, 37% used [0x00000000e0000000,0x00000000e4537108,0x00000000eb880000)
  from space 13312K, 99% used [0x00000000ec900000,0x00000000ed5f8a98,0x00000000ed600000)
  to   space 16896K, 0% used [0x00000000eb880000,0x00000000eb880000,0x00000000ec900000)
 ParOldGen       total 92672K, used 23983K [0x00000000a0000000, 0x00000000a5a80000, 0x00000000e0000000)
  object space 92672K, 25% used [0x00000000a0000000,0x00000000a176bce0,0x00000000a5a80000)
 Metaspace       used 52597K, capacity 54878K, committed 55168K, reserved 1097728K
  class space    used 7017K, capacity 7475K, committed 7552K, reserved 1048576K

Card table byte_map: [0x0000000011890000,0x0000000011ba0000] byte_map_base: 0x0000000011390000

Marking Bits: (ParMarkBitMap*) 0x0000000053709f30
 Begin Bits: [0x00000000121a0000, 0x00000000139a0000)
 End Bits:   [0x00000000139a0000, 0x00000000151a0000)

Polling page: 0x00000000006c0000

CodeCache: size=245760Kb used=17777Kb max_used=17777Kb free=227983Kb
 bounds [0x00000000024d0000, 0x0000000003640000, 0x00000000114d0000]
 total_blobs=5958 nmethods=5184 adapters=686
 compilation: enabled

Compilation events (10 events):
Event: 26.672 Thread 0x0000000015e45000 nmethod 5622 0x0000000003611950 code [0x0000000003611ac0, 0x0000000003611fe8]
Event: 26.672 Thread 0x0000000015e45000 5627 %     4       groovy.lang.MetaClassImpl::inheritInterfaceNewMetaMethods @ 104 (199 bytes)
Event: 26.678 Thread 0x0000000015e9a800 5628       3       java.beans.Introspector::getTargetEventInfo (1082 bytes)
Event: 26.692 Thread 0x0000000015e9a800 nmethod 5628 0x0000000003628510 code [0x00000000036291e0, 0x0000000003633118]
Event: 26.692 Thread 0x0000000015e9a800 5629   !   3       java.beans.Introspector::getTargetPropertyInfo (582 bytes)
Event: 26.697 Thread 0x0000000015e9a800 nmethod 5629 0x000000000363a410 code [0x000000000363a920, 0x000000000363e4b8]
Event: 26.697 Thread 0x0000000015e9a800 5630       3       org.codehaus.groovy.classgen.asm.BytecodeHelper::getClassInternalName (9 bytes)
Event: 26.697 Thread 0x0000000015e9a800 nmethod 5630 0x0000000003612850 code [0x00000000036129c0, 0x0000000003612bc8]
Event: 26.697 Thread 0x0000000015e9a800 5631       1       groovyjarjarasm.asm.MethodWriter::hasAsmInstructions (5 bytes)
Event: 26.697 Thread 0x0000000015e9a800 nmethod 5631 0x000000000359e150 code [0x000000000359e2a0, 0x000000000359e3b0]

GC Heap History (10 events):
Event: 13.043 GC heap before
{Heap before GC invocations=8 (full 1):
 PSYoungGen      total 92672K, used 81920K [0x00000000e0000000, 0x00000000e6600000, 0x0000000100000000)
  eden space 81920K, 100% used [0x00000000e0000000,0x00000000e5000000,0x00000000e5000000)
  from space 10752K, 0% used [0x00000000e5b80000,0x00000000e5b80000,0x00000000e6600000)
  to   space 11264K, 0% used [0x00000000e5000000,0x00000000e5000000,0x00000000e5b00000)
 ParOldGen       total 60928K, used 7527K [0x00000000a0000000, 0x00000000a3b80000, 0x00000000e0000000)
  object space 60928K, 12% used [0x00000000a0000000,0x00000000a0759c40,0x00000000a3b80000)
 Metaspace       used 30082K, capacity 30964K, committed 31232K, reserved 1077248K
  class space    used 4106K, capacity 4332K, committed 4352K, reserved 1048576K
Event: 13.060 GC heap after
Heap after GC invocations=8 (full 1):
 PSYoungGen      total 93184K, used 10026K [0x00000000e0000000, 0x00000000ea500000, 0x0000000100000000)
  eden space 81920K, 0% used [0x00000000e0000000,0x00000000e0000000,0x00000000e5000000)
  from space 11264K, 89% used [0x00000000e5000000,0x00000000e59caa70,0x00000000e5b00000)
  to   space 12288K, 0% used [0x00000000e9900000,0x00000000e9900000,0x00000000ea500000)
 ParOldGen       total 60928K, used 7535K [0x00000000a0000000, 0x00000000a3b80000, 0x00000000e0000000)
  object space 60928K, 12% used [0x00000000a0000000,0x00000000a075bc40,0x00000000a3b80000)
 Metaspace       used 30082K, capacity 30964K, committed 31232K, reserved 1077248K
  class space    used 4106K, capacity 4332K, committed 4352K, reserved 1048576K
}
Event: 15.819 GC heap before
{Heap before GC invocations=9 (full 1):
 PSYoungGen      total 93184K, used 90542K [0x00000000e0000000, 0x00000000ea500000, 0x0000000100000000)
  eden space 81920K, 98% used [0x00000000e0000000,0x00000000e4ea1148,0x00000000e5000000)
  from space 11264K, 89% used [0x00000000e5000000,0x00000000e59caa70,0x00000000e5b00000)
  to   space 12288K, 0% used [0x00000000e9900000,0x00000000e9900000,0x00000000ea500000)
 ParOldGen       total 60928K, used 7535K [0x00000000a0000000, 0x00000000a3b80000, 0x00000000e0000000)
  object space 60928K, 12% used [0x00000000a0000000,0x00000000a075bc40,0x00000000a3b80000)
 Metaspace       used 34321K, capacity 35390K, committed 35456K, reserved 1079296K
  class space    used 4695K, capacity 4964K, committed 4992K, reserved 1048576K
Event: 15.883 GC heap after
Heap after GC invocations=9 (full 1):
 PSYoungGen      total 155648K, used 11576K [0x00000000e0000000, 0x00000000ea780000, 0x0000000100000000)
  eden space 143360K, 0% used [0x00000000e0000000,0x00000000e0000000,0x00000000e8c00000)
  from space 12288K, 94% used [0x00000000e9900000,0x00000000ea44e018,0x00000000ea500000)
  to   space 13312K, 0% used [0x00000000e8c00000,0x00000000e8c00000,0x00000000e9900000)
 ParOldGen       total 60928K, used 7543K [0x00000000a0000000, 0x00000000a3b80000, 0x00000000e0000000)
  object space 60928K, 12% used [0x00000000a0000000,0x00000000a075dc40,0x00000000a3b80000)
 Metaspace       used 34321K, capacity 35390K, committed 35456K, reserved 1079296K
  class space    used 4695K, capacity 4964K, committed 4992K, reserved 1048576K
}
Event: 15.883 GC heap before
{Heap before GC invocations=10 (full 2):
 PSYoungGen      total 155648K, used 11576K [0x00000000e0000000, 0x00000000ea780000, 0x0000000100000000)
  eden space 143360K, 0% used [0x00000000e0000000,0x00000000e0000000,0x00000000e8c00000)
  from space 12288K, 94% used [0x00000000e9900000,0x00000000ea44e018,0x00000000ea500000)
  to   space 13312K, 0% used [0x00000000e8c00000,0x00000000e8c00000,0x00000000e9900000)
 ParOldGen       total 60928K, used 7543K [0x00000000a0000000, 0x00000000a3b80000, 0x00000000e0000000)
  object space 60928K, 12% used [0x00000000a0000000,0x00000000a075dc40,0x00000000a3b80000)
 Metaspace       used 34321K, capacity 35390K, committed 35456K, reserved 1079296K
  class space    used 4695K, capacity 4964K, committed 4992K, reserved 1048576K
Event: 16.009 GC heap after
Heap after GC invocations=10 (full 2):
 PSYoungGen      total 155648K, used 0K [0x00000000e0000000, 0x00000000ea780000, 0x0000000100000000)
  eden space 143360K, 0% used [0x00000000e0000000,0x00000000e0000000,0x00000000e8c00000)
  from space 12288K, 0% used [0x00000000e9900000,0x00000000e9900000,0x00000000ea500000)
  to   space 13312K, 0% used [0x00000000e8c00000,0x00000000e8c00000,0x00000000e9900000)
 ParOldGen       total 92672K, used 18251K [0x00000000a0000000, 0x00000000a5a80000, 0x00000000e0000000)
  object space 92672K, 19% used [0x00000000a0000000,0x00000000a11d2d90,0x00000000a5a80000)
 Metaspace       used 34321K, capacity 35390K, committed 35456K, reserved 1079296K
  class space    used 4695K, capacity 4964K, committed 4992K, reserved 1048576K
}
Event: 20.176 GC heap before
{Heap before GC invocations=11 (full 2):
 PSYoungGen      total 155648K, used 143360K [0x00000000e0000000, 0x00000000ea780000, 0x0000000100000000)
  eden space 143360K, 100% used [0x00000000e0000000,0x00000000e8c00000,0x00000000e8c00000)
  from space 12288K, 0% used [0x00000000e9900000,0x00000000e9900000,0x00000000ea500000)
  to   space 13312K, 0% used [0x00000000e8c00000,0x00000000e8c00000,0x00000000e9900000)
 ParOldGen       total 92672K, used 18251K [0x00000000a0000000, 0x00000000a5a80000, 0x00000000e0000000)
  object space 92672K, 19% used [0x00000000a0000000,0x00000000a11d2d90,0x00000000a5a80000)
 Metaspace       used 40064K, capacity 41830K, committed 41984K, reserved 1085440K
  class space    used 5470K, capacity 5864K, committed 5888K, reserved 1048576K
Event: 20.239 GC heap after
Heap after GC invocations=11 (full 2):
 PSYoungGen      total 156672K, used 9056K [0x00000000e0000000, 0x00000000ed600000, 0x0000000100000000)
  eden space 143360K, 0% used [0x00000000e0000000,0x00000000e0000000,0x00000000e8c00000)
  from space 13312K, 68% used [0x00000000e8c00000,0x00000000e94d82b8,0x00000000e9900000)
  to   space 13312K, 0% used [0x00000000ec900000,0x00000000ec900000,0x00000000ed600000)
 ParOldGen       total 92672K, used 18259K [0x00000000a0000000, 0x00000000a5a80000, 0x00000000e0000000)
  object space 92672K, 19% used [0x00000000a0000000,0x00000000a11d4d90,0x00000000a5a80000)
 Metaspace       used 40064K, capacity 41830K, committed 41984K, reserved 1085440K
  class space    used 5470K, capacity 5864K, committed 5888K, reserved 1048576K
}
Event: 24.935 GC heap before
{Heap before GC invocations=12 (full 2):
 PSYoungGen      total 156672K, used 152416K [0x00000000e0000000, 0x00000000ed600000, 0x0000000100000000)
  eden space 143360K, 100% used [0x00000000e0000000,0x00000000e8c00000,0x00000000e8c00000)
  from space 13312K, 68% used [0x00000000e8c00000,0x00000000e94d82b8,0x00000000e9900000)
  to   space 13312K, 0% used [0x00000000ec900000,0x00000000ec900000,0x00000000ed600000)
 ParOldGen       total 92672K, used 18259K [0x00000000a0000000, 0x00000000a5a80000, 0x00000000e0000000)
  object space 92672K, 19% used [0x00000000a0000000,0x00000000a11d4d90,0x00000000a5a80000)
 Metaspace       used 51761K, capacity 53830K, committed 54016K, reserved 1095680K
  class space    used 6893K, capacity 7327K, committed 7424K, reserved 1048576K
Event: 24.966 GC heap after
Heap after GC invocations=12 (full 2):
 PSYoungGen      total 202240K, used 13282K [0x00000000e0000000, 0x00000000ed980000, 0x0000000100000000)
  eden space 188928K, 0% used [0x00000000e0000000,0x00000000e0000000,0x00000000eb880000)
  from space 13312K, 99% used [0x00000000ec900000,0x00000000ed5f8a98,0x00000000ed600000)
  to   space 16896K, 0% used [0x00000000eb880000,0x00000000eb880000,0x00000000ec900000)
 ParOldGen       total 92672K, used 23983K [0x00000000a0000000, 0x00000000a5a80000, 0x00000000e0000000)
  object space 92672K, 25% used [0x00000000a0000000,0x00000000a176bce0,0x00000000a5a80000)
 Metaspace       used 51761K, capacity 53830K, committed 54016K, reserved 1095680K
  class space    used 6893K, capacity 7327K, committed 7424K, reserved 1048576K
}

Deoptimization events (10 events):
Event: 24.035 Thread 0x00000000186aa000 Uncommon trap: reason=unstable_if action=reinterpret pc=0x0000000002e2eff4 method=groovy.lang.MetaClassImpl$1MOPIter.methodNameAction(Ljava/lang/Class;Lorg/codehaus/groovy/runtime/metaclass/MetaMethodIndex$Entry;)V @ 182
Event: 24.461 Thread 0x00000000186aa000 Uncommon trap: reason=unstable_if action=reinterpret pc=0x00000000028b7464 method=java.lang.String.lastIndexOf([CII[CIII)I @ 17
Event: 24.461 Thread 0x00000000186aa000 Uncommon trap: reason=unstable_if action=reinterpret pc=0x0000000002bcd01c method=sun.net.www.protocol.jar.Handler.parseURL(Ljava/net/URL;Ljava/lang/String;II)V @ 94
Event: 24.494 Thread 0x00000000186aa000 Uncommon trap: reason=unstable_if action=reinterpret pc=0x00000000028f9728 method=java.util.concurrent.ConcurrentHashMap.putVal(Ljava/lang/Object;Ljava/lang/Object;Z)Ljava/lang/Object; @ 195
Event: 24.928 Thread 0x00000000186aa000 Uncommon trap: reason=unstable_if action=reinterpret pc=0x0000000003116a34 method=org.gradle.internal.snapshot.VfsRelativePath.hasPrefix(Ljava/lang/String;Lorg/gradle/internal/snapshot/CaseSensitivity;)Z @ 90
Event: 25.204 Thread 0x00000000186aa000 Uncommon trap: reason=unstable_if action=reinterpret pc=0x0000000003467624 method=org.codehaus.groovy.runtime.metaclass.MetaMethodIndex.copyNonPrivateNonNewMetaMethods(Lorg/codehaus/groovy/runtime/metaclass/MetaMethodIndex$Entry;Lorg/codehaus/groovy/runti
Event: 25.213 Thread 0x00000000186aa000 Uncommon trap: reason=unstable_if action=reinterpret pc=0x0000000002b0cd08 method=groovy.lang.MetaClassImpl.filterPropertyMethod(Ljava/lang/Object;ZZ)Ljava/lang/Object; @ 72
Event: 25.999 Thread 0x00000000186aa000 Uncommon trap: reason=bimorphic action=maybe_recompile pc=0x000000000353033c method=org.codehaus.groovy.runtime.metaclass.MetaMethodIndex.addMethodToList(Ljava/lang/Object;Lgroovy/lang/MetaMethod;)Ljava/lang/Object; @ 96
Event: 26.000 Thread 0x00000000186aa000 Uncommon trap: reason=unstable_if action=reinterpret pc=0x00000000035302e4 method=org.codehaus.groovy.runtime.metaclass.MetaMethodIndex.addMethodToList(Ljava/lang/Object;Lgroovy/lang/MetaMethod;)Ljava/lang/Object; @ 55
Event: 26.103 Thread 0x00000000186aa000 Uncommon trap: reason=unstable_if action=reinterpret pc=0x00000000029db778 method=sun.misc.URLClassPath$JarLoader.getResource(Ljava/lang/String;ZLjava/util/Set;)Lsun/misc/Resource; @ 17

Classes redefined (0 events):
No events

Internal exceptions (10 events):
Event: 26.441 Thread 0x00000000186aa000 Exception <a 'java/lang/ClassNotFoundException': com/android/builder/internal/BaseConfigImplCustomizer> (0x00000000e39ca8b8) thrown at [D:\src\AOSP-openjdk-cygwin\jdk8u\hotspot\src\share\vm\classfile\systemDictionary.cpp, line 210]
Event: 26.444 Thread 0x00000000186aa000 Exception <a 'java/lang/ClassNotFoundException': com/android/builder/core/AbstractBuildTypeCustomizer> (0x00000000e3a1f118) thrown at [D:\src\AOSP-openjdk-cygwin\jdk8u\hotspot\src\share\vm\classfile\systemDictionary.cpp, line 210]
Event: 26.448 Thread 0x00000000186aa000 Exception <a 'java/lang/ClassNotFoundException': com/android/build/gradle/internal/dsl/BuildTypeCustomizer> (0x00000000e3a6bed0) thrown at [D:\src\AOSP-openjdk-cygwin\jdk8u\hotspot\src\share\vm\classfile\systemDictionary.cpp, line 210]
Event: 26.454 Thread 0x00000000186aa000 Exception <a 'java/lang/ClassNotFoundException': com/android/build/gradle/internal/dsl/BuildType_DecoratedCustomizer> (0x00000000e3b42290) thrown at [D:\src\AOSP-openjdk-cygwin\jdk8u\hotspot\src\share\vm\classfile\systemDictionary.cpp, line 210]
Event: 26.673 Thread 0x00000000186aa000 Exception <a 'java/lang/ClassNotFoundException': org/gradle/api/internal/artifacts/configurations/DefaultConfigurationContainer_DecoratedBeanInfo> (0x00000000e40254a8) thrown at [D:\src\AOSP-openjdk-cygwin\jdk8u\hotspot\src\share\vm\classfile\systemDictio
Event: 26.675 Thread 0x00000000186aa000 Exception <a 'java/lang/ClassNotFoundException': org/gradle/api/internal/artifacts/configurations/DefaultConfigurationContainerBeanInfo> (0x00000000e409c8c0) thrown at [D:\src\AOSP-openjdk-cygwin\jdk8u\hotspot\src\share\vm\classfile\systemDictionary.cpp, 
Event: 26.676 Thread 0x00000000186aa000 Exception <a 'java/lang/ClassNotFoundException': org/gradle/api/internal/AbstractValidatingNamedDomainObjectContainerBeanInfo> (0x00000000e40f30f8) thrown at [D:\src\AOSP-openjdk-cygwin\jdk8u\hotspot\src\share\vm\classfile\systemDictionary.cpp, line 210]
Event: 26.678 Thread 0x00000000186aa000 Exception <a 'java/lang/ClassNotFoundException': org/gradle/api/internal/AbstractValidatingNamedDomainObjectContainerCustomizer> (0x00000000e414a680) thrown at [D:\src\AOSP-openjdk-cygwin\jdk8u\hotspot\src\share\vm\classfile\systemDictionary.cpp, line 210
Event: 26.681 Thread 0x00000000186aa000 Exception <a 'java/lang/ClassNotFoundException': org/gradle/api/internal/artifacts/configurations/DefaultConfigurationContainerCustomizer> (0x00000000e41d18e8) thrown at [D:\src\AOSP-openjdk-cygwin\jdk8u\hotspot\src\share\vm\classfile\systemDictionary.cpp
Event: 26.684 Thread 0x00000000186aa000 Exception <a 'java/lang/ClassNotFoundException': org/gradle/api/internal/artifacts/configurations/DefaultConfigurationContainer_DecoratedCustomizer> (0x00000000e426be28) thrown at [D:\src\AOSP-openjdk-cygwin\jdk8u\hotspot\src\share\vm\classfile\systemDict

Events (10 events):
Event: 26.682 loading class org/gradle/api/internal/artifacts/configurations/DefaultConfigurationContainer_DecoratedCustomizer
Event: 26.682 loading class org/gradle/api/internal/artifacts/configurations/DefaultConfigurationContainer_DecoratedCustomizer done
Event: 26.682 loading class org/gradle/api/internal/artifacts/configurations/DefaultConfigurationContainer_DecoratedCustomizer
Event: 26.682 loading class org/gradle/api/internal/artifacts/configurations/DefaultConfigurationContainer_DecoratedCustomizer done
Event: 26.684 loading class org/gradle/api/internal/artifacts/configurations/DefaultConfigurationContainer_DecoratedCustomizer
Event: 26.684 loading class org/gradle/api/internal/artifacts/configurations/DefaultConfigurationContainer_DecoratedCustomizer done
Event: 26.691 loading class groovy/runtime/metaclass/org/gradle/api/internal/artifacts/configurations/DefaultConfiguration_DecoratedMetaClass
Event: 26.691 loading class groovy/runtime/metaclass/org/gradle/api/internal/artifacts/configurations/DefaultConfiguration_DecoratedMetaClass done
Event: 26.697 loading class org/gradle/process/internal/health/memory/JvmMemoryStatusSnapshot
Event: 26.697 loading class org/gradle/process/internal/health/memory/JvmMemoryStatusSnapshot done


Dynamic libraries:
0x00007ff6fce90000 - 0x00007ff6fcec1000 	C:\Program Files\Android\Android Studio\jre\bin\java.exe
0x00007ffcc1300000 - 0x00007ffcc14f0000 	C:\WINDOWS\SYSTEM32\ntdll.dll
0x00007ffcc08a0000 - 0x00007ffcc0952000 	C:\WINDOWS\System32\KERNEL32.DLL
0x00007ffcbf040000 - 0x00007ffcbf2e5000 	C:\WINDOWS\System32\KERNELBASE.dll
0x00007ffcbc3f0000 - 0x00007ffcbc47f000 	C:\WINDOWS\SYSTEM32\apphelp.dll
0x00007ffcbf610000 - 0x00007ffcbf6b3000 	C:\WINDOWS\System32\ADVAPI32.dll
0x00007ffcc0800000 - 0x00007ffcc089e000 	C:\WINDOWS\System32\msvcrt.dll
0x00007ffcbf570000 - 0x00007ffcbf607000 	C:\WINDOWS\System32\sechost.dll
0x00007ffcbf6c0000 - 0x00007ffcbf7e0000 	C:\WINDOWS\System32\RPCRT4.dll
0x00007ffcbff20000 - 0x00007ffcc00b4000 	C:\WINDOWS\System32\USER32.dll
0x00007ffcbe3d0000 - 0x00007ffcbe3f1000 	C:\WINDOWS\System32\win32u.dll
0x00007ffcc03c0000 - 0x00007ffcc03e6000 	C:\WINDOWS\System32\GDI32.dll
0x00007ffcbecf0000 - 0x00007ffcbee86000 	C:\WINDOWS\System32\gdi32full.dll
0x00007ffcbf2f0000 - 0x00007ffcbf38e000 	C:\WINDOWS\System32\msvcp_win.dll
0x00007ffcbe460000 - 0x00007ffcbe55a000 	C:\WINDOWS\System32\ucrtbase.dll
0x00007ffcaefa0000 - 0x00007ffcaf224000 	C:\WINDOWS\WinSxS\amd64_microsoft.windows.common-controls_6595b64144ccf1df_6.0.18362.1198_none_9e820b57e45ad92f\COMCTL32.dll
0x00007ffcc03f0000 - 0x00007ffcc0725000 	C:\WINDOWS\System32\combase.dll
0x00007ffcbee90000 - 0x00007ffcbef10000 	C:\WINDOWS\System32\bcryptPrimitives.dll
0x00007ffcbfef0000 - 0x00007ffcbff1e000 	C:\WINDOWS\System32\IMM32.DLL
0x0000000053790000 - 0x0000000053862000 	C:\Program Files\Android\Android Studio\jre\jre\bin\msvcr100.dll
0x0000000052f40000 - 0x0000000053786000 	C:\Program Files\Android\Android Studio\jre\jre\bin\server\jvm.dll
0x00007ffcbf560000 - 0x00007ffcbf568000 	C:\WINDOWS\System32\PSAPI.DLL
0x00007ffcb5790000 - 0x00007ffcb5799000 	C:\WINDOWS\SYSTEM32\WSOCK32.dll
0x00007ffcc0730000 - 0x00007ffcc079f000 	C:\WINDOWS\System32\WS2_32.dll
0x00007ffcbae00000 - 0x00007ffcbae24000 	C:\WINDOWS\SYSTEM32\WINMM.dll
0x00007ffcb1e00000 - 0x00007ffcb1e0a000 	C:\WINDOWS\SYSTEM32\VERSION.dll
0x00007ffcbadd0000 - 0x00007ffcbadfd000 	C:\WINDOWS\SYSTEM32\WINMMBASE.dll
0x00007ffcbef10000 - 0x00007ffcbef5a000 	C:\WINDOWS\System32\cfgmgr32.dll
0x00007ffcb5780000 - 0x00007ffcb578f000 	C:\Program Files\Android\Android Studio\jre\jre\bin\verify.dll
0x00007ffcb1310000 - 0x00007ffcb1339000 	C:\Program Files\Android\Android Studio\jre\jre\bin\java.dll
0x00007ffcb5760000 - 0x00007ffcb5776000 	C:\Program Files\Android\Android Studio\jre\jre\bin\zip.dll
0x00007ffcc0bb0000 - 0x00007ffcc1297000 	C:\WINDOWS\System32\SHELL32.dll
0x00007ffcbf960000 - 0x00007ffcbfa09000 	C:\WINDOWS\System32\shcore.dll
0x00007ffcbe560000 - 0x00007ffcbece1000 	C:\WINDOWS\System32\windows.storage.dll
0x00007ffcbe1e0000 - 0x00007ffcbe203000 	C:\WINDOWS\System32\profapi.dll
0x00007ffcbe230000 - 0x00007ffcbe27a000 	C:\WINDOWS\System32\powrprof.dll
0x00007ffcbe1b0000 - 0x00007ffcbe1c0000 	C:\WINDOWS\System32\UMPDC.dll
0x00007ffcbfe80000 - 0x00007ffcbfed2000 	C:\WINDOWS\System32\shlwapi.dll
0x00007ffcbe210000 - 0x00007ffcbe221000 	C:\WINDOWS\System32\kernel.appcore.dll
0x00007ffcbf390000 - 0x00007ffcbf3a7000 	C:\WINDOWS\System32\cryptsp.dll
0x00007ffcb1760000 - 0x00007ffcb177a000 	C:\Program Files\Android\Android Studio\jre\jre\bin\net.dll
0x00007ffcbda00000 - 0x00007ffcbda67000 	C:\WINDOWS\system32\mswsock.dll
0x00007ffcb14f0000 - 0x00007ffcb1501000 	C:\Program Files\Android\Android Studio\jre\jre\bin\nio.dll
0x00007ffcb1220000 - 0x00007ffcb1246000 	C:\Users\Jason\.gradle\native\fdc75f09e3144964f2cf3f50f0aa648679c211496f362492102eb8c894070792\windows-amd64\native-platform.dll
0x00007ffc78dc0000 - 0x00007ffc78f51000 	C:\Users\Jason\.gradle\native\12488b8bf47d2d4c9fbf2f6322a914ad602e24e48041cd04a747c6da556b65c4\windows-amd64\native-platform-file-events.dll
0x00007ffcb51c0000 - 0x00007ffcb51cd000 	C:\Program Files\Android\Android Studio\jre\jre\bin\management.dll
0x00007ffcbd570000 - 0x00007ffcbd5a3000 	C:\WINDOWS\system32\rsaenh.dll
0x00007ffcbef60000 - 0x00007ffcbef86000 	C:\WINDOWS\System32\bcrypt.dll
0x00007ffcbe090000 - 0x00007ffcbe0b5000 	C:\WINDOWS\SYSTEM32\USERENV.dll
0x00007ffcbdbd0000 - 0x00007ffcbdbdc000 	C:\WINDOWS\SYSTEM32\CRYPTBASE.dll
0x00007ffcbd710000 - 0x00007ffcbd74a000 	C:\WINDOWS\SYSTEM32\IPHLPAPI.DLL
0x00007ffcbf3b0000 - 0x00007ffcbf3b8000 	C:\WINDOWS\System32\NSI.dll
0x00007ffcb6b00000 - 0x00007ffcb6b16000 	C:\WINDOWS\SYSTEM32\dhcpcsvc6.DLL
0x00007ffcb7c70000 - 0x00007ffcb7c8c000 	C:\WINDOWS\SYSTEM32\dhcpcsvc.DLL
0x00007ffcbd750000 - 0x00007ffcbd81b000 	C:\WINDOWS\SYSTEM32\DNSAPI.dll
0x00007ffcb8850000 - 0x00007ffcb885b000 	C:\WINDOWS\SYSTEM32\WINNSI.DLL

VM Arguments:
jvm_args: -Xmx1536M -Dfile.encoding=windows-1252 -Duser.country=GB -Duser.language=en -Duser.variant 
java_command: org.gradle.launcher.daemon.bootstrap.GradleDaemon 6.7
java_class_path (initial): C:\Users\Jason\.gradle\wrapper\dists\gradle-6.7-all\cuy9mc7upwgwgeb72wkcrupxe\gradle-6.7\lib\gradle-launcher-6.7.jar
Launcher Type: SUN_STANDARD

Environment Variables:
JAVA_HOME=C:\Program Files\Android\Android Studio\jre
CLASSPATH=C:\Users\Jason\Desktop\virtuallearningapp\android\\gradle\wrapper\gradle-wrapper.jar
PATH=C:\Program Files (x86)\Common Files\Intel\Shared Files\cpp\bin\Intel64;C:\Windows\system32;C:\Windows;C:\Windows\System32\Wbem;C:\Windows\System32\WindowsPowerShell\v1.0\;C:\Windows\System32\OpenSSH\;C:\Users\Jason\AppData\Local\Microsoft\WindowsApps;C:\Users\Jason\AppData\Local\Programs\Microsoft VS Code\bin;C:\adb;C:\Program Files\dotnet\;C:\WINDOWS\system32;C:\WINDOWS;C:\WINDOWS\System32\Wbem;C:\WINDOWS\System32\WindowsPowerShell\v1.0\;C:\WINDOWS\System32\OpenSSH\;C:\Program Files\Dart\dart-sdk\bin;C:\Program Files\Microsoft SQL Server\130\Tools\Binn\;C:\Program Files\Microsoft SQL Server\Client SDK\ODBC\170\Tools\Binn\;C:\src\flutter\bin;C:\Program Files (x86)\Microsoft SQL Server\150\Tools\Binn\;C:\Program Files\Microsoft SQL Server\150\Tools\Binn\;C:\Program Files\Microsoft SQL Server\150\DTS\Binn\;C:\Program Files\Java\jdk-14.0.1\bin;C:\OpenSSL-Win64\bin;C:\Program Files\Git\cmd;C:\Program Files\nodejs\;C:\Program Files (x86)\ZeroTier\One\;C:\Users\Jason\.dotnet\tools;C:\Users\Jason\AppData\Local\GitHubDesktop\bin;C:\Users\Jason\AppData\Local\Android\Sdk\platform-tools;C:\Users\Jason\AppData\Roaming\npm;C:\src\flutter\bin\mingit\cmd
USERNAME=Jason
OS=Windows_NT
PROCESSOR_IDENTIFIER=Intel64 Family 6 Model 58 Stepping 9, GenuineIntel



---------------  S Y S T E M  ---------------

OS: Windows 10.0 , 64 bit Build 18362 (10.0.18362.1110)

CPU:total 4 (initial active 4) (2 cores per cpu, 2 threads per core) family 6 model 58 stepping 9, cmov, cx8, fxsr, mmx, sse, sse2, sse3, ssse3, sse4.1, sse4.2, popcnt, avx, aes, clmul, erms, ht, tsc, tscinvbit, tscinv

Memory: 4k page, physical 10362416k(2139116k free), swap 10362416k(5836k free)

vm_info: OpenJDK 64-Bit Server VM (25.202-b03) for windows-amd64 JRE (1.8.0_202-release-1483-b03), built by "builder" with MS VC++ 10.0 (VS2010)

time: Mon Apr 26 16:17:19 2021
timezone: GMT Daylight Time
elapsed time: 26 seconds (0d 0h 0m 26s)

