#
# There is insufficient memory for the Java Runtime Environment to continue.
# Native memory allocation (malloc) failed to allocate 69456 bytes for Chunk::new
# Possible reasons:
#   The system is out of physical RAM or swap space
#   The process is running with CompressedOops enabled, and the Java Heap may be blocking the growth of the native heap
# Possible solutions:
#   Reduce memory load on the system
#   Increase physical memory or swap space
#   Check if swap backing store is full
#   Decrease Java heap size (-Xmx/-Xms)
#   Decrease number of Java threads
#   Decrease Java thread stack sizes (-Xss)
#   Set larger code cache with -XX:ReservedCodeCacheSize=
#   JVM is running with Unscaled Compressed Oops mode in which the Java heap is
#     placed in the first 4GB address space. The Java Heap base address is the
#     maximum limit for the native heap growth. Please use -XX:HeapBaseMinAddress
#     to set the Java Heap base and to place the Java Heap above 4GB virtual address.
# This output file may be truncated or incomplete.
#
#  Out of Memory Error (allocation.cpp:389), pid=8756, tid=0x00000000000006a8
#
# JRE version: OpenJDK Runtime Environment (8.0_202-b03) (build 1.8.0_202-release-1483-b03)
# Java VM: OpenJDK 64-Bit Server VM (25.202-b03 mixed mode windows-amd64 compressed oops)
# Failed to write core dump. Minidumps are not enabled by default on client versions of Windows
#

---------------  T H R E A D  ---------------

Current thread (0x0000000015fa0000):  JavaThread "C2 CompilerThread0" daemon [_thread_in_native, id=1704, stack(0x00000000175f0000,0x00000000176f0000)]

Stack: [0x00000000175f0000,0x00000000176f0000]
[error occurred during error reporting (printing stack bounds), id 0xc0000005]

Native frames: (J=compiled Java code, j=interpreted, Vv=VM code, C=native code)


Current CompileTask:
C2:  33442 8565       4       org.gradle.internal.logging.text.AbstractLineChoppingStyledTextOutput$1::execute (9 bytes)


---------------  P R O C E S S  ---------------

Java Threads: ( => current thread )
  0x000000001e1c8000 JavaThread "Exec process Thread 3" [_thread_in_native, id=12116, stack(0x000000002b790000,0x000000002b890000)]
  0x000000001e1cd800 JavaThread "Exec process Thread 2" [_thread_in_native, id=4400, stack(0x000000002b690000,0x000000002b790000)]
  0x000000001e1cc800 JavaThread "Exec process" [_thread_in_native, id=3216, stack(0x000000002b590000,0x000000002b690000)]
  0x000000001e1ce000 JavaThread "Cache worker for execution history cache (C:\Users\Jason\Desktop\virtuallearningapp\android\.gradle\6.7\executionHistory)" [_thread_blocked, id=10100, stack(0x000000002b490000,0x000000002b590000)]
  0x000000001e1c6800 JavaThread "Execution worker for ':' Thread 3" [_thread_blocked, id=12732, stack(0x000000002b390000,0x000000002b490000)]
  0x000000001e1ca800 JavaThread "Execution worker for ':' Thread 2" [_thread_blocked, id=7756, stack(0x000000002b290000,0x000000002b390000)]
  0x000000001e1cb000 JavaThread "Execution worker for ':'" [_thread_blocked, id=5848, stack(0x00000000294c0000,0x00000000295c0000)]
  0x000000001e265000 JavaThread "Memory manager" [_thread_blocked, id=7928, stack(0x00000000289c0000,0x0000000028ac0000)]
  0x000000001e261800 JavaThread "jar transforms Thread 114" [_thread_blocked, id=5284, stack(0x00000000282c0000,0x00000000283c0000)]
  0x000000001e263800 JavaThread "jar transforms Thread 113" [_thread_blocked, id=12068, stack(0x00000000281c0000,0x00000000282c0000)]
  0x000000001e267800 JavaThread "jar transforms Thread 112" [_thread_blocked, id=548, stack(0x00000000280c0000,0x00000000281c0000)]
  0x000000001e264800 JavaThread "jar transforms Thread 111" [_thread_blocked, id=10780, stack(0x0000000027fc0000,0x00000000280c0000)]
  0x000000001e263000 JavaThread "jar transforms Thread 110" [_thread_blocked, id=12204, stack(0x0000000027ec0000,0x0000000027fc0000)]
  0x000000001e25a800 JavaThread "jar transforms Thread 109" [_thread_blocked, id=1756, stack(0x0000000027dc0000,0x0000000027ec0000)]
  0x000000001e25f000 JavaThread "jar transforms Thread 108" [_thread_blocked, id=11380, stack(0x0000000027cc0000,0x0000000027dc0000)]
  0x000000001e25e800 JavaThread "jar transforms Thread 107" [_thread_blocked, id=9408, stack(0x0000000027bc0000,0x0000000027cc0000)]
  0x000000001e25c000 JavaThread "jar transforms Thread 106" [_thread_blocked, id=2000, stack(0x0000000027ac0000,0x0000000027bc0000)]
  0x000000001e25d800 JavaThread "jar transforms Thread 105" [_thread_blocked, id=5036, stack(0x00000000279c0000,0x0000000027ac0000)]
  0x000000001e25b800 JavaThread "jar transforms Thread 104" [_thread_blocked, id=7912, stack(0x00000000278c0000,0x00000000279c0000)]
  0x000000001e25d000 JavaThread "jar transforms Thread 103" [_thread_blocked, id=9340, stack(0x00000000277c0000,0x00000000278c0000)]
  0x000000001e260800 JavaThread "jar transforms Thread 102" [_thread_blocked, id=2928, stack(0x00000000276c0000,0x00000000277c0000)]
  0x000000001e259000 JavaThread "jar transforms Thread 101" [_thread_blocked, id=10508, stack(0x00000000275c0000,0x00000000276c0000)]
  0x000000001e260000 JavaThread "jar transforms Thread 100" [_thread_blocked, id=12268, stack(0x00000000274c0000,0x00000000275c0000)]
  0x000000001e25a000 JavaThread "jar transforms Thread 99" [_thread_blocked, id=12240, stack(0x00000000273c0000,0x00000000274c0000)]
  0x000000001e258800 JavaThread "jar transforms Thread 98" [_thread_blocked, id=3556, stack(0x00000000272c0000,0x00000000273c0000)]
  0x0000000018d61800 JavaThread "jar transforms Thread 97" [_thread_blocked, id=5828, stack(0x00000000271c0000,0x00000000272c0000)]
  0x0000000018d61000 JavaThread "jar transforms Thread 96" [_thread_blocked, id=2448, stack(0x00000000270c0000,0x00000000271c0000)]
  0x0000000018d62800 JavaThread "jar transforms Thread 95" [_thread_blocked, id=12700, stack(0x0000000026fc0000,0x00000000270c0000)]
  0x0000000018d67000 JavaThread "jar transforms Thread 94" [_thread_blocked, id=1008, stack(0x0000000026ec0000,0x0000000026fc0000)]
  0x0000000018d67800 JavaThread "jar transforms Thread 93" [_thread_blocked, id=9456, stack(0x0000000026dc0000,0x0000000026ec0000)]
  0x0000000018d66000 JavaThread "jar transforms Thread 92" [_thread_blocked, id=5168, stack(0x0000000026cc0000,0x0000000026dc0000)]
  0x0000000018d65800 JavaThread "jar transforms Thread 91" [_thread_blocked, id=8412, stack(0x0000000026bc0000,0x0000000026cc0000)]
  0x0000000018d64000 JavaThread "jar transforms Thread 90" [_thread_blocked, id=1804, stack(0x0000000026ac0000,0x0000000026bc0000)]
  0x0000000018d64800 JavaThread "jar transforms Thread 89" [_thread_blocked, id=11520, stack(0x00000000269c0000,0x0000000026ac0000)]
  0x0000000018d63000 JavaThread "jar transforms Thread 88" [_thread_blocked, id=12400, stack(0x00000000268c0000,0x00000000269c0000)]
  0x0000000018d60000 JavaThread "jar transforms Thread 87" [_thread_blocked, id=2348, stack(0x00000000267c0000,0x00000000268c0000)]
  0x0000000018d58800 JavaThread "jar transforms Thread 86" [_thread_blocked, id=6728, stack(0x00000000266c0000,0x00000000267c0000)]
  0x0000000018d5e000 JavaThread "jar transforms Thread 85" [_thread_blocked, id=3380, stack(0x00000000265c0000,0x00000000266c0000)]
  0x0000000018d5a000 JavaThread "jar transforms Thread 84" [_thread_blocked, id=11148, stack(0x00000000264c0000,0x00000000265c0000)]
  0x0000000018d5b000 JavaThread "jar transforms Thread 83" [_thread_blocked, id=9800, stack(0x00000000263c0000,0x00000000264c0000)]
  0x0000000018d5f800 JavaThread "jar transforms Thread 82" [_thread_blocked, id=8788, stack(0x00000000262c0000,0x00000000263c0000)]
  0x0000000018d5d000 JavaThread "jar transforms Thread 81" [_thread_blocked, id=3412, stack(0x00000000261c0000,0x00000000262c0000)]
  0x0000000018d5e800 JavaThread "jar transforms Thread 80" [_thread_blocked, id=396, stack(0x00000000260c0000,0x00000000261c0000)]
  0x0000000018d5c800 JavaThread "jar transforms Thread 79" [_thread_blocked, id=1832, stack(0x0000000025fc0000,0x00000000260c0000)]
  0x0000000018d59800 JavaThread "jar transforms Thread 78" [_thread_blocked, id=5720, stack(0x0000000025ec0000,0x0000000025fc0000)]
  0x0000000018d5b800 JavaThread "jar transforms Thread 77" [_thread_blocked, id=8548, stack(0x0000000025dc0000,0x0000000025ec0000)]
  0x0000000018b76800 JavaThread "jar transforms Thread 76" [_thread_blocked, id=3196, stack(0x0000000025cc0000,0x0000000025dc0000)]
  0x0000000018b79000 JavaThread "jar transforms Thread 75" [_thread_blocked, id=9940, stack(0x0000000025bc0000,0x0000000025cc0000)]
  0x0000000018b79800 JavaThread "jar transforms Thread 74" [_thread_blocked, id=12052, stack(0x0000000025ac0000,0x0000000025bc0000)]
  0x0000000018b77800 JavaThread "jar transforms Thread 73" [_thread_blocked, id=8244, stack(0x00000000259c0000,0x0000000025ac0000)]
  0x0000000018b76000 JavaThread "jar transforms Thread 72" [_thread_blocked, id=4336, stack(0x00000000258c0000,0x00000000259c0000)]
  0x0000000018b78000 JavaThread "jar transforms Thread 71" [_thread_blocked, id=11948, stack(0x00000000257c0000,0x00000000258c0000)]
  0x0000000018b75000 JavaThread "jar transforms Thread 70" [_thread_blocked, id=9000, stack(0x00000000256c0000,0x00000000257c0000)]
  0x0000000018b74800 JavaThread "jar transforms Thread 69" [_thread_blocked, id=10144, stack(0x00000000255c0000,0x00000000256c0000)]
  0x0000000018b6c800 JavaThread "jar transforms Thread 68" [_thread_blocked, id=8900, stack(0x00000000254c0000,0x00000000255c0000)]
  0x0000000018b73800 JavaThread "jar transforms Thread 67" [_thread_blocked, id=7552, stack(0x00000000253c0000,0x00000000254c0000)]
  0x0000000018b6c000 JavaThread "jar transforms Thread 66" [_thread_blocked, id=10388, stack(0x00000000252c0000,0x00000000253c0000)]
  0x0000000018b73000 JavaThread "jar transforms Thread 65" [_thread_blocked, id=12520, stack(0x00000000251c0000,0x00000000252c0000)]
  0x0000000018b6b000 JavaThread "jar transforms Thread 64" [_thread_blocked, id=13168, stack(0x0000000024fc0000,0x00000000250c0000)]
  0x0000000018b72000 JavaThread "jar transforms Thread 63" [_thread_blocked, id=10596, stack(0x0000000024ec0000,0x0000000024fc0000)]
  0x0000000018b70800 JavaThread "jar transforms Thread 62" [_thread_blocked, id=12728, stack(0x0000000024dc0000,0x0000000024ec0000)]
  0x0000000018b70000 JavaThread "jar transforms Thread 61" [_thread_blocked, id=12180, stack(0x0000000024cc0000,0x0000000024dc0000)]
  0x0000000018b6f000 JavaThread "jar transforms Thread 60" [_thread_blocked, id=484, stack(0x0000000024bc0000,0x0000000024cc0000)]
  0x0000000018b6a800 JavaThread "jar transforms Thread 59" [_thread_blocked, id=12636, stack(0x0000000024ac0000,0x0000000024bc0000)]
  0x0000000018b6d800 JavaThread "jar transforms Thread 58" [_thread_blocked, id=1152, stack(0x00000000249c0000,0x0000000024ac0000)]
  0x0000000018b71800 JavaThread "jar transforms Thread 57" [_thread_blocked, id=12968, stack(0x00000000248c0000,0x00000000249c0000)]
  0x0000000018b6e000 JavaThread "jar transforms Thread 56" [_thread_blocked, id=6256, stack(0x00000000247c0000,0x00000000248c0000)]
  0x000000001e02b000 JavaThread "jar transforms Thread 55" [_thread_blocked, id=4792, stack(0x00000000246c0000,0x00000000247c0000)]
  0x000000001e02e000 JavaThread "jar transforms Thread 54" [_thread_blocked, id=12752, stack(0x00000000245c0000,0x00000000246c0000)]
  0x000000001e026800 JavaThread "jar transforms Thread 53" [_thread_blocked, id=11128, stack(0x00000000244c0000,0x00000000245c0000)]
  0x000000001e028000 JavaThread "jar transforms Thread 52" [_thread_blocked, id=3492, stack(0x00000000243c0000,0x00000000244c0000)]
  0x000000001e029800 JavaThread "jar transforms Thread 51" [_thread_blocked, id=12724, stack(0x00000000242c0000,0x00000000243c0000)]
  0x000000001e02a000 JavaThread "jar transforms Thread 50" [_thread_blocked, id=4836, stack(0x00000000241c0000,0x00000000242c0000)]
  0x000000001e028800 JavaThread "jar transforms Thread 49" [_thread_blocked, id=7064, stack(0x00000000240c0000,0x00000000241c0000)]
  0x000000001e02d000 JavaThread "jar transforms Thread 48" [_thread_blocked, id=13172, stack(0x0000000023fc0000,0x00000000240c0000)]
  0x000000001e02c800 JavaThread "jar transforms Thread 47" [_thread_blocked, id=3432, stack(0x0000000023ec0000,0x0000000023fc0000)]
  0x000000001e027000 JavaThread "jar transforms Thread 46" [_thread_blocked, id=10224, stack(0x0000000023dc0000,0x0000000023ec0000)]
  0x000000001e02b800 JavaThread "jar transforms Thread 45" [_thread_blocked, id=11424, stack(0x0000000023cc0000,0x0000000023dc0000)]
  0x000000001e01f000 JavaThread "jar transforms Thread 44" [_thread_blocked, id=11108, stack(0x0000000023bc0000,0x0000000023cc0000)]
  0x000000001e025000 JavaThread "jar transforms Thread 43" [_thread_blocked, id=1968, stack(0x0000000023ac0000,0x0000000023bc0000)]
  0x000000001e024000 JavaThread "jar transforms Thread 42" [_thread_blocked, id=6440, stack(0x00000000239c0000,0x0000000023ac0000)]
  0x000000001e020800 JavaThread "jar transforms Thread 41" [_thread_blocked, id=10856, stack(0x00000000238c0000,0x00000000239c0000)]
  0x000000001e025800 JavaThread "jar transforms Thread 40" [_thread_blocked, id=9900, stack(0x00000000237c0000,0x00000000238c0000)]
  0x000000001e023800 JavaThread "jar transforms Thread 39" [_thread_blocked, id=12860, stack(0x00000000236c0000,0x00000000237c0000)]
  0x000000001e01f800 JavaThread "jar transforms Thread 38" [_thread_blocked, id=4468, stack(0x00000000235c0000,0x00000000236c0000)]
  0x000000001e022800 JavaThread "jar transforms Thread 37" [_thread_blocked, id=11920, stack(0x00000000234c0000,0x00000000235c0000)]
  0x000000001e022000 JavaThread "jar transforms Thread 36" [_thread_blocked, id=9812, stack(0x00000000233c0000,0x00000000234c0000)]
  0x000000001e021000 JavaThread "jar transforms Thread 35" [_thread_blocked, id=11884, stack(0x00000000232c0000,0x00000000233c0000)]
  0x000000001df5a800 JavaThread "jar transforms Thread 34" [_thread_blocked, id=12568, stack(0x00000000231c0000,0x00000000232c0000)]
  0x000000001df59000 JavaThread "jar transforms Thread 33" [_thread_blocked, id=304, stack(0x00000000230c0000,0x00000000231c0000)]
  0x000000001df5f000 JavaThread "jar transforms Thread 32" [_thread_blocked, id=8960, stack(0x0000000022fc0000,0x00000000230c0000)]
  0x000000001df5e800 JavaThread "jar transforms Thread 31" [_thread_blocked, id=6000, stack(0x0000000022ec0000,0x0000000022fc0000)]
  0x000000001df5c000 JavaThread "jar transforms Thread 30" [_thread_blocked, id=7000, stack(0x0000000022dc0000,0x0000000022ec0000)]
  0x000000001df5d800 JavaThread "jar transforms Thread 29" [_thread_blocked, id=12696, stack(0x0000000022cc0000,0x0000000022dc0000)]
  0x000000001df58800 JavaThread "jar transforms Thread 28" [_thread_blocked, id=10808, stack(0x0000000022bc0000,0x0000000022cc0000)]
  0x000000001df5a000 JavaThread "jar transforms Thread 27" [_thread_blocked, id=3752, stack(0x0000000022ac0000,0x0000000022bc0000)]
  0x000000001df5b800 JavaThread "jar transforms Thread 26" [_thread_blocked, id=12024, stack(0x00000000229c0000,0x0000000022ac0000)]
  0x000000001df5d000 JavaThread "jar transforms Thread 25" [_thread_blocked, id=596, stack(0x00000000228c0000,0x00000000229c0000)]
  0x000000001ecc0800 JavaThread "jar transforms Thread 24" [_thread_blocked, id=6372, stack(0x00000000227c0000,0x00000000228c0000)]
  0x000000001ecbf000 JavaThread "jar transforms Thread 23" [_thread_blocked, id=7588, stack(0x00000000226c0000,0x00000000227c0000)]
  0x000000001ecbe000 JavaThread "jar transforms Thread 22" [_thread_blocked, id=11848, stack(0x00000000225c0000,0x00000000226c0000)]
  0x000000001ecbc800 JavaThread "jar transforms Thread 21" [_thread_blocked, id=10500, stack(0x00000000224c0000,0x00000000225c0000)]
  0x000000001ecc2000 JavaThread "jar transforms Thread 20" [_thread_blocked, id=11780, stack(0x00000000223c0000,0x00000000224c0000)]
  0x000000001ecbf800 JavaThread "jar transforms Thread 19" [_thread_blocked, id=11096, stack(0x00000000222c0000,0x00000000223c0000)]
  0x000000001ecbd800 JavaThread "jar transforms Thread 18" [_thread_blocked, id=5708, stack(0x00000000221c0000,0x00000000222c0000)]
  0x000000001ecc3800 JavaThread "jar transforms Thread 17" [_thread_blocked, id=1888, stack(0x00000000220c0000,0x00000000221c0000)]
  0x000000001ecc2800 JavaThread "jar transforms Thread 16" [_thread_blocked, id=10448, stack(0x0000000021fc0000,0x00000000220c0000)]
  0x000000001ecc1000 JavaThread "jar transforms Thread 15" [_thread_blocked, id=8208, stack(0x0000000021ec0000,0x0000000021fc0000)]
  0x0000000019dd2000 JavaThread "jar transforms Thread 14" [_thread_blocked, id=7424, stack(0x0000000021dc0000,0x0000000021ec0000)]
  0x0000000019dd6800 JavaThread "jar transforms Thread 13" [_thread_blocked, id=6952, stack(0x0000000021cc0000,0x0000000021dc0000)]
  0x0000000019dd3800 JavaThread "jar transforms Thread 12" [_thread_blocked, id=9688, stack(0x0000000021bc0000,0x0000000021cc0000)]
  0x0000000019dd2800 JavaThread "jar transforms Thread 11" [_thread_blocked, id=9520, stack(0x0000000021ac0000,0x0000000021bc0000)]
  0x0000000019dd7000 JavaThread "jar transforms Thread 10" [_thread_blocked, id=10636, stack(0x00000000219c0000,0x0000000021ac0000)]
  0x0000000019dd1000 JavaThread "jar transforms Thread 9" [_thread_blocked, id=11472, stack(0x00000000218c0000,0x00000000219c0000)]
  0x0000000019dd5800 JavaThread "jar transforms Thread 8" [_thread_blocked, id=8348, stack(0x00000000217c0000,0x00000000218c0000)]
  0x0000000019dd5000 JavaThread "jar transforms Thread 7" [_thread_blocked, id=13072, stack(0x00000000216c0000,0x00000000217c0000)]
  0x0000000019dd4000 JavaThread "jar transforms Thread 6" [_thread_blocked, id=13052, stack(0x00000000215c0000,0x00000000216c0000)]
  0x0000000019dc9800 JavaThread "jar transforms Thread 5" [_thread_blocked, id=3208, stack(0x00000000214c0000,0x00000000215c0000)]
  0x0000000019dd0800 JavaThread "jar transforms Thread 4" [_thread_blocked, id=11116, stack(0x00000000213c0000,0x00000000214c0000)]
  0x0000000019dcf800 JavaThread "jar transforms Thread 3" [_thread_blocked, id=1980, stack(0x00000000212c0000,0x00000000213c0000)]
  0x0000000019dc9000 JavaThread "jar transforms Thread 2" [_thread_blocked, id=3808, stack(0x00000000211c0000,0x00000000212c0000)]
  0x0000000019dc8000 JavaThread "Build operations Thread 4" [_thread_blocked, id=6120, stack(0x00000000210c0000,0x00000000211c0000)]
  0x0000000019dcf000 JavaThread "Build operations Thread 3" [_thread_blocked, id=13304, stack(0x0000000020fc0000,0x00000000210c0000)]
  0x0000000019dcd800 JavaThread "Build operations Thread 2" [_thread_blocked, id=12564, stack(0x0000000020ec0000,0x0000000020fc0000)]
  0x0000000019dcc000 JavaThread "Build operations" [_thread_blocked, id=12476, stack(0x0000000020dc0000,0x0000000020ec0000)]
  0x0000000019dca800 JavaThread "Cache worker for Build Output Cleanup Cache (C:\Users\Jason\Desktop\virtuallearningapp\android\.gradle\buildOutputCleanup)" [_thread_blocked, id=3336, stack(0x0000000020ac0000,0x0000000020bc0000)]
  0x0000000019bf7800 JavaThread "Cache worker for file content cache (C:\Users\Jason\.gradle\caches\6.7\fileContent)" [_thread_blocked, id=7308, stack(0x000000001fbe0000,0x000000001fce0000)]
  0x0000000019bf5800 JavaThread "jar transforms" [_thread_blocked, id=3632, stack(0x000000001e8b0000,0x000000001e9b0000)]
  0x0000000019bf6000 JavaThread "Cache worker for execution history cache (C:\Users\Jason\.gradle\caches\6.7\executionHistory)" [_thread_blocked, id=13204, stack(0x000000001e7b0000,0x000000001e8b0000)]
  0x0000000019bfa000 JavaThread "Cache worker for cache directory md-rule (C:\Users\Jason\.gradle\caches\6.7\md-rule)" [_thread_blocked, id=6156, stack(0x000000001e6b0000,0x000000001e7b0000)]
  0x0000000019bfc000 JavaThread "Cache worker for cache directory md-supplier (C:\Users\Jason\.gradle\caches\6.7\md-supplier)" [_thread_blocked, id=2340, stack(0x000000001e5b0000,0x000000001e6b0000)]
  0x0000000019bfb800 JavaThread "Cache worker for checksums cache (C:\Users\Jason\Desktop\virtuallearningapp\android\.gradle\checksums)" [_thread_blocked, id=2292, stack(0x000000001e2b0000,0x000000001e3b0000)]
  0x0000000019bfa800 JavaThread "Cache worker for file hash cache (C:\Users\Jason\Desktop\virtuallearningapp\android\.gradle\6.7\fileHashes)" [_thread_blocked, id=4360, stack(0x000000001fdc0000,0x000000001fec0000)]
  0x0000000019bf7000 JavaThread "Cache worker for journal cache (C:\Users\Jason\.gradle\caches\journal-1)" [_thread_blocked, id=9788, stack(0x000000001c010000,0x000000001c110000)]
  0x0000000019c0b800 JavaThread "File lock request listener" [_thread_in_native, id=1820, stack(0x000000001bf10000,0x000000001c010000)]
  0x0000000019cf6800 JavaThread "Cache worker for file hash cache (C:\Users\Jason\.gradle\caches\6.7\fileHashes)" [_thread_blocked, id=9736, stack(0x000000001bd10000,0x000000001be10000)]
  0x00000000179d5000 JavaThread "Thread-9" [_thread_blocked, id=5344, stack(0x000000001ba10000,0x000000001bb10000)]
  0x00000000179d4000 JavaThread "Stdin handler" [_thread_blocked, id=7016, stack(0x000000001b910000,0x000000001ba10000)]
  0x00000000179d3000 JavaThread "Asynchronous log dispatcher for DefaultDaemonConnection: socket connection from /127.0.0.1:51505 to /127.0.0.1:51506" [_thread_blocked, id=9600, stack(0x000000001b810000,0x000000001b910000)]
  0x00000000179b1800 JavaThread "Daemon worker" [_thread_blocked, id=3360, stack(0x000000001b710000,0x000000001b810000)]
  0x00000000179b0800 JavaThread "Cancel handler" [_thread_blocked, id=11040, stack(0x000000001b610000,0x000000001b710000)]
  0x0000000018005800 JavaThread "Handler for socket connection from /127.0.0.1:51505 to /127.0.0.1:51506" [_thread_in_native, id=800, stack(0x000000001b510000,0x000000001b610000)]
  0x0000000018003000 JavaThread "Daemon" [_thread_blocked, id=5296, stack(0x000000001b210000,0x000000001b310000)]
  0x000000001824d800 JavaThread "Daemon periodic checks" [_thread_blocked, id=10120, stack(0x000000001b110000,0x000000001b210000)]
  0x000000001824c000 JavaThread "Incoming local TCP Connector on port 51505" [_thread_in_native, id=7040, stack(0x000000001aed0000,0x000000001afd0000)]
  0x0000000019aa7800 JavaThread "Daemon health stats" [_thread_blocked, id=6268, stack(0x000000001a690000,0x000000001a790000)]
  0x0000000017928800 JavaThread "Service Thread" daemon [_thread_blocked, id=12616, stack(0x0000000017cf0000,0x0000000017df0000)]
  0x0000000015fb8000 JavaThread "C1 CompilerThread2" daemon [_thread_blocked, id=11060, stack(0x00000000177f0000,0x00000000178f0000)]
  0x0000000015fa5800 JavaThread "C2 CompilerThread1" daemon [_thread_blocked, id=9904, stack(0x00000000176f0000,0x00000000177f0000)]
=>0x0000000015fa0000 JavaThread "C2 CompilerThread0" daemon [_thread_in_native, id=1704, stack(0x00000000175f0000,0x00000000176f0000)]
  0x0000000015f9e000 JavaThread "Attach Listener" daemon [_thread_blocked, id=7628, stack(0x00000000174f0000,0x00000000175f0000)]
  0x0000000015f9d000 JavaThread "Signal Dispatcher" daemon [_thread_blocked, id=8948, stack(0x00000000173f0000,0x00000000174f0000)]
  0x000000000262d000 JavaThread "Finalizer" daemon [_thread_blocked, id=7888, stack(0x00000000171f0000,0x00000000172f0000)]
  0x0000000015f89000 JavaThread "Reference Handler" daemon [_thread_blocked, id=8552, stack(0x00000000170f0000,0x00000000171f0000)]
  0x0000000002532800 JavaThread "main" [_thread_blocked, id=7148, stack(0x0000000002430000,0x0000000002530000)]

Other Threads:
  0x0000000015f68800 VMThread [stack: 0x0000000016ff0000,0x00000000170f0000] [id=9724]
  0x0000000015ffc800 WatcherThread [stack: 0x0000000017df0000,0x0000000017ef0000] [id=6944]

VM state:not at safepoint (normal execution)

VM Mutex/Monitor currently owned by a thread: None

heap address: 0x00000000a0000000, size: 1536 MB, Compressed Oops mode: 32-bit
Narrow klass base: 0x0000000000000000, Narrow klass shift: 3
Compressed class space size: 1073741824 Address: 0x0000000100000000

Heap:
 PSYoungGen      total 265216K, used 123256K [0x00000000e0000000, 0x00000000f4c80000, 0x0000000100000000)
  eden space 242688K, 41% used [0x00000000e0000000,0x00000000e6262348,0x00000000eed00000)
  from space 22528K, 99% used [0x00000000eed00000,0x00000000f02fbde8,0x00000000f0300000)
  to   space 26112K, 0% used [0x00000000f3300000,0x00000000f3300000,0x00000000f4c80000)
 ParOldGen       total 177152K, used 37119K [0x00000000a0000000, 0x00000000aad00000, 0x00000000e0000000)
  object space 177152K, 20% used [0x00000000a0000000,0x00000000a243fe98,0x00000000aad00000)
 Metaspace       used 69165K, capacity 73356K, committed 73600K, reserved 1112064K
  class space    used 9608K, capacity 10504K, committed 10624K, reserved 1048576K

Card table byte_map: [0x00000000119f0000,0x0000000011d00000] byte_map_base: 0x00000000114f0000

Marking Bits: (ParMarkBitMap*) 0x000000006e219f30
 Begin Bits: [0x0000000012300000, 0x0000000013b00000)
 End Bits:   [0x0000000013b00000, 0x0000000015300000)

Polling page: 0x00000000009e0000

CodeCache: size=245760Kb used=23967Kb max_used=23982Kb free=221792Kb
 bounds [0x0000000002630000, 0x0000000003dd0000, 0x0000000011630000]
 total_blobs=8469 nmethods=7673 adapters=708
 compilation: enabled

Compilation events (10 events):
Event: 33.437 Thread 0x0000000015fa5800 8576       4       org.gradle.internal.logging.text.AbstractLineChoppingStyledTextOutput$StateContext::hasChar (22 bytes)
Event: 33.438 Thread 0x0000000015fb8000 nmethod 8570 0x0000000003639c10 code [0x0000000003639d80, 0x000000000363a008]
Event: 33.438 Thread 0x0000000015fb8000 8571   !   3       java.io.PrintStream::write (66 bytes)
Event: 33.438 Thread 0x0000000015fa5800 nmethod 8576 0x0000000002c55d50 code [0x0000000002c55e80, 0x0000000002c55ef8]
Event: 33.438 Thread 0x0000000015fb8000 nmethod 8571 0x0000000003638f10 code [0x00000000036390e0, 0x0000000003639878]
Event: 33.438 Thread 0x0000000015fb8000 8572       3       org.gradle.internal.io.LineBufferingOutputStream::write (59 bytes)
Event: 33.440 Thread 0x0000000015fb8000 nmethod 8572 0x0000000003560f90 code [0x00000000035611e0, 0x0000000003562118]
Event: 33.440 Thread 0x0000000015fb8000 8573       3       org.gradle.internal.io.StreamByteBuffer$StreamByteBufferOutputStream::write (22 bytes)
Event: 33.440 Thread 0x0000000015fb8000 nmethod 8573 0x00000000036388d0 code [0x0000000003638a60, 0x0000000003638d28]
Event: 33.440 Thread 0x0000000015fb8000 8574       3       org.gradle.internal.io.StreamByteBuffer$StreamByteBufferChunk::write (32 bytes)

GC Heap History (10 events):
Event: 8.584 GC heap before
{Heap before GC invocations=10 (full 2):
 PSYoungGen      total 173568K, used 160768K [0x00000000e0000000, 0x00000000ee600000, 0x0000000100000000)
  eden space 160768K, 100% used [0x00000000e0000000,0x00000000e9d00000,0x00000000e9d00000)
  from space 12800K, 0% used [0x00000000e9d00000,0x00000000e9d00000,0x00000000ea980000)
  to   space 14336K, 0% used [0x00000000ed800000,0x00000000ed800000,0x00000000ee600000)
 ParOldGen       total 118784K, used 17934K [0x00000000a0000000, 0x00000000a7400000, 0x00000000e0000000)
  object space 118784K, 15% used [0x00000000a0000000,0x00000000a1183940,0x00000000a7400000)
 Metaspace       used 40575K, capacity 42312K, committed 42624K, reserved 1085440K
  class space    used 5536K, capacity 5923K, committed 6016K, reserved 1048576K
Event: 8.604 GC heap after
Heap after GC invocations=10 (full 2):
 PSYoungGen      total 221184K, used 9737K [0x00000000e0000000, 0x00000000ee980000, 0x0000000100000000)
  eden space 206848K, 0% used [0x00000000e0000000,0x00000000e0000000,0x00000000eca00000)
  from space 14336K, 67% used [0x00000000ed800000,0x00000000ee182418,0x00000000ee600000)
  to   space 14336K, 0% used [0x00000000eca00000,0x00000000eca00000,0x00000000ed800000)
 ParOldGen       total 118784K, used 17934K [0x00000000a0000000, 0x00000000a7400000, 0x00000000e0000000)
  object space 118784K, 15% used [0x00000000a0000000,0x00000000a1183940,0x00000000a7400000)
 Metaspace       used 40575K, capacity 42312K, committed 42624K, reserved 1085440K
  class space    used 5536K, capacity 5923K, committed 6016K, reserved 1048576K
}
Event: 10.929 GC heap before
{Heap before GC invocations=11 (full 2):
 PSYoungGen      total 221184K, used 216585K [0x00000000e0000000, 0x00000000ee980000, 0x0000000100000000)
  eden space 206848K, 100% used [0x00000000e0000000,0x00000000eca00000,0x00000000eca00000)
  from space 14336K, 67% used [0x00000000ed800000,0x00000000ee182418,0x00000000ee600000)
  to   space 14336K, 0% used [0x00000000eca00000,0x00000000eca00000,0x00000000ed800000)
 ParOldGen       total 118784K, used 17934K [0x00000000a0000000, 0x00000000a7400000, 0x00000000e0000000)
  object space 118784K, 15% used [0x00000000a0000000,0x00000000a1183940,0x00000000a7400000)
 Metaspace       used 52375K, capacity 54570K, committed 54656K, reserved 1095680K
  class space    used 7007K, capacity 7468K, committed 7552K, reserved 1048576K
Event: 10.965 GC heap after
Heap after GC invocations=11 (full 2):
 PSYoungGen      total 221184K, used 14306K [0x00000000e0000000, 0x00000000f1580000, 0x0000000100000000)
  eden space 206848K, 0% used [0x00000000e0000000,0x00000000e0000000,0x00000000eca00000)
  from space 14336K, 99% used [0x00000000eca00000,0x00000000ed7f8ba0,0x00000000ed800000)
  to   space 18944K, 0% used [0x00000000f0300000,0x00000000f0300000,0x00000000f1580000)
 ParOldGen       total 118784K, used 26004K [0x00000000a0000000, 0x00000000a7400000, 0x00000000e0000000)
  object space 118784K, 21% used [0x00000000a0000000,0x00000000a19652d8,0x00000000a7400000)
 Metaspace       used 52375K, capacity 54570K, committed 54656K, reserved 1095680K
  class space    used 7007K, capacity 7468K, committed 7552K, reserved 1048576K
}
Event: 11.888 GC heap before
{Heap before GC invocations=12 (full 2):
 PSYoungGen      total 221184K, used 71951K [0x00000000e0000000, 0x00000000f1580000, 0x0000000100000000)
  eden space 206848K, 27% used [0x00000000e0000000,0x00000000e384b130,0x00000000eca00000)
  from space 14336K, 99% used [0x00000000eca00000,0x00000000ed7f8ba0,0x00000000ed800000)
  to   space 18944K, 0% used [0x00000000f0300000,0x00000000f0300000,0x00000000f1580000)
 ParOldGen       total 118784K, used 26004K [0x00000000a0000000, 0x00000000a7400000, 0x00000000e0000000)
  object space 118784K, 21% used [0x00000000a0000000,0x00000000a19652d8,0x00000000a7400000)
 Metaspace       used 56504K, capacity 59080K, committed 59096K, reserved 1099776K
  class space    used 7708K, capacity 8304K, committed 8320K, reserved 1048576K
Event: 11.920 GC heap after
Heap after GC invocations=12 (full 2):
 PSYoungGen      total 261632K, used 18940K [0x00000000e0000000, 0x00000000f2480000, 0x0000000100000000)
  eden space 242688K, 0% used [0x00000000e0000000,0x00000000e0000000,0x00000000eed00000)
  from space 18944K, 99% used [0x00000000f0300000,0x00000000f157f3a0,0x00000000f1580000)
  to   space 22528K, 0% used [0x00000000eed00000,0x00000000eed00000,0x00000000f0300000)
 ParOldGen       total 118784K, used 28099K [0x00000000a0000000, 0x00000000a7400000, 0x00000000e0000000)
  object space 118784K, 23% used [0x00000000a0000000,0x00000000a1b70ef0,0x00000000a7400000)
 Metaspace       used 56504K, capacity 59080K, committed 59096K, reserved 1099776K
  class space    used 7708K, capacity 8304K, committed 8320K, reserved 1048576K
}
Event: 11.920 GC heap before
{Heap before GC invocations=13 (full 3):
 PSYoungGen      total 261632K, used 18940K [0x00000000e0000000, 0x00000000f2480000, 0x0000000100000000)
  eden space 242688K, 0% used [0x00000000e0000000,0x00000000e0000000,0x00000000eed00000)
  from space 18944K, 99% used [0x00000000f0300000,0x00000000f157f3a0,0x00000000f1580000)
  to   space 22528K, 0% used [0x00000000eed00000,0x00000000eed00000,0x00000000f0300000)
 ParOldGen       total 118784K, used 28099K [0x00000000a0000000, 0x00000000a7400000, 0x00000000e0000000)
  object space 118784K, 23% used [0x00000000a0000000,0x00000000a1b70ef0,0x00000000a7400000)
 Metaspace       used 56504K, capacity 59080K, committed 59096K, reserved 1099776K
  class space    used 7708K, capacity 8304K, committed 8320K, reserved 1048576K
Event: 12.181 GC heap after
Heap after GC invocations=13 (full 3):
 PSYoungGen      total 261632K, used 0K [0x00000000e0000000, 0x00000000f2480000, 0x0000000100000000)
  eden space 242688K, 0% used [0x00000000e0000000,0x00000000e0000000,0x00000000eed00000)
  from space 18944K, 0% used [0x00000000f0300000,0x00000000f0300000,0x00000000f1580000)
  to   space 22528K, 0% used [0x00000000eed00000,0x00000000eed00000,0x00000000f0300000)
 ParOldGen       total 177152K, used 35763K [0x00000000a0000000, 0x00000000aad00000, 0x00000000e0000000)
  object space 177152K, 20% used [0x00000000a0000000,0x00000000a22ecff8,0x00000000aad00000)
 Metaspace       used 56490K, capacity 59032K, committed 59096K, reserved 1099776K
  class space    used 7704K, capacity 8296K, committed 8320K, reserved 1048576K
}
Event: 15.425 GC heap before
{Heap before GC invocations=14 (full 3):
 PSYoungGen      total 261632K, used 242688K [0x00000000e0000000, 0x00000000f2480000, 0x0000000100000000)
  eden space 242688K, 100% used [0x00000000e0000000,0x00000000eed00000,0x00000000eed00000)
  from space 18944K, 0% used [0x00000000f0300000,0x00000000f0300000,0x00000000f1580000)
  to   space 22528K, 0% used [0x00000000eed00000,0x00000000eed00000,0x00000000f0300000)
 ParOldGen       total 177152K, used 35763K [0x00000000a0000000, 0x00000000aad00000, 0x00000000e0000000)
  object space 177152K, 20% used [0x00000000a0000000,0x00000000a22ecff8,0x00000000aad00000)
 Metaspace       used 65713K, capacity 69542K, committed 69632K, reserved 1110016K
  class space    used 9098K, capacity 9914K, committed 9984K, reserved 1048576K
Event: 15.455 GC heap after
Heap after GC invocations=14 (full 3):
 PSYoungGen      total 265216K, used 22511K [0x00000000e0000000, 0x00000000f4c80000, 0x0000000100000000)
  eden space 242688K, 0% used [0x00000000e0000000,0x00000000e0000000,0x00000000eed00000)
  from space 22528K, 99% used [0x00000000eed00000,0x00000000f02fbde8,0x00000000f0300000)
  to   space 26112K, 0% used [0x00000000f3300000,0x00000000f3300000,0x00000000f4c80000)
 ParOldGen       total 177152K, used 37119K [0x00000000a0000000, 0x00000000aad00000, 0x00000000e0000000)
  object space 177152K, 20% used [0x00000000a0000000,0x00000000a243fe98,0x00000000aad00000)
 Metaspace       used 65713K, capacity 69542K, committed 69632K, reserved 1110016K
  class space    used 9098K, capacity 9914K, committed 9984K, reserved 1048576K
}

Deoptimization events (10 events):
Event: 16.638 Thread 0x000000001e1cb000 Uncommon trap: reason=unstable_if action=reinterpret pc=0x0000000003d5bcc8 method=org.gradle.internal.operations.logging.LoggingBuildOperationProgressBroadcaster.onOutput(Lorg/gradle/internal/logging/events/OutputEvent;)V @ 73
Event: 16.768 Thread 0x000000001e1cb000 Uncommon trap: reason=unstable_if action=reinterpret pc=0x00000000028f45bc method=java.lang.String$CaseInsensitiveComparator.compare(Ljava/lang/String;Ljava/lang/String;)I @ 70
Event: 16.787 Thread 0x000000001e1cb000 Uncommon trap: reason=unstable_if action=reinterpret pc=0x00000000027d8178 method=org.gradle.internal.snapshot.PathUtil.equalChars(CCLorg/gradle/internal/snapshot/CaseSensitivity;)Z @ 40
Event: 17.031 Thread 0x000000001e1cb000 Uncommon trap: reason=unstable_if action=reinterpret pc=0x000000000328a434 method=org.gradle.internal.snapshot.VfsRelativePath.lengthOfCommonPrefix(Ljava/lang/String;Lorg/gradle/internal/snapshot/CaseSensitivity;)I @ 165
Event: 17.086 Thread 0x000000001e1cb000 Uncommon trap: reason=unstable_if action=reinterpret pc=0x00000000035fdcc4 method=org.gradle.internal.snapshot.VfsRelativePath.compareToFirstSegment(Ljava/lang/String;Lorg/gradle/internal/snapshot/CaseSensitivity;)I @ 134
Event: 33.435 Thread 0x000000001e1cd800 Uncommon trap: reason=bimorphic action=maybe_recompile pc=0x00000000030afe1c method=org.gradle.internal.logging.sink.OutputEventRenderer.onOutput(Lorg/gradle/internal/logging/events/OutputEvent;)V @ 1
Event: 33.436 Thread 0x000000001e1cd800 Uncommon trap: reason=bimorphic action=maybe_recompile pc=0x00000000030afe1c method=org.gradle.internal.logging.sink.OutputEventRenderer.onOutput(Lorg/gradle/internal/logging/events/OutputEvent;)V @ 1
Event: 33.436 Thread 0x000000001e1cd800 Uncommon trap: reason=bimorphic action=maybe_recompile pc=0x00000000030afe1c method=org.gradle.internal.logging.sink.OutputEventRenderer.onOutput(Lorg/gradle/internal/logging/events/OutputEvent;)V @ 1
Event: 33.437 Thread 0x000000001e1cd800 Uncommon trap: reason=bimorphic action=maybe_recompile pc=0x00000000030afe1c method=org.gradle.internal.logging.sink.OutputEventRenderer.onOutput(Lorg/gradle/internal/logging/events/OutputEvent;)V @ 1
Event: 33.437 Thread 0x000000001e1cd800 Uncommon trap: reason=bimorphic action=maybe_recompile pc=0x00000000030ba030 method=org.gradle.internal.logging.sink.OutputEventRenderer.onOutput(Lorg/gradle/internal/logging/events/OutputEvent;)V @ 1

Classes redefined (0 events):
No events

Internal exceptions (10 events):
Event: 17.147 Thread 0x000000001e1cb000 Exception <a 'java/lang/ClassNotFoundException': org/gradle/process/internal/DefaultProcessForkOptionsBeanInfo> (0x00000000e5c57148) thrown at [D:\src\AOSP-openjdk-cygwin\jdk8u\hotspot\src\share\vm\classfile\systemDictionary.cpp, line 210]
Event: 17.148 Thread 0x000000001e1cb000 Exception <a 'java/lang/ClassNotFoundException': org/gradle/process/internal/DefaultProcessForkOptionsCustomizer> (0x00000000e5c98430) thrown at [D:\src\AOSP-openjdk-cygwin\jdk8u\hotspot\src\share\vm\classfile\systemDictionary.cpp, line 210]
Event: 17.149 Thread 0x000000001e1cb000 Exception <a 'java/lang/ClassNotFoundException': org/gradle/process/internal/AbstractExecHandleBuilderCustomizer> (0x00000000e5cec320) thrown at [D:\src\AOSP-openjdk-cygwin\jdk8u\hotspot\src\share\vm\classfile\systemDictionary.cpp, line 210]
Event: 17.150 Thread 0x000000001e1cb000 Exception <a 'java/lang/ClassNotFoundException': org/gradle/process/internal/DefaultExecHandleBuilderCustomizer> (0x00000000e5d43450) thrown at [D:\src\AOSP-openjdk-cygwin\jdk8u\hotspot\src\share\vm\classfile\systemDictionary.cpp, line 210]
Event: 17.152 Thread 0x000000001e1cb000 Exception <a 'java/lang/ClassNotFoundException': org/gradle/process/internal/DefaultExecActionCustomizer> (0x00000000e5dbd6a8) thrown at [D:\src\AOSP-openjdk-cygwin\jdk8u\hotspot\src\share\vm\classfile\systemDictionary.cpp, line 210]
Event: 17.152 Thread 0x000000001e1cb000 Exception <a 'java/lang/ClassNotFoundException': org/gradle/process/internal/DefaultExecAction_DecoratedCustomizer> (0x00000000e5e0ae10) thrown at [D:\src\AOSP-openjdk-cygwin\jdk8u\hotspot\src\share\vm\classfile\systemDictionary.cpp, line 210]
Event: 17.156 Thread 0x000000001e1cb000 Exception <a 'java/lang/ClassNotFoundException': org/gradle/api/logging/LogLevelBeanInfo> (0x00000000e5e6f050) thrown at [D:\src\AOSP-openjdk-cygwin\jdk8u\hotspot\src\share\vm\classfile\systemDictionary.cpp, line 210]
Event: 17.157 Thread 0x000000001e1cb000 Exception <a 'java/lang/ClassNotFoundException': org/gradle/api/logging/LogLevelCustomizer> (0x00000000e5e9f948) thrown at [D:\src\AOSP-openjdk-cygwin\jdk8u\hotspot\src\share\vm\classfile\systemDictionary.cpp, line 210]
Event: 17.161 Thread 0x000000001e1cb000 Exception <a 'java/lang/ClassNotFoundException': org/gradle/internal/logging/compatbridge/LoggingManagerInternalCompatibilityBridgeBeanInfo> (0x00000000e5f237a8) thrown at [D:\src\AOSP-openjdk-cygwin\jdk8u\hotspot\src\share\vm\classfile\systemDictionary.c
Event: 17.161 Thread 0x000000001e1cb000 Exception <a 'java/lang/ClassNotFoundException': org/gradle/internal/logging/compatbridge/LoggingManagerInternalCompatibilityBridgeCustomizer> (0x00000000e5f787b8) thrown at [D:\src\AOSP-openjdk-cygwin\jdk8u\hotspot\src\share\vm\classfile\systemDictionary

Events (10 events):
Event: 33.436 Thread 0x000000001e1cd800 DEOPT UNPACKING pc=0x000000000267557b sp=0x000000002b78e6d8 mode 2
Event: 33.436 Thread 0x000000001e1cd800 Uncommon trap: trap_request=0xffffffc6 fr.pc=0x00000000030afe1c
Event: 33.436 Thread 0x000000001e1cd800 DEOPT PACKING pc=0x00000000030afe1c sp=0x000000002b78e770
Event: 33.436 Thread 0x000000001e1cd800 DEOPT UNPACKING pc=0x000000000267557b sp=0x000000002b78e6d8 mode 2
Event: 33.437 Thread 0x000000001e1cd800 Uncommon trap: trap_request=0xffffffc6 fr.pc=0x00000000030afe1c
Event: 33.437 Thread 0x000000001e1cd800 DEOPT PACKING pc=0x00000000030afe1c sp=0x000000002b78e770
Event: 33.437 Thread 0x000000001e1cd800 DEOPT UNPACKING pc=0x000000000267557b sp=0x000000002b78e6d8 mode 2
Event: 33.437 Thread 0x000000001e1cd800 Uncommon trap: trap_request=0xffffffc6 fr.pc=0x00000000030ba030
Event: 33.437 Thread 0x000000001e1cd800 DEOPT PACKING pc=0x00000000030ba030 sp=0x000000002b78e720
Event: 33.437 Thread 0x000000001e1cd800 DEOPT UNPACKING pc=0x000000000267557b sp=0x000000002b78e6e0 mode 2


Dynamic libraries:
0x00007ff7221b0000 - 0x00007ff7221e1000 	C:\Program Files\Android\Android Studio\jre\bin\java.exe
0x00007ffb7f900000 - 0x00007ffb7faf0000 	C:\WINDOWS\SYSTEM32\ntdll.dll
0x00007ffb7f630000 - 0x00007ffb7f6e2000 	C:\WINDOWS\System32\KERNEL32.DLL
0x00007ffb7d3b0000 - 0x00007ffb7d655000 	C:\WINDOWS\System32\KERNELBASE.dll
0x00007ffb7a9c0000 - 0x00007ffb7aa4f000 	C:\WINDOWS\SYSTEM32\apphelp.dll
0x00007ffb7f7a0000 - 0x00007ffb7f843000 	C:\WINDOWS\System32\ADVAPI32.dll
0x00007ffb7e450000 - 0x00007ffb7e4ee000 	C:\WINDOWS\System32\msvcrt.dll
0x00007ffb7f6f0000 - 0x00007ffb7f787000 	C:\WINDOWS\System32\sechost.dll
0x00007ffb7e180000 - 0x00007ffb7e2a0000 	C:\WINDOWS\System32\RPCRT4.dll
0x00007ffb7e2a0000 - 0x00007ffb7e434000 	C:\WINDOWS\System32\USER32.dll
0x00007ffb7d8e0000 - 0x00007ffb7d901000 	C:\WINDOWS\System32\win32u.dll
0x00007ffb7ee70000 - 0x00007ffb7ee96000 	C:\WINDOWS\System32\GDI32.dll
0x00007ffb7c880000 - 0x00007ffb7ca16000 	C:\WINDOWS\System32\gdi32full.dll
0x00007ffb7d910000 - 0x00007ffb7d9ae000 	C:\WINDOWS\System32\msvcp_win.dll
0x00007ffb7d690000 - 0x00007ffb7d78a000 	C:\WINDOWS\System32\ucrtbase.dll
0x00007ffb6ba90000 - 0x00007ffb6bd14000 	C:\WINDOWS\WinSxS\amd64_microsoft.windows.common-controls_6595b64144ccf1df_6.0.18362.1198_none_9e820b57e45ad92f\COMCTL32.dll
0x00007ffb7ea60000 - 0x00007ffb7ed95000 	C:\WINDOWS\System32\combase.dll
0x00007ffb7d310000 - 0x00007ffb7d390000 	C:\WINDOWS\System32\bcryptPrimitives.dll
0x00007ffb7f4c0000 - 0x00007ffb7f4ee000 	C:\WINDOWS\System32\IMM32.DLL
0x000000006e2a0000 - 0x000000006e372000 	C:\Program Files\Android\Android Studio\jre\jre\bin\msvcr100.dll
0x000000006da50000 - 0x000000006e296000 	C:\Program Files\Android\Android Studio\jre\jre\bin\server\jvm.dll
0x00007ffb7f790000 - 0x00007ffb7f798000 	C:\WINDOWS\System32\PSAPI.DLL
0x00007ffb73180000 - 0x00007ffb73189000 	C:\WINDOWS\SYSTEM32\WSOCK32.dll
0x00007ffb79400000 - 0x00007ffb79424000 	C:\WINDOWS\SYSTEM32\WINMM.dll
0x00007ffb7f850000 - 0x00007ffb7f8bf000 	C:\WINDOWS\System32\WS2_32.dll
0x00007ffb70610000 - 0x00007ffb7061a000 	C:\WINDOWS\SYSTEM32\VERSION.dll
0x00007ffb793d0000 - 0x00007ffb793fd000 	C:\WINDOWS\SYSTEM32\WINMMBASE.dll
0x00007ffb7d2c0000 - 0x00007ffb7d30a000 	C:\WINDOWS\System32\cfgmgr32.dll
0x00007ffb73170000 - 0x00007ffb7317f000 	C:\Program Files\Android\Android Studio\jre\jre\bin\verify.dll
0x00007ffb72fc0000 - 0x00007ffb72fe9000 	C:\Program Files\Android\Android Studio\jre\jre\bin\java.dll
0x00007ffb73150000 - 0x00007ffb73166000 	C:\Program Files\Android\Android Studio\jre\jre\bin\zip.dll
0x00007ffb7da10000 - 0x00007ffb7e0f7000 	C:\WINDOWS\System32\SHELL32.dll
0x00007ffb7e7f0000 - 0x00007ffb7e899000 	C:\WINDOWS\System32\shcore.dll
0x00007ffb7ca20000 - 0x00007ffb7d1a1000 	C:\WINDOWS\System32\windows.storage.dll
0x00007ffb7c7e0000 - 0x00007ffb7c803000 	C:\WINDOWS\System32\profapi.dll
0x00007ffb7c830000 - 0x00007ffb7c87a000 	C:\WINDOWS\System32\powrprof.dll
0x00007ffb7c7b0000 - 0x00007ffb7c7c0000 	C:\WINDOWS\System32\UMPDC.dll
0x00007ffb7ea00000 - 0x00007ffb7ea52000 	C:\WINDOWS\System32\shlwapi.dll
0x00007ffb7c7c0000 - 0x00007ffb7c7d1000 	C:\WINDOWS\System32\kernel.appcore.dll
0x00007ffb7d390000 - 0x00007ffb7d3a7000 	C:\WINDOWS\System32\cryptsp.dll
0x00007ffb72e90000 - 0x00007ffb72eaa000 	C:\Program Files\Android\Android Studio\jre\jre\bin\net.dll
0x00007ffb7c000000 - 0x00007ffb7c067000 	C:\WINDOWS\system32\mswsock.dll
0x00007ffb72620000 - 0x00007ffb72631000 	C:\Program Files\Android\Android Studio\jre\jre\bin\nio.dll
0x00007ffb6fb40000 - 0x00007ffb6fb66000 	C:\Users\Jason\.gradle\native\fdc75f09e3144964f2cf3f50f0aa648679c211496f362492102eb8c894070792\windows-amd64\native-platform.dll
0x00007ffb3d320000 - 0x00007ffb3d4b1000 	C:\Users\Jason\.gradle\native\12488b8bf47d2d4c9fbf2f6322a914ad602e24e48041cd04a747c6da556b65c4\windows-amd64\native-platform-file-events.dll
0x00007ffb72e80000 - 0x00007ffb72e8d000 	C:\Program Files\Android\Android Studio\jre\jre\bin\management.dll
0x00007ffb7bb70000 - 0x00007ffb7bba3000 	C:\WINDOWS\system32\rsaenh.dll
0x00007ffb7d660000 - 0x00007ffb7d686000 	C:\WINDOWS\System32\bcrypt.dll
0x00007ffb7c690000 - 0x00007ffb7c6b5000 	C:\WINDOWS\SYSTEM32\USERENV.dll
0x00007ffb7c1d0000 - 0x00007ffb7c1dc000 	C:\WINDOWS\SYSTEM32\CRYPTBASE.dll
0x00007ffb7bd10000 - 0x00007ffb7bd4a000 	C:\WINDOWS\SYSTEM32\IPHLPAPI.DLL
0x00007ffb7e9f0000 - 0x00007ffb7e9f8000 	C:\WINDOWS\System32\NSI.dll
0x00007ffb750a0000 - 0x00007ffb750b6000 	C:\WINDOWS\SYSTEM32\dhcpcsvc6.DLL
0x00007ffb75300000 - 0x00007ffb7531c000 	C:\WINDOWS\SYSTEM32\dhcpcsvc.DLL
0x00007ffb7bd50000 - 0x00007ffb7be1b000 	C:\WINDOWS\SYSTEM32\DNSAPI.dll
0x00007ffb76e10000 - 0x00007ffb76e1b000 	C:\WINDOWS\SYSTEM32\WINNSI.DLL

VM Arguments:
jvm_args: -Xmx1536M -Dfile.encoding=windows-1252 -Duser.country=GB -Duser.language=en -Duser.variant 
java_command: org.gradle.launcher.daemon.bootstrap.GradleDaemon 6.7
java_class_path (initial): C:\Users\Jason\.gradle\wrapper\dists\gradle-6.7-all\cuy9mc7upwgwgeb72wkcrupxe\gradle-6.7\lib\gradle-launcher-6.7.jar
Launcher Type: SUN_STANDARD

Environment Variables:
JAVA_HOME=C:\Program Files\Android\Android Studio\jre
CLASSPATH=C:\Users\Jason\Desktop\virtuallearningapp\android\\gradle\wrapper\gradle-wrapper.jar
PATH=C:\Program Files (x86)\Common Files\Intel\Shared Files\cpp\bin\Intel64;C:\Windows\system32;C:\Windows;C:\Windows\System32\Wbem;C:\Windows\System32\WindowsPowerShell\v1.0\;C:\Windows\System32\OpenSSH\;C:\Users\Jason\AppData\Local\Microsoft\WindowsApps;C:\Users\Jason\AppData\Local\Programs\Microsoft VS Code\bin;C:\adb;C:\Program Files\dotnet\;C:\WINDOWS\system32;C:\WINDOWS;C:\WINDOWS\System32\Wbem;C:\WINDOWS\System32\WindowsPowerShell\v1.0\;C:\WINDOWS\System32\OpenSSH\;C:\Program Files\Dart\dart-sdk\bin;C:\Program Files\Microsoft SQL Server\130\Tools\Binn\;C:\Program Files\Microsoft SQL Server\Client SDK\ODBC\170\Tools\Binn\;C:\src\flutter\bin;C:\Program Files (x86)\Microsoft SQL Server\150\Tools\Binn\;C:\Program Files\Microsoft SQL Server\150\Tools\Binn\;C:\Program Files\Microsoft SQL Server\150\DTS\Binn\;C:\Program Files\Java\jdk-14.0.1\bin;C:\OpenSSL-Win64\bin;C:\Program Files\Git\cmd;C:\Program Files\nodejs\;C:\Program Files (x86)\ZeroTier\One\;C:\Users\Jason\.dotnet\tools;C:\Users\Jason\AppData\Local\GitHubDesktop\bin;C:\Users\Jason\AppData\Local\Android\Sdk\platform-tools;C:\Users\Jason\AppData\Roaming\npm;C:\src\flutter\bin\mingit\cmd
USERNAME=Jason
OS=Windows_NT
PROCESSOR_IDENTIFIER=Intel64 Family 6 Model 58 Stepping 9, GenuineIntel



---------------  S Y S T E M  ---------------

OS: Windows 10.0 , 64 bit Build 18362 (10.0.18362.1110)

CPU:total 4 (initial active 4) (2 cores per cpu, 2 threads per core) family 6 model 58 stepping 9, cmov, cx8, fxsr, mmx, sse, sse2, sse3, ssse3, sse4.1, sse4.2, popcnt, avx, aes, clmul, erms, ht, tsc, tscinvbit, tscinv

Memory: 4k page, physical 10362416k(1879936k free), swap 10362416k(2104k free)

vm_info: OpenJDK 64-Bit Server VM (25.202-b03) for windows-amd64 JRE (1.8.0_202-release-1483-b03), built by "builder" with MS VC++ 10.0 (VS2010)

time: Thu Apr 29 10:22:45 2021
timezone: GMT Daylight Time
elapsed time: 33 seconds (0d 0h 0m 33s)

