#
# There is insufficient memory for the Java Runtime Environment to continue.
# Native memory allocation (malloc) failed to allocate 148816 bytes for Chunk::new
# Possible reasons:
#   The system is out of physical RAM or swap space
#   The process is running with CompressedOops enabled, and the Java Heap may be blocking the growth of the native heap
# Possible solutions:
#   Reduce memory load on the system
#   Increase physical memory or swap space
#   Check if swap backing store is full
#   Decrease Java heap size (-Xmx/-Xms)
#   Decrease number of Java threads
#   Decrease Java thread stack sizes (-Xss)
#   Set larger code cache with -XX:ReservedCodeCacheSize=
#   JVM is running with Unscaled Compressed Oops mode in which the Java heap is
#     placed in the first 4GB address space. The Java Heap base address is the
#     maximum limit for the native heap growth. Please use -XX:HeapBaseMinAddress
#     to set the Java Heap base and to place the Java Heap above 4GB virtual address.
# This output file may be truncated or incomplete.
#
#  Out of Memory Error (allocation.cpp:389), pid=4896, tid=0x0000000000000008
#
# JRE version: OpenJDK Runtime Environment (8.0_202-b03) (build 1.8.0_202-release-1483-b03)
# Java VM: OpenJDK 64-Bit Server VM (25.202-b03 mixed mode windows-amd64 compressed oops)
# Failed to write core dump. Minidumps are not enabled by default on client versions of Windows
#

---------------  T H R E A D  ---------------

Current thread (0x0000000016596000):  JavaThread "C2 CompilerThread1" daemon [_thread_in_native, id=8, stack(0x0000000017d00000,0x0000000017e00000)]

Stack: [0x0000000017d00000,0x0000000017e00000]
[error occurred during error reporting (printing stack bounds), id 0xc0000005]

Native frames: (J=compiled Java code, j=interpreted, Vv=VM code, C=native code)


Current CompileTask:
C2:  43862 8367   !   4       sun.misc.URLClassPath$JarLoader::getResource (353 bytes)


---------------  P R O C E S S  ---------------

Java Threads: ( => current thread )
  0x000000001a3f7800 JavaThread "Exec process Thread 3" [_thread_in_native, id=3692, stack(0x000000002cd50000,0x000000002ce50000)]
  0x000000001a3f8800 JavaThread "Exec process Thread 2" [_thread_in_native, id=2892, stack(0x000000002cc50000,0x000000002cd50000)]
  0x000000001a3f7000 JavaThread "Exec process" [_thread_in_native, id=224, stack(0x000000002cb50000,0x000000002cc50000)]
  0x000000001a3f6000 JavaThread "Cache worker for execution history cache (C:\Users\Jason\Desktop\virtuallearningapp\android\.gradle\6.7\executionHistory)" [_thread_blocked, id=8116, stack(0x000000002c850000,0x000000002c950000)]
  0x000000001a3f5800 JavaThread "Execution worker for ':' Thread 3" [_thread_blocked, id=7988, stack(0x000000002c750000,0x000000002c850000)]
  0x000000001a3f2800 JavaThread "Execution worker for ':' Thread 2" [_thread_blocked, id=11312, stack(0x000000002c400000,0x000000002c500000)]
  0x000000001a3f3000 JavaThread "Execution worker for ':'" [_thread_blocked, id=2828, stack(0x0000000029b50000,0x0000000029c50000)]
  0x000000001a3eb000 JavaThread "Memory manager" [_thread_blocked, id=9432, stack(0x0000000029050000,0x0000000029150000)]
  0x000000001a3f1800 JavaThread "jar transforms Thread 114" [_thread_blocked, id=1128, stack(0x0000000028950000,0x0000000028a50000)]
  0x000000001a3ee000 JavaThread "jar transforms Thread 113" [_thread_blocked, id=4376, stack(0x0000000028850000,0x0000000028950000)]
  0x000000001a3ec800 JavaThread "jar transforms Thread 112" [_thread_blocked, id=7660, stack(0x0000000028750000,0x0000000028850000)]
  0x000000001a3eb800 JavaThread "jar transforms Thread 111" [_thread_blocked, id=4000, stack(0x0000000028650000,0x0000000028750000)]
  0x000000001a3ee800 JavaThread "jar transforms Thread 110" [_thread_blocked, id=7652, stack(0x0000000028550000,0x0000000028650000)]
  0x000000001a3f0000 JavaThread "jar transforms Thread 109" [_thread_blocked, id=6488, stack(0x0000000028450000,0x0000000028550000)]
  0x000000001a3ef800 JavaThread "jar transforms Thread 108" [_thread_blocked, id=9672, stack(0x0000000028350000,0x0000000028450000)]
  0x000000001a3f1000 JavaThread "jar transforms Thread 107" [_thread_blocked, id=4808, stack(0x0000000028250000,0x0000000028350000)]
  0x0000000018f82000 JavaThread "jar transforms Thread 106" [_thread_blocked, id=2068, stack(0x0000000028150000,0x0000000028250000)]
  0x0000000018f7e000 JavaThread "jar transforms Thread 105" [_thread_blocked, id=3424, stack(0x0000000028050000,0x0000000028150000)]
  0x0000000018f84800 JavaThread "jar transforms Thread 104" [_thread_blocked, id=332, stack(0x0000000027f50000,0x0000000028050000)]
  0x0000000018f81000 JavaThread "jar transforms Thread 103" [_thread_blocked, id=2212, stack(0x0000000027e50000,0x0000000027f50000)]
  0x0000000018f83800 JavaThread "jar transforms Thread 102" [_thread_blocked, id=3732, stack(0x0000000027d50000,0x0000000027e50000)]
  0x0000000018f80800 JavaThread "jar transforms Thread 101" [_thread_blocked, id=9920, stack(0x0000000027c50000,0x0000000027d50000)]
  0x0000000018f7f800 JavaThread "jar transforms Thread 100" [_thread_blocked, id=9708, stack(0x0000000027b50000,0x0000000027c50000)]
  0x0000000018f85000 JavaThread "jar transforms Thread 99" [_thread_blocked, id=7836, stack(0x0000000027a50000,0x0000000027b50000)]
  0x0000000018f7d800 JavaThread "jar transforms Thread 98" [_thread_blocked, id=8264, stack(0x0000000027950000,0x0000000027a50000)]
  0x0000000018f7f000 JavaThread "jar transforms Thread 97" [_thread_blocked, id=5696, stack(0x0000000027850000,0x0000000027950000)]
  0x0000000018f82800 JavaThread "jar transforms Thread 96" [_thread_blocked, id=2160, stack(0x0000000027750000,0x0000000027850000)]
  0x0000000018f76000 JavaThread "jar transforms Thread 95" [_thread_blocked, id=1460, stack(0x0000000027650000,0x0000000027750000)]
  0x0000000018f78000 JavaThread "jar transforms Thread 94" [_thread_blocked, id=6592, stack(0x0000000027550000,0x0000000027650000)]
  0x0000000018f77800 JavaThread "jar transforms Thread 93" [_thread_blocked, id=10584, stack(0x0000000027450000,0x0000000027550000)]
  0x0000000018f7c000 JavaThread "jar transforms Thread 92" [_thread_blocked, id=2940, stack(0x0000000027350000,0x0000000027450000)]
  0x0000000018f7a800 JavaThread "jar transforms Thread 91" [_thread_blocked, id=11612, stack(0x0000000027250000,0x0000000027350000)]
  0x0000000018f79000 JavaThread "jar transforms Thread 90" [_thread_blocked, id=7128, stack(0x0000000027150000,0x0000000027250000)]
  0x0000000018f7c800 JavaThread "jar transforms Thread 89" [_thread_blocked, id=5224, stack(0x0000000027050000,0x0000000027150000)]
  0x0000000018f79800 JavaThread "jar transforms Thread 88" [_thread_blocked, id=956, stack(0x0000000026f50000,0x0000000027050000)]
  0x0000000018f76800 JavaThread "jar transforms Thread 87" [_thread_blocked, id=5792, stack(0x0000000026e50000,0x0000000026f50000)]
  0x0000000018f7b000 JavaThread "jar transforms Thread 86" [_thread_blocked, id=3896, stack(0x0000000026d50000,0x0000000026e50000)]
  0x000000001d323000 JavaThread "jar transforms Thread 85" [_thread_blocked, id=8868, stack(0x0000000026c50000,0x0000000026d50000)]
  0x000000001d326000 JavaThread "jar transforms Thread 84" [_thread_blocked, id=12072, stack(0x0000000026b50000,0x0000000026c50000)]
  0x000000001d325000 JavaThread "jar transforms Thread 83" [_thread_blocked, id=6736, stack(0x0000000026a50000,0x0000000026b50000)]
  0x000000001d322000 JavaThread "jar transforms Thread 82" [_thread_blocked, id=3932, stack(0x0000000026950000,0x0000000026a50000)]
  0x000000001d324800 JavaThread "jar transforms Thread 81" [_thread_blocked, id=6636, stack(0x0000000026850000,0x0000000026950000)]
  0x000000001d323800 JavaThread "jar transforms Thread 80" [_thread_blocked, id=7656, stack(0x0000000026750000,0x0000000026850000)]
  0x000000001d31a800 JavaThread "jar transforms Thread 79" [_thread_blocked, id=9640, stack(0x0000000026650000,0x0000000026750000)]
  0x000000001d321800 JavaThread "jar transforms Thread 78" [_thread_blocked, id=12220, stack(0x0000000026550000,0x0000000026650000)]
  0x000000001d31e800 JavaThread "jar transforms Thread 77" [_thread_blocked, id=560, stack(0x0000000026450000,0x0000000026550000)]
  0x000000001d31d800 JavaThread "jar transforms Thread 76" [_thread_blocked, id=1816, stack(0x0000000026350000,0x0000000026450000)]
  0x000000001d31d000 JavaThread "jar transforms Thread 75" [_thread_blocked, id=12248, stack(0x0000000026250000,0x0000000026350000)]
  0x000000001d31a000 JavaThread "jar transforms Thread 74" [_thread_blocked, id=236, stack(0x0000000026150000,0x0000000026250000)]
  0x000000001d31f000 JavaThread "jar transforms Thread 73" [_thread_blocked, id=10644, stack(0x0000000026050000,0x0000000026150000)]
  0x000000001d320800 JavaThread "jar transforms Thread 72" [_thread_blocked, id=3672, stack(0x0000000025f50000,0x0000000026050000)]
  0x000000001d320000 JavaThread "jar transforms Thread 71" [_thread_blocked, id=1272, stack(0x0000000025e50000,0x0000000025f50000)]
  0x000000001d319000 JavaThread "jar transforms Thread 70" [_thread_blocked, id=10148, stack(0x0000000025d50000,0x0000000025e50000)]
  0x000000001d317000 JavaThread "jar transforms Thread 69" [_thread_blocked, id=2944, stack(0x0000000025b50000,0x0000000025c50000)]
  0x000000001d31c000 JavaThread "jar transforms Thread 68" [_thread_blocked, id=12020, stack(0x0000000025a50000,0x0000000025b50000)]
  0x000000001d317800 JavaThread "jar transforms Thread 67" [_thread_blocked, id=1088, stack(0x0000000025950000,0x0000000025a50000)]
  0x000000001d318800 JavaThread "jar transforms Thread 66" [_thread_blocked, id=9360, stack(0x0000000025850000,0x0000000025950000)]
  0x000000001d31b800 JavaThread "jar transforms Thread 65" [_thread_blocked, id=10612, stack(0x0000000025750000,0x0000000025850000)]
  0x0000000018ac0000 JavaThread "jar transforms Thread 64" [_thread_blocked, id=11680, stack(0x0000000025650000,0x0000000025750000)]
  0x0000000018ac4800 JavaThread "jar transforms Thread 63" [_thread_blocked, id=5112, stack(0x0000000025550000,0x0000000025650000)]
  0x0000000018ac3800 JavaThread "jar transforms Thread 62" [_thread_blocked, id=2948, stack(0x0000000025450000,0x0000000025550000)]
  0x0000000018abe800 JavaThread "jar transforms Thread 61" [_thread_blocked, id=8380, stack(0x0000000025350000,0x0000000025450000)]
  0x0000000018abf000 JavaThread "jar transforms Thread 60" [_thread_blocked, id=5188, stack(0x0000000025250000,0x0000000025350000)]
  0x0000000018ac3000 JavaThread "jar transforms Thread 59" [_thread_blocked, id=3720, stack(0x0000000025150000,0x0000000025250000)]
  0x0000000018ac2000 JavaThread "jar transforms Thread 58" [_thread_blocked, id=8492, stack(0x0000000025050000,0x0000000025150000)]
  0x0000000018ac1800 JavaThread "jar transforms Thread 57" [_thread_blocked, id=9080, stack(0x0000000024f50000,0x0000000025050000)]
  0x0000000018ac5000 JavaThread "jar transforms Thread 56" [_thread_blocked, id=2328, stack(0x0000000024e50000,0x0000000024f50000)]
  0x0000000018ac0800 JavaThread "jar transforms Thread 55" [_thread_blocked, id=6376, stack(0x0000000024d50000,0x0000000024e50000)]
  0x0000000018ab7000 JavaThread "jar transforms Thread 54" [_thread_blocked, id=1044, stack(0x0000000024c50000,0x0000000024d50000)]
  0x0000000018abd800 JavaThread "jar transforms Thread 53" [_thread_blocked, id=4676, stack(0x0000000024b50000,0x0000000024c50000)]
  0x0000000018ab6000 JavaThread "jar transforms Thread 52" [_thread_blocked, id=9932, stack(0x0000000024a50000,0x0000000024b50000)]
  0x0000000018ab8800 JavaThread "jar transforms Thread 51" [_thread_blocked, id=5348, stack(0x0000000024950000,0x0000000024a50000)]
  0x0000000018abb800 JavaThread "jar transforms Thread 50" [_thread_blocked, id=3036, stack(0x0000000024850000,0x0000000024950000)]
  0x0000000018ab7800 JavaThread "jar transforms Thread 49" [_thread_blocked, id=1744, stack(0x0000000024750000,0x0000000024850000)]
  0x0000000018aba800 JavaThread "jar transforms Thread 48" [_thread_blocked, id=12284, stack(0x0000000024650000,0x0000000024750000)]
  0x0000000018abc000 JavaThread "jar transforms Thread 47" [_thread_blocked, id=7944, stack(0x0000000024550000,0x0000000024650000)]
  0x0000000018abd000 JavaThread "jar transforms Thread 46" [_thread_blocked, id=11452, stack(0x0000000024450000,0x0000000024550000)]
  0x0000000018aba000 JavaThread "jar transforms Thread 45" [_thread_blocked, id=7048, stack(0x0000000024350000,0x0000000024450000)]
  0x0000000018ab9000 JavaThread "jar transforms Thread 44" [_thread_blocked, id=11912, stack(0x0000000024250000,0x0000000024350000)]
  0x000000001e0f8000 JavaThread "jar transforms Thread 43" [_thread_blocked, id=4920, stack(0x0000000024150000,0x0000000024250000)]
  0x000000001e0f5000 JavaThread "jar transforms Thread 42" [_thread_blocked, id=9500, stack(0x0000000024050000,0x0000000024150000)]
  0x000000001e0f9000 JavaThread "jar transforms Thread 41" [_thread_blocked, id=3428, stack(0x0000000023f50000,0x0000000024050000)]
  0x000000001e0f6800 JavaThread "jar transforms Thread 40" [_thread_blocked, id=4960, stack(0x0000000023e50000,0x0000000023f50000)]
  0x000000001e0f4000 JavaThread "jar transforms Thread 39" [_thread_blocked, id=9356, stack(0x0000000023d50000,0x0000000023e50000)]
  0x000000001e0f6000 JavaThread "jar transforms Thread 38" [_thread_blocked, id=7024, stack(0x0000000023c50000,0x0000000023d50000)]
  0x000000001e0f7800 JavaThread "jar transforms Thread 37" [_thread_blocked, id=7560, stack(0x0000000023b50000,0x0000000023c50000)]
  0x000000001e0ec800 JavaThread "jar transforms Thread 36" [_thread_blocked, id=12180, stack(0x0000000023a50000,0x0000000023b50000)]
  0x000000001e0f3800 JavaThread "jar transforms Thread 35" [_thread_blocked, id=12076, stack(0x0000000023950000,0x0000000023a50000)]
  0x000000001e0f2800 JavaThread "jar transforms Thread 34" [_thread_blocked, id=1840, stack(0x0000000023850000,0x0000000023950000)]
  0x000000001e0f2000 JavaThread "jar transforms Thread 33" [_thread_blocked, id=8672, stack(0x0000000023750000,0x0000000023850000)]
  0x000000001e0f1000 JavaThread "jar transforms Thread 32" [_thread_blocked, id=8080, stack(0x0000000023650000,0x0000000023750000)]
  0x000000001e0ec000 JavaThread "jar transforms Thread 31" [_thread_blocked, id=4188, stack(0x0000000023550000,0x0000000023650000)]
  0x000000001e0e9800 JavaThread "jar transforms Thread 30" [_thread_blocked, id=7008, stack(0x0000000023450000,0x0000000023550000)]
  0x000000001e0ea800 JavaThread "jar transforms Thread 29" [_thread_blocked, id=9244, stack(0x0000000023350000,0x0000000023450000)]
  0x000000001e0ef800 JavaThread "jar transforms Thread 28" [_thread_blocked, id=6368, stack(0x0000000023250000,0x0000000023350000)]
  0x000000001e0ef000 JavaThread "jar transforms Thread 27" [_thread_blocked, id=12084, stack(0x0000000023150000,0x0000000023250000)]
  0x000000001e0f0800 JavaThread "jar transforms Thread 26" [_thread_blocked, id=8204, stack(0x0000000023050000,0x0000000023150000)]
  0x000000001e0eb000 JavaThread "jar transforms Thread 25" [_thread_blocked, id=10116, stack(0x0000000022f50000,0x0000000023050000)]
  0x000000001e0ee000 JavaThread "jar transforms Thread 24" [_thread_blocked, id=9444, stack(0x0000000022e50000,0x0000000022f50000)]
  0x000000001e0ed800 JavaThread "jar transforms Thread 23" [_thread_blocked, id=2076, stack(0x0000000022d50000,0x0000000022e50000)]
  0x0000000019904800 JavaThread "jar transforms Thread 22" [_thread_blocked, id=7592, stack(0x0000000022c50000,0x0000000022d50000)]
  0x0000000019903800 JavaThread "jar transforms Thread 21" [_thread_blocked, id=728, stack(0x0000000022b50000,0x0000000022c50000)]
  0x0000000019906000 JavaThread "jar transforms Thread 20" [_thread_blocked, id=2008, stack(0x0000000022a50000,0x0000000022b50000)]
  0x0000000019903000 JavaThread "jar transforms Thread 19" [_thread_blocked, id=4668, stack(0x0000000022950000,0x0000000022a50000)]
  0x0000000019900800 JavaThread "jar transforms Thread 18" [_thread_blocked, id=7252, stack(0x0000000022850000,0x0000000022950000)]
  0x0000000019905000 JavaThread "jar transforms Thread 17" [_thread_blocked, id=11884, stack(0x0000000022750000,0x0000000022850000)]
  0x0000000019902000 JavaThread "jar transforms Thread 16" [_thread_blocked, id=3792, stack(0x0000000022650000,0x0000000022750000)]
  0x0000000019900000 JavaThread "jar transforms Thread 15" [_thread_blocked, id=7452, stack(0x0000000022550000,0x0000000022650000)]
  0x0000000019906800 JavaThread "jar transforms Thread 14" [_thread_blocked, id=11712, stack(0x0000000022450000,0x0000000022550000)]
  0x0000000019901800 JavaThread "jar transforms Thread 13" [_thread_blocked, id=7216, stack(0x0000000022350000,0x0000000022450000)]
  0x0000000018b57000 JavaThread "jar transforms Thread 12" [_thread_blocked, id=3180, stack(0x0000000022250000,0x0000000022350000)]
  0x0000000018b56000 JavaThread "jar transforms Thread 11" [_thread_blocked, id=3648, stack(0x0000000022150000,0x0000000022250000)]
  0x0000000018b55800 JavaThread "jar transforms Thread 10" [_thread_blocked, id=10244, stack(0x0000000022050000,0x0000000022150000)]
  0x0000000018b5c000 JavaThread "jar transforms Thread 9" [_thread_blocked, id=9956, stack(0x0000000021f50000,0x0000000022050000)]
  0x0000000018b54800 JavaThread "jar transforms Thread 8" [_thread_blocked, id=7436, stack(0x0000000021e50000,0x0000000021f50000)]
  0x0000000018b57800 JavaThread "jar transforms Thread 7" [_thread_blocked, id=10308, stack(0x0000000021d50000,0x0000000021e50000)]
  0x0000000018b5a800 JavaThread "jar transforms Thread 6" [_thread_blocked, id=8092, stack(0x0000000021c50000,0x0000000021d50000)]
  0x0000000018b5b800 JavaThread "jar transforms Thread 5" [_thread_blocked, id=11788, stack(0x0000000021b50000,0x0000000021c50000)]
  0x0000000018b5a000 JavaThread "jar transforms Thread 4" [_thread_blocked, id=9492, stack(0x0000000021a50000,0x0000000021b50000)]
  0x0000000018b59000 JavaThread "jar transforms Thread 3" [_thread_blocked, id=1300, stack(0x0000000021950000,0x0000000021a50000)]
  0x0000000018b58800 JavaThread "jar transforms Thread 2" [_thread_blocked, id=11660, stack(0x0000000021850000,0x0000000021950000)]
  0x0000000018b4d000 JavaThread "Build operations Thread 4" [_thread_blocked, id=5976, stack(0x0000000021750000,0x0000000021850000)]
  0x0000000018b53000 JavaThread "Build operations Thread 3" [_thread_blocked, id=6724, stack(0x0000000021650000,0x0000000021750000)]
  0x0000000018b52800 JavaThread "Build operations Thread 2" [_thread_blocked, id=6464, stack(0x0000000021550000,0x0000000021650000)]
  0x0000000018b51000 JavaThread "Build operations" [_thread_blocked, id=7512, stack(0x0000000021450000,0x0000000021550000)]
  0x0000000018b50000 JavaThread "Cache worker for Build Output Cleanup Cache (C:\Users\Jason\Desktop\virtuallearningapp\android\.gradle\buildOutputCleanup)" [_thread_blocked, id=11552, stack(0x0000000021150000,0x0000000021250000)]
  0x0000000019a99800 JavaThread "Cache worker for file content cache (C:\Users\Jason\.gradle\caches\6.7\fileContent)" [_thread_blocked, id=8060, stack(0x0000000020a50000,0x0000000020b50000)]
  0x0000000019a98800 JavaThread "jar transforms" [_thread_blocked, id=2628, stack(0x0000000020950000,0x0000000020a50000)]
  0x0000000019a98000 JavaThread "Cache worker for execution history cache (C:\Users\Jason\.gradle\caches\6.7\executionHistory)" [_thread_blocked, id=6572, stack(0x0000000020250000,0x0000000020350000)]
  0x0000000019a9b000 JavaThread "Cache worker for cache directory md-rule (C:\Users\Jason\.gradle\caches\6.7\md-rule)" [_thread_blocked, id=9044, stack(0x0000000020150000,0x0000000020250000)]
  0x0000000019a96800 JavaThread "Cache worker for cache directory md-supplier (C:\Users\Jason\.gradle\caches\6.7\md-supplier)" [_thread_blocked, id=7688, stack(0x0000000020050000,0x0000000020150000)]
  0x0000000019a97000 JavaThread "Cache worker for checksums cache (C:\Users\Jason\Desktop\virtuallearningapp\android\.gradle\checksums)" [_thread_blocked, id=6128, stack(0x000000001ebc0000,0x000000001ecc0000)]
  0x0000000019a95800 JavaThread "Cache worker for file hash cache (C:\Users\Jason\Desktop\virtuallearningapp\android\.gradle\6.7\fileHashes)" [_thread_blocked, id=11340, stack(0x000000001eac0000,0x000000001ebc0000)]
  0x0000000019a9a000 JavaThread "File lock release action executor" [_thread_blocked, id=2768, stack(0x000000001e7c0000,0x000000001e8c0000)]
  0x0000000019a9c800 JavaThread "Cache worker for journal cache (C:\Users\Jason\.gradle\caches\journal-1)" [_thread_blocked, id=10892, stack(0x000000001ff50000,0x0000000020050000)]
  0x0000000019a9b800 JavaThread "File lock request listener" [_thread_in_native, id=1040, stack(0x000000001c420000,0x000000001c520000)]
  0x0000000018b18000 JavaThread "Cache worker for file hash cache (C:\Users\Jason\.gradle\caches\6.7\fileHashes)" [_thread_blocked, id=4532, stack(0x000000001c320000,0x000000001c420000)]
  0x0000000019445800 JavaThread "Thread-9" [_thread_blocked, id=10092, stack(0x000000001c020000,0x000000001c120000)]
  0x00000000191dd800 JavaThread "Stdin handler" [_thread_blocked, id=6512, stack(0x000000001bf20000,0x000000001c020000)]
  0x000000001856f000 JavaThread "Asynchronous log dispatcher for DefaultDaemonConnection: socket connection from /127.0.0.1:64807 to /127.0.0.1:64808" [_thread_blocked, id=3392, stack(0x000000001be20000,0x000000001bf20000)]
  0x000000001856c000 JavaThread "Daemon worker" [_thread_blocked, id=2812, stack(0x000000001bd20000,0x000000001be20000)]
  0x000000001856b000 JavaThread "Cancel handler" [_thread_blocked, id=7632, stack(0x000000001bc20000,0x000000001bd20000)]
  0x0000000018125000 JavaThread "Handler for socket connection from /127.0.0.1:64807 to /127.0.0.1:64808" [_thread_in_native, id=12144, stack(0x000000001bb20000,0x000000001bc20000)]
  0x0000000018124800 JavaThread "Daemon" [_thread_blocked, id=7144, stack(0x000000001b820000,0x000000001b920000)]
  0x0000000018006000 JavaThread "Daemon periodic checks" [_thread_blocked, id=1880, stack(0x000000001b720000,0x000000001b820000)]
  0x0000000017fb5000 JavaThread "Incoming local TCP Connector on port 64807" [_thread_in_native, id=3372, stack(0x000000001b4e0000,0x000000001b5e0000)]
  0x0000000019cce800 JavaThread "Daemon health stats" [_thread_blocked, id=1928, stack(0x000000001aca0000,0x000000001ada0000)]
  0x00000000165ee800 JavaThread "Service Thread" daemon [_thread_blocked, id=2000, stack(0x0000000018300000,0x0000000018400000)]
  0x000000001659a000 JavaThread "C1 CompilerThread2" daemon [_thread_blocked, id=1440, stack(0x0000000017e00000,0x0000000017f00000)]
=>0x0000000016596000 JavaThread "C2 CompilerThread1" daemon [_thread_in_native, id=8, stack(0x0000000017d00000,0x0000000017e00000)]
  0x0000000016591000 JavaThread "C2 CompilerThread0" daemon [_thread_blocked, id=8004, stack(0x0000000017c00000,0x0000000017d00000)]
  0x000000001658f000 JavaThread "Attach Listener" daemon [_thread_blocked, id=216, stack(0x0000000017b00000,0x0000000017c00000)]
  0x000000001658e000 JavaThread "Signal Dispatcher" daemon [_thread_blocked, id=10320, stack(0x0000000017a00000,0x0000000017b00000)]
  0x0000000002c17000 JavaThread "Finalizer" daemon [_thread_blocked, id=2196, stack(0x0000000017800000,0x0000000017900000)]
  0x0000000016579000 JavaThread "Reference Handler" daemon [_thread_blocked, id=1284, stack(0x0000000017700000,0x0000000017800000)]
  0x0000000002b22800 JavaThread "main" [_thread_blocked, id=9844, stack(0x0000000002960000,0x0000000002a60000)]

Other Threads:
  0x0000000016558800 VMThread [stack: 0x0000000017600000,0x0000000017700000] [id=11944]
  0x0000000017f38800 WatcherThread [stack: 0x0000000018400000,0x0000000018500000] [id=10848]

VM state:not at safepoint (normal execution)

VM Mutex/Monitor currently owned by a thread: None

heap address: 0x00000000a0000000, size: 1536 MB, Compressed Oops mode: 32-bit
Narrow klass base: 0x0000000000000000, Narrow klass shift: 3
Compressed class space size: 1073741824 Address: 0x0000000100000000

Heap:
 PSYoungGen      total 366592K, used 349418K [0x00000000e0000000, 0x00000000f7680000, 0x0000000100000000)
  eden space 349696K, 99% used [0x00000000e0000000,0x00000000f553ab20,0x00000000f5580000)
  from space 16896K, 0% used [0x00000000f6600000,0x00000000f6600000,0x00000000f7680000)
  to   space 16896K, 0% used [0x00000000f5580000,0x00000000f5580000,0x00000000f6600000)
 ParOldGen       total 102400K, used 34783K [0x00000000a0000000, 0x00000000a6400000, 0x00000000e0000000)
  object space 102400K, 33% used [0x00000000a0000000,0x00000000a21f7e20,0x00000000a6400000)
 Metaspace       used 68258K, capacity 72148K, committed 72320K, reserved 1112064K
  class space    used 9506K, capacity 10337K, committed 10368K, reserved 1048576K

Card table byte_map: [0x0000000011fe0000,0x00000000122f0000] byte_map_base: 0x0000000011ae0000

Marking Bits: (ParMarkBitMap*) 0x0000000065539f30
 Begin Bits: [0x00000000128f0000, 0x00000000140f0000)
 End Bits:   [0x00000000140f0000, 0x00000000158f0000)

Polling page: 0x0000000001020000

CodeCache: size=245760Kb used=23880Kb max_used=24431Kb free=221879Kb
 bounds [0x0000000002c20000, 0x0000000004420000, 0x0000000011c20000]
 total_blobs=8296 nmethods=7500 adapters=708
 compilation: enabled

Compilation events (10 events):
Event: 43.842 Thread 0x000000001659a000 8370       3       org.gradle.internal.io.StreamByteBuffer$StreamByteBufferChunk::write (32 bytes)
Event: 43.843 Thread 0x000000001659a000 nmethod 8370 0x000000000389ac90 code [0x000000000389ae00, 0x000000000389afd0]
Event: 43.853 Thread 0x000000001659a000 8372   !   3       java.io.PrintStream::write (66 bytes)
Event: 43.854 Thread 0x000000001659a000 nmethod 8372 0x0000000003606c50 code [0x0000000003606e20, 0x00000000036075b8]
Event: 43.855 Thread 0x000000001659a000 8373       3       org.gradle.internal.io.LineBufferingOutputStream::write (59 bytes)
Event: 43.857 Thread 0x000000001659a000 nmethod 8373 0x000000000301c450 code [0x000000000301c6a0, 0x000000000301d5d8]
Event: 43.858 Thread 0x000000001659a000 8374       3       org.gradle.internal.io.StreamByteBuffer$StreamByteBufferOutputStream::write (22 bytes)
Event: 43.858 Thread 0x000000001659a000 nmethod 8374 0x000000000320fc90 code [0x000000000320fe20, 0x00000000032100e8]
Event: 43.859 Thread 0x000000001659a000 8375       3       org.gradle.internal.io.LineBufferingOutputStream::endsWithLineSeparator (27 bytes)
Event: 43.860 Thread 0x000000001659a000 nmethod 8375 0x0000000003106150 code [0x00000000031062a0, 0x0000000003106490]

GC Heap History (10 events):
Event: 14.138 GC heap before
{Heap before GC invocations=11 (full 2):
 PSYoungGen      total 161792K, used 8016K [0x00000000e0000000, 0x00000000eff00000, 0x0000000100000000)
  eden space 148480K, 0% used [0x00000000e0000000,0x00000000e0000000,0x00000000e9100000)
  from space 13312K, 60% used [0x00000000e9100000,0x00000000e98d4010,0x00000000e9e00000)
  to   space 12800K, 0% used [0x00000000ef280000,0x00000000ef280000,0x00000000eff00000)
 ParOldGen       total 58368K, used 7403K [0x00000000a0000000, 0x00000000a3900000, 0x00000000e0000000)
  object space 58368K, 12% used [0x00000000a0000000,0x00000000a073aeb8,0x00000000a3900000)
 Metaspace       used 34301K, capacity 35384K, committed 35456K, reserved 1079296K
  class space    used 4702K, capacity 4963K, committed 4992K, reserved 1048576K
Event: 14.241 GC heap after
Heap after GC invocations=11 (full 2):
 PSYoungGen      total 161792K, used 0K [0x00000000e0000000, 0x00000000eff00000, 0x0000000100000000)
  eden space 148480K, 0% used [0x00000000e0000000,0x00000000e0000000,0x00000000e9100000)
  from space 13312K, 0% used [0x00000000e9100000,0x00000000e9100000,0x00000000e9e00000)
  to   space 12800K, 0% used [0x00000000ef280000,0x00000000ef280000,0x00000000eff00000)
 ParOldGen       total 69632K, used 14773K [0x00000000a0000000, 0x00000000a4400000, 0x00000000e0000000)
  object space 69632K, 21% used [0x00000000a0000000,0x00000000a0e6d7c8,0x00000000a4400000)
 Metaspace       used 34301K, capacity 35384K, committed 35456K, reserved 1079296K
  class space    used 4702K, capacity 4963K, committed 4992K, reserved 1048576K
}
Event: 16.464 GC heap before
{Heap before GC invocations=12 (full 2):
 PSYoungGen      total 161792K, used 148480K [0x00000000e0000000, 0x00000000eff00000, 0x0000000100000000)
  eden space 148480K, 100% used [0x00000000e0000000,0x00000000e9100000,0x00000000e9100000)
  from space 13312K, 0% used [0x00000000e9100000,0x00000000e9100000,0x00000000e9e00000)
  to   space 12800K, 0% used [0x00000000ef280000,0x00000000ef280000,0x00000000eff00000)
 ParOldGen       total 69632K, used 14773K [0x00000000a0000000, 0x00000000a4400000, 0x00000000e0000000)
  object space 69632K, 21% used [0x00000000a0000000,0x00000000a0e6d7c8,0x00000000a4400000)
 Metaspace       used 38895K, capacity 40568K, committed 40832K, reserved 1085440K
  class space    used 5331K, capacity 5715K, committed 5760K, reserved 1048576K
Event: 16.477 GC heap after
Heap after GC invocations=12 (full 2):
 PSYoungGen      total 237056K, used 7956K [0x00000000e0000000, 0x00000000efa80000, 0x0000000100000000)
  eden space 228864K, 0% used [0x00000000e0000000,0x00000000e0000000,0x00000000edf80000)
  from space 8192K, 97% used [0x00000000ef280000,0x00000000efa45230,0x00000000efa80000)
  to   space 12288K, 0% used [0x00000000ee280000,0x00000000ee280000,0x00000000eee80000)
 ParOldGen       total 69632K, used 14781K [0x00000000a0000000, 0x00000000a4400000, 0x00000000e0000000)
  object space 69632K, 21% used [0x00000000a0000000,0x00000000a0e6f7c8,0x00000000a4400000)
 Metaspace       used 38895K, capacity 40568K, committed 40832K, reserved 1085440K
  class space    used 5331K, capacity 5715K, committed 5760K, reserved 1048576K
}
Event: 20.747 GC heap before
{Heap before GC invocations=13 (full 2):
 PSYoungGen      total 237056K, used 236820K [0x00000000e0000000, 0x00000000efa80000, 0x0000000100000000)
  eden space 228864K, 100% used [0x00000000e0000000,0x00000000edf80000,0x00000000edf80000)
  from space 8192K, 97% used [0x00000000ef280000,0x00000000efa45230,0x00000000efa80000)
  to   space 12288K, 0% used [0x00000000ee280000,0x00000000ee280000,0x00000000eee80000)
 ParOldGen       total 69632K, used 14781K [0x00000000a0000000, 0x00000000a4400000, 0x00000000e0000000)
  object space 69632K, 21% used [0x00000000a0000000,0x00000000a0e6f7c8,0x00000000a4400000)
 Metaspace       used 52450K, capacity 54644K, committed 54912K, reserved 1097728K
  class space    used 7018K, capacity 7496K, committed 7552K, reserved 1048576K
Event: 20.853 GC heap after
Heap after GC invocations=13 (full 2):
 PSYoungGen      total 244224K, used 12266K [0x00000000e0000000, 0x00000000f7700000, 0x0000000100000000)
  eden space 231936K, 0% used [0x00000000e0000000,0x00000000e0000000,0x00000000ee280000)
  from space 12288K, 99% used [0x00000000ee280000,0x00000000eee7a9e8,0x00000000eee80000)
  to   space 17408K, 0% used [0x00000000f6600000,0x00000000f6600000,0x00000000f7700000)
 ParOldGen       total 69632K, used 25774K [0x00000000a0000000, 0x00000000a4400000, 0x00000000e0000000)
  object space 69632K, 37% used [0x00000000a0000000,0x00000000a192ba98,0x00000000a4400000)
 Metaspace       used 52450K, capacity 54644K, committed 54912K, reserved 1097728K
  class space    used 7018K, capacity 7496K, committed 7552K, reserved 1048576K
}
Event: 22.380 GC heap before
{Heap before GC invocations=14 (full 2):
 PSYoungGen      total 244224K, used 77543K [0x00000000e0000000, 0x00000000f7700000, 0x0000000100000000)
  eden space 231936K, 28% used [0x00000000e0000000,0x00000000e3fbf488,0x00000000ee280000)
  from space 12288K, 99% used [0x00000000ee280000,0x00000000eee7a9e8,0x00000000eee80000)
  to   space 17408K, 0% used [0x00000000f6600000,0x00000000f6600000,0x00000000f7700000)
 ParOldGen       total 69632K, used 25774K [0x00000000a0000000, 0x00000000a4400000, 0x00000000e0000000)
  object space 69632K, 37% used [0x00000000a0000000,0x00000000a192ba98,0x00000000a4400000)
 Metaspace       used 56520K, capacity 59070K, committed 59096K, reserved 1099776K
  class space    used 7712K, capacity 8303K, committed 8320K, reserved 1048576K
Event: 22.413 GC heap after
Heap after GC invocations=14 (full 2):
 PSYoungGen      total 366592K, used 7145K [0x00000000e0000000, 0x00000000f7680000, 0x0000000100000000)
  eden space 349696K, 0% used [0x00000000e0000000,0x00000000e0000000,0x00000000f5580000)
  from space 16896K, 42% used [0x00000000f6600000,0x00000000f6cfa688,0x00000000f7680000)
  to   space 16896K, 0% used [0x00000000f5580000,0x00000000f5580000,0x00000000f6600000)
 ParOldGen       total 69632K, used 36582K [0x00000000a0000000, 0x00000000a4400000, 0x00000000e0000000)
  object space 69632K, 52% used [0x00000000a0000000,0x00000000a23b9888,0x00000000a4400000)
 Metaspace       used 56520K, capacity 59070K, committed 59096K, reserved 1099776K
  class space    used 7712K, capacity 8303K, committed 8320K, reserved 1048576K
}
Event: 22.413 GC heap before
{Heap before GC invocations=15 (full 3):
 PSYoungGen      total 366592K, used 7145K [0x00000000e0000000, 0x00000000f7680000, 0x0000000100000000)
  eden space 349696K, 0% used [0x00000000e0000000,0x00000000e0000000,0x00000000f5580000)
  from space 16896K, 42% used [0x00000000f6600000,0x00000000f6cfa688,0x00000000f7680000)
  to   space 16896K, 0% used [0x00000000f5580000,0x00000000f5580000,0x00000000f6600000)
 ParOldGen       total 69632K, used 36582K [0x00000000a0000000, 0x00000000a4400000, 0x00000000e0000000)
  object space 69632K, 52% used [0x00000000a0000000,0x00000000a23b9888,0x00000000a4400000)
 Metaspace       used 56520K, capacity 59070K, committed 59096K, reserved 1099776K
  class space    used 7712K, capacity 8303K, committed 8320K, reserved 1048576K
Event: 22.780 GC heap after
Heap after GC invocations=15 (full 3):
 PSYoungGen      total 366592K, used 0K [0x00000000e0000000, 0x00000000f7680000, 0x0000000100000000)
  eden space 349696K, 0% used [0x00000000e0000000,0x00000000e0000000,0x00000000f5580000)
  from space 16896K, 0% used [0x00000000f6600000,0x00000000f6600000,0x00000000f7680000)
  to   space 16896K, 0% used [0x00000000f5580000,0x00000000f5580000,0x00000000f6600000)
 ParOldGen       total 102400K, used 34783K [0x00000000a0000000, 0x00000000a6400000, 0x00000000e0000000)
  object space 102400K, 33% used [0x00000000a0000000,0x00000000a21f7e20,0x00000000a6400000)
 Metaspace       used 56507K, capacity 59028K, committed 59096K, reserved 1099776K
  class space    used 7708K, capacity 8296K, committed 8320K, reserved 1048576K
}

Deoptimization events (10 events):
Event: 28.990 Thread 0x000000001856c000 Uncommon trap: reason=array_check action=maybe_recompile pc=0x0000000004284144 method=com.google.common.collect.ImmutableSet.construct(I[Ljava/lang/Object;)Lcom/google/common/collect/ImmutableSet; @ 122
Event: 29.065 Thread 0x000000001856c000 Uncommon trap: reason=unstable_if action=reinterpret pc=0x0000000004317900 method=org.gradle.internal.operations.logging.LoggingBuildOperationProgressBroadcaster.onOutput(Lorg/gradle/internal/logging/events/OutputEvent;)V @ 73
Event: 29.181 Thread 0x000000001a3f6000 Uncommon trap: reason=unstable_if action=reinterpret pc=0x0000000003f6e030 method=com.esotericsoftware.kryo.io.Input.readVarInt(Z)I @ 42
Event: 29.256 Thread 0x000000001856c000 Uncommon trap: reason=unstable_if action=reinterpret pc=0x000000000427cb68 method=java.lang.String$CaseInsensitiveComparator.compare(Ljava/lang/String;Ljava/lang/String;)I @ 70
Event: 29.256 Thread 0x000000001856c000 Uncommon trap: reason=unstable_if action=reinterpret pc=0x00000000031ab618 method=java.lang.String$CaseInsensitiveComparator.compare(Ljava/lang/String;Ljava/lang/String;)I @ 70
Event: 29.319 Thread 0x000000001856c000 Uncommon trap: reason=unstable_if action=reinterpret pc=0x00000000037bf7f8 method=org.gradle.internal.snapshot.PathUtil.equalChars(CCLorg/gradle/internal/snapshot/CaseSensitivity;)Z @ 40
Event: 29.343 Thread 0x000000001856c000 Uncommon trap: reason=unstable_if action=reinterpret pc=0x0000000004062764 method=org.gradle.internal.snapshot.PathUtil.equalChars(CCLorg/gradle/internal/snapshot/CaseSensitivity;)Z @ 40
Event: 29.752 Thread 0x000000001856c000 Uncommon trap: reason=unstable_if action=reinterpret pc=0x00000000043a89f0 method=org.gradle.internal.snapshot.VfsRelativePath.lengthOfCommonPrefix(Ljava/lang/String;Lorg/gradle/internal/snapshot/CaseSensitivity;)I @ 165
Event: 29.813 Thread 0x000000001856c000 Uncommon trap: reason=unstable_if action=reinterpret pc=0x0000000004361600 method=com.google.common.base.Objects.equal(Ljava/lang/Object;Ljava/lang/Object;)Z @ 14
Event: 29.844 Thread 0x000000001856c000 Uncommon trap: reason=unstable_if action=reinterpret pc=0x0000000003c1fd04 method=org.gradle.internal.snapshot.VfsRelativePath.compareToFirstSegment(Ljava/lang/String;Lorg/gradle/internal/snapshot/CaseSensitivity;)I @ 134

Classes redefined (0 events):
No events

Internal exceptions (10 events):
Event: 29.913 Thread 0x000000001856c000 Exception <a 'java/lang/ClassNotFoundException': org/gradle/process/internal/DefaultProcessForkOptionsBeanInfo> (0x00000000f4c4d3a0) thrown at [D:\src\AOSP-openjdk-cygwin\jdk8u\hotspot\src\share\vm\classfile\systemDictionary.cpp, line 210]
Event: 29.915 Thread 0x000000001856c000 Exception <a 'java/lang/ClassNotFoundException': org/gradle/process/internal/DefaultProcessForkOptionsCustomizer> (0x00000000f4c92f90) thrown at [D:\src\AOSP-openjdk-cygwin\jdk8u\hotspot\src\share\vm\classfile\systemDictionary.cpp, line 210]
Event: 29.917 Thread 0x000000001856c000 Exception <a 'java/lang/ClassNotFoundException': org/gradle/process/internal/AbstractExecHandleBuilderCustomizer> (0x00000000f4ceb828) thrown at [D:\src\AOSP-openjdk-cygwin\jdk8u\hotspot\src\share\vm\classfile\systemDictionary.cpp, line 210]
Event: 29.918 Thread 0x000000001856c000 Exception <a 'java/lang/ClassNotFoundException': org/gradle/process/internal/DefaultExecHandleBuilderCustomizer> (0x00000000f4d471a0) thrown at [D:\src\AOSP-openjdk-cygwin\jdk8u\hotspot\src\share\vm\classfile\systemDictionary.cpp, line 210]
Event: 29.922 Thread 0x000000001856c000 Exception <a 'java/lang/ClassNotFoundException': org/gradle/process/internal/DefaultExecActionCustomizer> (0x00000000f4dc5d68) thrown at [D:\src\AOSP-openjdk-cygwin\jdk8u\hotspot\src\share\vm\classfile\systemDictionary.cpp, line 210]
Event: 29.924 Thread 0x000000001856c000 Exception <a 'java/lang/ClassNotFoundException': org/gradle/process/internal/DefaultExecAction_DecoratedCustomizer> (0x00000000f4e17ee0) thrown at [D:\src\AOSP-openjdk-cygwin\jdk8u\hotspot\src\share\vm\classfile\systemDictionary.cpp, line 210]
Event: 29.928 Thread 0x000000001856c000 Exception <a 'java/lang/ClassNotFoundException': org/gradle/api/logging/LogLevelBeanInfo> (0x00000000f4e825f0) thrown at [D:\src\AOSP-openjdk-cygwin\jdk8u\hotspot\src\share\vm\classfile\systemDictionary.cpp, line 210]
Event: 29.930 Thread 0x000000001856c000 Exception <a 'java/lang/ClassNotFoundException': org/gradle/api/logging/LogLevelCustomizer> (0x00000000f4eb7ba8) thrown at [D:\src\AOSP-openjdk-cygwin\jdk8u\hotspot\src\share\vm\classfile\systemDictionary.cpp, line 210]
Event: 29.936 Thread 0x000000001856c000 Exception <a 'java/lang/ClassNotFoundException': org/gradle/internal/logging/compatbridge/LoggingManagerInternalCompatibilityBridgeBeanInfo> (0x00000000f4f45cd0) thrown at [D:\src\AOSP-openjdk-cygwin\jdk8u\hotspot\src\share\vm\classfile\systemDictionary.c
Event: 29.938 Thread 0x000000001856c000 Exception <a 'java/lang/ClassNotFoundException': org/gradle/internal/logging/compatbridge/LoggingManagerInternalCompatibilityBridgeCustomizer> (0x00000000f4f9fed0) thrown at [D:\src\AOSP-openjdk-cygwin\jdk8u\hotspot\src\share\vm\classfile\systemDictionary

Events (10 events):
Event: 43.840 Thread 0x000000001659a000 flushing nmethod 0x0000000003b8b090
Event: 43.841 Thread 0x000000001659a000 flushing nmethod 0x0000000003c38f10
Event: 43.841 Thread 0x000000001659a000 flushing nmethod 0x0000000003c53b10
Event: 43.841 Thread 0x000000001659a000 flushing nmethod 0x0000000003c5f710
Event: 43.841 Thread 0x000000001659a000 flushing nmethod 0x0000000003c81a10
Event: 43.841 Thread 0x000000001659a000 flushing nmethod 0x0000000003c83f10
Event: 43.841 Thread 0x000000001659a000 flushing nmethod 0x0000000003cc2e50
Event: 43.842 Thread 0x000000001659a000 flushing nmethod 0x0000000003cc80d0
Event: 43.842 Thread 0x000000001659a000 flushing nmethod 0x0000000003d4bb50
Event: 43.842 Thread 0x000000001659a000 flushing nmethod 0x0000000003db0c10


Dynamic libraries:
0x00007ff6e3b70000 - 0x00007ff6e3ba1000 	C:\Program Files\Android\Android Studio\jre\bin\java.exe
0x00007ffe20860000 - 0x00007ffe20a50000 	C:\WINDOWS\SYSTEM32\ntdll.dll
0x00007ffe20760000 - 0x00007ffe20812000 	C:\WINDOWS\System32\KERNEL32.DLL
0x00007ffe1dea0000 - 0x00007ffe1e145000 	C:\WINDOWS\System32\KERNELBASE.dll
0x00007ffe1b980000 - 0x00007ffe1ba0f000 	C:\WINDOWS\SYSTEM32\apphelp.dll
0x00007ffe200d0000 - 0x00007ffe20173000 	C:\WINDOWS\System32\ADVAPI32.dll
0x00007ffe1e9a0000 - 0x00007ffe1ea3e000 	C:\WINDOWS\System32\msvcrt.dll
0x00007ffe1f5d0000 - 0x00007ffe1f667000 	C:\WINDOWS\System32\sechost.dll
0x00007ffe1f250000 - 0x00007ffe1f370000 	C:\WINDOWS\System32\RPCRT4.dll
0x00007ffe1ff30000 - 0x00007ffe200c4000 	C:\WINDOWS\System32\USER32.dll
0x00007ffe1d9c0000 - 0x00007ffe1d9e1000 	C:\WINDOWS\System32\win32u.dll
0x00007ffe1f420000 - 0x00007ffe1f446000 	C:\WINDOWS\System32\GDI32.dll
0x00007ffe1d9f0000 - 0x00007ffe1db86000 	C:\WINDOWS\System32\gdi32full.dll
0x00007ffe1db90000 - 0x00007ffe1dc2e000 	C:\WINDOWS\System32\msvcp_win.dll
0x00007ffe1d7e0000 - 0x00007ffe1d8da000 	C:\WINDOWS\System32\ucrtbase.dll
0x00007ffe0cc60000 - 0x00007ffe0cee4000 	C:\WINDOWS\WinSxS\amd64_microsoft.windows.common-controls_6595b64144ccf1df_6.0.18362.1198_none_9e820b57e45ad92f\COMCTL32.dll
0x00007ffe20340000 - 0x00007ffe20675000 	C:\WINDOWS\System32\combase.dll
0x00007ffe1d8e0000 - 0x00007ffe1d960000 	C:\WINDOWS\System32\bcryptPrimitives.dll
0x00007ffe1e910000 - 0x00007ffe1e93e000 	C:\WINDOWS\System32\IMM32.DLL
0x00000000655c0000 - 0x0000000065692000 	C:\Program Files\Android\Android Studio\jre\jre\bin\msvcr100.dll
0x0000000064d70000 - 0x00000000655b6000 	C:\Program Files\Android\Android Studio\jre\jre\bin\server\jvm.dll
0x00007ffe1f670000 - 0x00007ffe1f678000 	C:\WINDOWS\System32\PSAPI.DLL
0x00007ffe19e70000 - 0x00007ffe19e79000 	C:\WINDOWS\SYSTEM32\WSOCK32.dll
0x00007ffe1f830000 - 0x00007ffe1f89f000 	C:\WINDOWS\System32\WS2_32.dll
0x00007ffe1a370000 - 0x00007ffe1a394000 	C:\WINDOWS\SYSTEM32\WINMM.dll
0x00007ffe11680000 - 0x00007ffe1168a000 	C:\WINDOWS\SYSTEM32\VERSION.dll
0x00007ffe1a330000 - 0x00007ffe1a35d000 	C:\WINDOWS\SYSTEM32\WINMMBASE.dll
0x00007ffe1de30000 - 0x00007ffe1de7a000 	C:\WINDOWS\System32\cfgmgr32.dll
0x00007ffe19e60000 - 0x00007ffe19e6f000 	C:\Program Files\Android\Android Studio\jre\jre\bin\verify.dll
0x00007ffe18e40000 - 0x00007ffe18e69000 	C:\Program Files\Android\Android Studio\jre\jre\bin\java.dll
0x00007ffe12d60000 - 0x00007ffe12d76000 	C:\Program Files\Android\Android Studio\jre\jre\bin\zip.dll
0x00007ffe1eb60000 - 0x00007ffe1f247000 	C:\WINDOWS\System32\SHELL32.dll
0x00007ffe1f520000 - 0x00007ffe1f5c9000 	C:\WINDOWS\System32\shcore.dll
0x00007ffe1e150000 - 0x00007ffe1e8d1000 	C:\WINDOWS\System32\windows.storage.dll
0x00007ffe1d770000 - 0x00007ffe1d793000 	C:\WINDOWS\System32\profapi.dll
0x00007ffe1d720000 - 0x00007ffe1d76a000 	C:\WINDOWS\System32\powrprof.dll
0x00007ffe1d710000 - 0x00007ffe1d720000 	C:\WINDOWS\System32\UMPDC.dll
0x00007ffe20700000 - 0x00007ffe20752000 	C:\WINDOWS\System32\shlwapi.dll
0x00007ffe1d7a0000 - 0x00007ffe1d7b1000 	C:\WINDOWS\System32\kernel.appcore.dll
0x00007ffe1de80000 - 0x00007ffe1de97000 	C:\WINDOWS\System32\cryptsp.dll
0x00007ffe12d40000 - 0x00007ffe12d5a000 	C:\Program Files\Android\Android Studio\jre\jre\bin\net.dll
0x00007ffe1cf60000 - 0x00007ffe1cfc7000 	C:\WINDOWS\system32\mswsock.dll
0x00007ffe12d20000 - 0x00007ffe12d31000 	C:\Program Files\Android\Android Studio\jre\jre\bin\nio.dll
0x00007ffe12cd0000 - 0x00007ffe12cf6000 	C:\Users\Jason\.gradle\native\fdc75f09e3144964f2cf3f50f0aa648679c211496f362492102eb8c894070792\windows-amd64\native-platform.dll
0x00007ffdd21e0000 - 0x00007ffdd2371000 	C:\Users\Jason\.gradle\native\12488b8bf47d2d4c9fbf2f6322a914ad602e24e48041cd04a747c6da556b65c4\windows-amd64\native-platform-file-events.dll
0x00007ffe12cc0000 - 0x00007ffe12ccd000 	C:\Program Files\Android\Android Studio\jre\jre\bin\management.dll
0x00007ffe1ca70000 - 0x00007ffe1caa3000 	C:\WINDOWS\system32\rsaenh.dll
0x00007ffe1e8e0000 - 0x00007ffe1e906000 	C:\WINDOWS\System32\bcrypt.dll
0x00007ffe1d630000 - 0x00007ffe1d655000 	C:\WINDOWS\SYSTEM32\USERENV.dll
0x00007ffe1d130000 - 0x00007ffe1d13c000 	C:\WINDOWS\SYSTEM32\CRYPTBASE.dll
0x00007ffe1cc10000 - 0x00007ffe1cc4a000 	C:\WINDOWS\SYSTEM32\IPHLPAPI.DLL
0x00007ffe1ff20000 - 0x00007ffe1ff28000 	C:\WINDOWS\System32\NSI.dll
0x00007ffe16010000 - 0x00007ffe16026000 	C:\WINDOWS\SYSTEM32\dhcpcsvc6.DLL
0x00007ffe162c0000 - 0x00007ffe162dc000 	C:\WINDOWS\SYSTEM32\dhcpcsvc.DLL
0x00007ffe1cc50000 - 0x00007ffe1cd1b000 	C:\WINDOWS\SYSTEM32\DNSAPI.dll
0x00007ffe17db0000 - 0x00007ffe17dbb000 	C:\WINDOWS\SYSTEM32\WINNSI.DLL

VM Arguments:
jvm_args: -Xmx1536M -Dfile.encoding=windows-1252 -Duser.country=GB -Duser.language=en -Duser.variant 
java_command: org.gradle.launcher.daemon.bootstrap.GradleDaemon 6.7
java_class_path (initial): C:\Users\Jason\.gradle\wrapper\dists\gradle-6.7-all\cuy9mc7upwgwgeb72wkcrupxe\gradle-6.7\lib\gradle-launcher-6.7.jar
Launcher Type: SUN_STANDARD

Environment Variables:
JAVA_HOME=C:\Program Files\Android\Android Studio\jre
CLASSPATH=C:\Users\Jason\Desktop\virtuallearningapp\android\\gradle\wrapper\gradle-wrapper.jar
PATH=C:\Program Files (x86)\Common Files\Intel\Shared Files\cpp\bin\Intel64;C:\Windows\system32;C:\Windows;C:\Windows\System32\Wbem;C:\Windows\System32\WindowsPowerShell\v1.0\;C:\Windows\System32\OpenSSH\;C:\Users\Jason\AppData\Local\Microsoft\WindowsApps;C:\Users\Jason\AppData\Local\Programs\Microsoft VS Code\bin;C:\adb;C:\Program Files\dotnet\;C:\WINDOWS\system32;C:\WINDOWS;C:\WINDOWS\System32\Wbem;C:\WINDOWS\System32\WindowsPowerShell\v1.0\;C:\WINDOWS\System32\OpenSSH\;C:\Program Files\Dart\dart-sdk\bin;C:\Program Files\Microsoft SQL Server\130\Tools\Binn\;C:\Program Files\Microsoft SQL Server\Client SDK\ODBC\170\Tools\Binn\;C:\src\flutter\bin;C:\Program Files (x86)\Microsoft SQL Server\150\Tools\Binn\;C:\Program Files\Microsoft SQL Server\150\Tools\Binn\;C:\Program Files\Microsoft SQL Server\150\DTS\Binn\;C:\Program Files\Java\jdk-14.0.1\bin;C:\OpenSSL-Win64\bin;C:\Program Files\Git\cmd;C:\Program Files\nodejs\;C:\Program Files (x86)\ZeroTier\One\;C:\Users\Jason\.dotnet\tools;C:\Users\Jason\AppData\Local\GitHubDesktop\bin;C:\Users\Jason\AppData\Local\Android\Sdk\platform-tools;C:\Users\Jason\AppData\Roaming\npm;C:\src\flutter\bin\mingit\cmd
USERNAME=Jason
OS=Windows_NT
PROCESSOR_IDENTIFIER=Intel64 Family 6 Model 58 Stepping 9, GenuineIntel



---------------  S Y S T E M  ---------------

OS: Windows 10.0 , 64 bit Build 18362 (10.0.18362.1110)

CPU:total 4 (initial active 4) (2 cores per cpu, 2 threads per core) family 6 model 58 stepping 9, cmov, cx8, fxsr, mmx, sse, sse2, sse3, ssse3, sse4.1, sse4.2, popcnt, avx, aes, clmul, erms, ht, tsc, tscinvbit, tscinv

Memory: 4k page, physical 10362416k(1719224k free), swap 10362416k(5124k free)

vm_info: OpenJDK 64-Bit Server VM (25.202-b03) for windows-amd64 JRE (1.8.0_202-release-1483-b03), built by "builder" with MS VC++ 10.0 (VS2010)

time: Sun Apr 25 11:56:53 2021
timezone: GMT Daylight Time
elapsed time: 43 seconds (0d 0h 0m 43s)

