#
# There is insufficient memory for the Java Runtime Environment to continue.
# Native memory allocation (malloc) failed to allocate 1123600 bytes for Chunk::new
# Possible reasons:
#   The system is out of physical RAM or swap space
#   The process is running with CompressedOops enabled, and the Java Heap may be blocking the growth of the native heap
# Possible solutions:
#   Reduce memory load on the system
#   Increase physical memory or swap space
#   Check if swap backing store is full
#   Decrease Java heap size (-Xmx/-Xms)
#   Decrease number of Java threads
#   Decrease Java thread stack sizes (-Xss)
#   Set larger code cache with -XX:ReservedCodeCacheSize=
#   JVM is running with Unscaled Compressed Oops mode in which the Java heap is
#     placed in the first 4GB address space. The Java Heap base address is the
#     maximum limit for the native heap growth. Please use -XX:HeapBaseMinAddress
#     to set the Java Heap base and to place the Java Heap above 4GB virtual address.
# This output file may be truncated or incomplete.
#
#  Out of Memory Error (allocation.cpp:389), pid=1992, tid=0x0000000000001b0c
#
# JRE version: OpenJDK Runtime Environment (8.0_202-b03) (build 1.8.0_202-release-1483-b03)
# Java VM: OpenJDK 64-Bit Server VM (25.202-b03 mixed mode windows-amd64 compressed oops)
# Failed to write core dump. Minidumps are not enabled by default on client versions of Windows
#

---------------  T H R E A D  ---------------

Current thread (0x0000000015ef5800):  JavaThread "C2 CompilerThread1" daemon [_thread_in_native, id=6924, stack(0x0000000017640000,0x0000000017740000)]

Stack: [0x0000000017640000,0x0000000017740000]
[error occurred during error reporting (printing stack bounds), id 0xc0000005]

Native frames: (J=compiled Java code, j=interpreted, Vv=VM code, C=native code)


Current CompileTask:
C2: 912638 27267       4       com.android.tools.r8.z.a.a.f::a (6058 bytes)


---------------  P R O C E S S  ---------------

Java Threads: ( => current thread )
  0x000000001eb44800 JavaThread "ForkJoinPool-14-worker-1" daemon [_thread_blocked, id=11920, stack(0x0000000021af0000,0x0000000021bf0000)]
  0x000000001eb46800 JavaThread "ForkJoinPool-14-worker-0" daemon [_thread_blocked, id=1784, stack(0x000000002c3e0000,0x000000002c4e0000)]
  0x000000001ebec000 JavaThread "stdout" daemon [_thread_in_native, id=9220, stack(0x000000002bc60000,0x000000002bd60000)]
  0x000000001ebeb000 JavaThread "stderr" daemon [_thread_in_native, id=10308, stack(0x000000002a930000,0x000000002aa30000)]
  0x000000001ebe9800 JavaThread "ForkJoinPool-1-worker-1" daemon [_thread_blocked, id=1816, stack(0x0000000024c20000,0x0000000024d20000)]
  0x000000001a351000 JavaThread "RMI TCP Connection(idle)" daemon [_thread_blocked, id=11368, stack(0x0000000024040000,0x0000000024140000)]
  0x000000001a34f800 JavaThread "RMI Reaper" [_thread_blocked, id=11000, stack(0x0000000023f40000,0x0000000024040000)]
  0x000000001a350800 JavaThread "RMI TCP Accept-0" daemon [_thread_in_native, id=12660, stack(0x0000000023e40000,0x0000000023f40000)]
  0x000000001a352000 JavaThread "GC Daemon" daemon [_thread_blocked, id=7500, stack(0x0000000023d40000,0x0000000023e40000)]
  0x000000001e69e800 JavaThread "RMI Scheduler(0)" daemon [_thread_blocked, id=11140, stack(0x0000000022a90000,0x0000000022b90000)]
  0x000000001e69a800 JavaThread "WorkerExecutor Queue Thread 5" [_thread_blocked, id=6524, stack(0x00000000214f0000,0x00000000215f0000)]
  0x000000001e69d000 JavaThread "Cache worker for Java compile cache (C:\Users\Jason\Desktop\virtuallearningapp\android\.gradle\6.7\javaCompile)" [_thread_blocked, id=11372, stack(0x0000000023140000,0x0000000023240000)]
  0x000000001e69a000 JavaThread "Cache worker for Java compile cache (C:\Users\Jason\.gradle\caches\6.7\javaCompile)" [_thread_blocked, id=7828, stack(0x0000000022d90000,0x0000000022e90000)]
  0x000000001e69b800 JavaThread "stdout" [_thread_in_native, id=9972, stack(0x0000000022590000,0x0000000022690000)]
  0x000000001e69d800 JavaThread "stderr" [_thread_in_native, id=11648, stack(0x0000000022490000,0x0000000022590000)]
  0x000000001e691800 JavaThread "stdout" [_thread_in_native, id=5432, stack(0x0000000022390000,0x0000000022490000)]
  0x000000001e698800 JavaThread "stderr" [_thread_in_native, id=4372, stack(0x0000000022290000,0x0000000022390000)]
  0x000000001e696000 JavaThread "stdout" [_thread_in_native, id=11208, stack(0x0000000022190000,0x0000000022290000)]
  0x000000001e690800 JavaThread "stderr" [_thread_in_native, id=10580, stack(0x0000000022090000,0x0000000022190000)]
  0x000000001e695800 JavaThread "pool-4-thread-1" [_thread_blocked, id=4524, stack(0x0000000021f90000,0x0000000022090000)]
  0x000000001e694800 JavaThread "WorkerExecutor Queue Thread 4" [_thread_blocked, id=9740, stack(0x0000000021bf0000,0x0000000021cf0000)]
  0x000000001e693000 JavaThread "WorkerExecutor Queue Thread 2" [_thread_blocked, id=9032, stack(0x0000000020ff0000,0x00000000210f0000)]
  0x000000001e692000 JavaThread "WorkerExecutor Queue" [_thread_blocked, id=5544, stack(0x0000000020ef0000,0x0000000020ff0000)]
  0x000000001eb43000 JavaThread "Cache worker for execution history cache (C:\Users\Jason\Desktop\virtuallearningapp\android\.gradle\6.7\executionHistory)" [_thread_blocked, id=7356, stack(0x000000002f260000,0x000000002f360000)]
  0x000000001eb42000 JavaThread "Execution worker for ':' Thread 3" [_thread_blocked, id=4840, stack(0x000000002f160000,0x000000002f260000)]
  0x000000001e6a0000 JavaThread "Execution worker for ':' Thread 2" [_thread_in_Java, id=9212, stack(0x000000002f060000,0x000000002f160000)]
  0x000000001e69f000 JavaThread "Execution worker for ':'" [_thread_blocked, id=5344, stack(0x00000000219f0000,0x0000000021af0000)]
  0x000000001797a000 JavaThread "Build operations Thread 4" [_thread_blocked, id=2116, stack(0x0000000020df0000,0x0000000020ef0000)]
  0x0000000017979000 JavaThread "Build operations Thread 3" [_thread_blocked, id=12840, stack(0x0000000020cf0000,0x0000000020df0000)]
  0x000000001796e000 JavaThread "Build operations Thread 2" [_thread_blocked, id=9848, stack(0x00000000209f0000,0x0000000020af0000)]
  0x0000000017974800 JavaThread "Build operations" [_thread_blocked, id=6256, stack(0x0000000020150000,0x0000000020250000)]
  0x000000001796d000 JavaThread "Cache worker for Build Output Cleanup Cache (C:\Users\Jason\Desktop\virtuallearningapp\android\.gradle\buildOutputCleanup)" [_thread_blocked, id=2828, stack(0x000000001f950000,0x000000001fa50000)]
  0x000000001796e800 JavaThread "Cache worker for cache directory md-rule (C:\Users\Jason\.gradle\caches\6.7\md-rule)" [_thread_blocked, id=10980, stack(0x000000001f850000,0x000000001f950000)]
  0x0000000017974000 JavaThread "Cache worker for cache directory md-supplier (C:\Users\Jason\.gradle\caches\6.7\md-supplier)" [_thread_blocked, id=12568, stack(0x000000001e300000,0x000000001e400000)]
  0x000000001796c800 JavaThread "Cache worker for checksums cache (C:\Users\Jason\Desktop\virtuallearningapp\android\.gradle\checksums)" [_thread_blocked, id=10276, stack(0x000000001e200000,0x000000001e300000)]
  0x0000000017973000 JavaThread "Cache worker for file hash cache (C:\Users\Jason\Desktop\virtuallearningapp\android\.gradle\6.7\fileHashes)" [_thread_blocked, id=2944, stack(0x000000001b960000,0x000000001ba60000)]
  0x000000001796b800 JavaThread "Thread-153" [_thread_blocked, id=6900, stack(0x000000001b860000,0x000000001b960000)]
  0x0000000017972800 JavaThread "Stdin handler" [_thread_blocked, id=9420, stack(0x000000001b760000,0x000000001b860000)]
  0x0000000017970000 JavaThread "Asynchronous log dispatcher for DefaultDaemonConnection: socket connection from /127.0.0.1:60502 to /127.0.0.1:63854" [_thread_blocked, id=10824, stack(0x000000001b660000,0x000000001b760000)]
  0x000000001796f800 JavaThread "Daemon worker Thread 2" [_thread_blocked, id=3812, stack(0x000000001b160000,0x000000001b260000)]
  0x000000001796b000 JavaThread "Cancel handler" [_thread_blocked, id=7256, stack(0x000000001ad20000,0x000000001ae20000)]
  0x0000000017971800 JavaThread "Handler for socket connection from /127.0.0.1:60502 to /127.0.0.1:63854" [_thread_in_native, id=4768, stack(0x000000001ac20000,0x000000001ad20000)]
  0x0000000017971000 JavaThread "Daemon Thread 2" [_thread_blocked, id=9796, stack(0x0000000000960000,0x0000000000a60000)]
  0x0000000017977000 JavaThread "Memory manager" [_thread_blocked, id=4388, stack(0x0000000024df0000,0x0000000024ef0000)]
  0x00000000189ac800 JavaThread "Cache worker for file content cache (C:\Users\Jason\.gradle\caches\6.7\fileContent)" [_thread_blocked, id=9692, stack(0x0000000020250000,0x0000000020350000)]
  0x00000000189ac000 JavaThread "Cache worker for execution history cache (C:\Users\Jason\.gradle\caches\6.7\executionHistory)" [_thread_blocked, id=9596, stack(0x000000001fa50000,0x000000001fb50000)]
  0x00000000189a8000 JavaThread "Cache worker for journal cache (C:\Users\Jason\.gradle\caches\journal-1)" [_thread_blocked, id=6640, stack(0x000000001bf60000,0x000000001c060000)]
  0x00000000189a9800 JavaThread "File lock request listener" [_thread_in_native, id=13148, stack(0x000000001be60000,0x000000001bf60000)]
  0x0000000017a8d000 JavaThread "Cache worker for file hash cache (C:\Users\Jason\.gradle\caches\6.7\fileHashes)" [_thread_blocked, id=12244, stack(0x000000001bc60000,0x000000001bd60000)]
  0x00000000192bf800 JavaThread "Daemon periodic checks" [_thread_blocked, id=10340, stack(0x000000001b060000,0x000000001b160000)]
  0x0000000017ead800 JavaThread "Incoming local TCP Connector on port 60502" [_thread_in_native, id=12992, stack(0x000000001ae20000,0x000000001af20000)]
  0x0000000019655800 JavaThread "Daemon health stats" [_thread_blocked, id=5404, stack(0x000000001a5e0000,0x000000001a6e0000)]
  0x0000000017860800 JavaThread "Service Thread" daemon [_thread_blocked, id=3920, stack(0x0000000017c40000,0x0000000017d40000)]
  0x0000000015efe000 JavaThread "C1 CompilerThread2" daemon [_thread_blocked, id=3880, stack(0x0000000017740000,0x0000000017840000)]
=>0x0000000015ef5800 JavaThread "C2 CompilerThread1" daemon [_thread_in_native, id=6924, stack(0x0000000017640000,0x0000000017740000)]
  0x0000000015ef2800 JavaThread "C2 CompilerThread0" daemon [_thread_in_native, id=9888, stack(0x0000000017540000,0x0000000017640000)]
  0x0000000015ef1000 JavaThread "Attach Listener" daemon [_thread_blocked, id=7252, stack(0x0000000017440000,0x0000000017540000)]
  0x0000000015eef800 JavaThread "Signal Dispatcher" daemon [_thread_blocked, id=11272, stack(0x0000000017340000,0x0000000017440000)]
  0x00000000024ae000 JavaThread "Finalizer" daemon [_thread_blocked, id=11480, stack(0x0000000017140000,0x0000000017240000)]
  0x0000000015ed9000 JavaThread "Reference Handler" daemon [_thread_blocked, id=1792, stack(0x0000000017040000,0x0000000017140000)]
  0x00000000023b2800 JavaThread "main" [_thread_blocked, id=7216, stack(0x0000000000ae0000,0x0000000000be0000)]

Other Threads:
  0x0000000015eb8000 VMThread [stack: 0x0000000016f40000,0x0000000017040000] [id=232]
  0x0000000017865000 WatcherThread [stack: 0x0000000017d40000,0x0000000017e40000] [id=8908]

VM state:not at safepoint (normal execution)

VM Mutex/Monitor currently owned by a thread: None

heap address: 0x00000000a0000000, size: 1536 MB, Compressed Oops mode: 32-bit
Narrow klass base: 0x0000000000000000, Narrow klass shift: 3
Compressed class space size: 1073741824 Address: 0x0000000100000000

Heap:
 PSYoungGen      total 392192K, used 66387K [0x00000000e0000000, 0x0000000100000000, 0x0000000100000000)
  eden space 319488K, 20% used [0x00000000e0000000,0x00000000e40d4e28,0x00000000f3800000)
  from space 72704K, 0% used [0x00000000fb900000,0x00000000fb900000,0x0000000100000000)
  to   space 102400K, 0% used [0x00000000f3800000,0x00000000f3800000,0x00000000f9c00000)
 ParOldGen       total 504320K, used 280905K [0x00000000a0000000, 0x00000000bec80000, 0x00000000e0000000)
  object space 504320K, 55% used [0x00000000a0000000,0x00000000b1252478,0x00000000bec80000)
 Metaspace       used 158744K, capacity 167027K, committed 167168K, reserved 1193984K
  class space    used 20392K, capacity 21937K, committed 22016K, reserved 1048576K

Card table byte_map: [0x0000000011940000,0x0000000011c50000] byte_map_base: 0x0000000011440000

Marking Bits: (ParMarkBitMap*) 0x0000000055df9f30
 Begin Bits: [0x0000000012250000, 0x0000000013a50000)
 End Bits:   [0x0000000013a50000, 0x0000000015250000)

Polling page: 0x0000000000be0000

CodeCache: size=245760Kb used=75091Kb max_used=75091Kb free=170668Kb
 bounds [0x0000000002580000, 0x0000000006f30000, 0x0000000011580000]
 total_blobs=23087 nmethods=22073 adapters=924
 compilation: enabled

Compilation events (10 events):
Event: 912.629 Thread 0x0000000015efe000 nmethod 27414 0x0000000006f29790 code [0x0000000006f29940, 0x0000000006f29f08]
Event: 912.629 Thread 0x0000000015efe000 27415       3       com.android.tools.r8.q.a.a.d.a::a (7 bytes)
Event: 912.629 Thread 0x0000000015efe000 nmethod 27415 0x0000000006f2a290 code [0x0000000006f2a3e0, 0x0000000006f2a570]
Event: 912.631 Thread 0x0000000015efe000 27416       3       com.android.tools.r8.graph.w0$$Lambda$1749/13911588::apply (8 bytes)
Event: 912.631 Thread 0x0000000015efe000 nmethod 27416 0x0000000006f2a650 code [0x0000000006f2a800, 0x0000000006f2ae90]
Event: 912.633 Thread 0x0000000015efe000 27417       3       java.util.Collections$UnmodifiableMap::forEach (11 bytes)
Event: 912.633 Thread 0x0000000015efe000 nmethod 27417 0x0000000006f2b250 code [0x0000000006f2b3c0, 0x0000000006f2b5e8]
Event: 912.634 Thread 0x0000000015efe000 27418       3       com.android.tools.r8.shaking.KeepReason::instantiatedIn (13 bytes)
Event: 912.634 Thread 0x0000000015efe000 nmethod 27418 0x0000000006f2b690 code [0x0000000006f2b820, 0x0000000006f2bc90]
Event: 912.634 Thread 0x0000000015efe000 27419       3       com.android.tools.r8.shaking.Enqueuer::traceNewInstance (62 bytes)

GC Heap History (10 events):
Event: 892.147 GC heap before
{Heap before GC invocations=28 (full 5):
 PSYoungGen      total 453632K, used 387584K [0x00000000e0000000, 0x00000000ffb80000, 0x0000000100000000)
  eden space 387584K, 100% used [0x00000000e0000000,0x00000000f7a80000,0x00000000f7a80000)
  from space 66048K, 0% used [0x00000000fbb00000,0x00000000fbb00000,0x00000000ffb80000)
  to   space 66048K, 0% used [0x00000000f7a80000,0x00000000f7a80000,0x00000000fbb00000)
 ParOldGen       total 320000K, used 137360K [0x00000000a0000000, 0x00000000b3880000, 0x00000000e0000000)
  object space 320000K, 42% used [0x00000000a0000000,0x00000000a8624178,0x00000000b3880000)
 Metaspace       used 153917K, capacity 161601K, committed 161920K, reserved 1189888K
  class space    used 19814K, capacity 21294K, committed 21376K, reserved 1048576K
Event: 892.244 GC heap after
Heap after GC invocations=28 (full 5):
 PSYoungGen      total 443392K, used 55390K [0x00000000e0000000, 0x0000000100000000, 0x0000000100000000)
  eden space 387584K, 0% used [0x00000000e0000000,0x00000000e0000000,0x00000000f7a80000)
  from space 55808K, 99% used [0x00000000f7a80000,0x00000000fb097988,0x00000000fb100000)
  to   space 72704K, 0% used [0x00000000fb900000,0x00000000fb900000,0x0000000100000000)
 ParOldGen       total 320000K, used 137368K [0x00000000a0000000, 0x00000000b3880000, 0x00000000e0000000)
  object space 320000K, 42% used [0x00000000a0000000,0x00000000a8626178,0x00000000b3880000)
 Metaspace       used 153917K, capacity 161601K, committed 161920K, reserved 1189888K
  class space    used 19814K, capacity 21294K, committed 21376K, reserved 1048576K
}
Event: 902.711 GC heap before
{Heap before GC invocations=29 (full 5):
 PSYoungGen      total 443392K, used 442974K [0x00000000e0000000, 0x0000000100000000, 0x0000000100000000)
  eden space 387584K, 100% used [0x00000000e0000000,0x00000000f7a80000,0x00000000f7a80000)
  from space 55808K, 99% used [0x00000000f7a80000,0x00000000fb097988,0x00000000fb100000)
  to   space 72704K, 0% used [0x00000000fb900000,0x00000000fb900000,0x0000000100000000)
 ParOldGen       total 320000K, used 137368K [0x00000000a0000000, 0x00000000b3880000, 0x00000000e0000000)
  object space 320000K, 42% used [0x00000000a0000000,0x00000000a8626178,0x00000000b3880000)
 Metaspace       used 154767K, capacity 162565K, committed 162816K, reserved 1189888K
  class space    used 19882K, capacity 21390K, committed 21504K, reserved 1048576K
Event: 902.753 GC heap after
Heap after GC invocations=29 (full 5):
 PSYoungGen      total 454144K, used 35053K [0x00000000e0000000, 0x0000000100000000, 0x0000000100000000)
  eden space 381440K, 0% used [0x00000000e0000000,0x00000000e0000000,0x00000000f7480000)
  from space 72704K, 48% used [0x00000000fb900000,0x00000000fdb3b668,0x0000000100000000)
  to   space 70144K, 0% used [0x00000000f7480000,0x00000000f7480000,0x00000000fb900000)
 ParOldGen       total 320000K, used 152225K [0x00000000a0000000, 0x00000000b3880000, 0x00000000e0000000)
  object space 320000K, 47% used [0x00000000a0000000,0x00000000a94a8738,0x00000000b3880000)
 Metaspace       used 154767K, capacity 162565K, committed 162816K, reserved 1189888K
  class space    used 19882K, capacity 21390K, committed 21504K, reserved 1048576K
}
Event: 905.839 GC heap before
{Heap before GC invocations=30 (full 5):
 PSYoungGen      total 454144K, used 416493K [0x00000000e0000000, 0x0000000100000000, 0x0000000100000000)
  eden space 381440K, 100% used [0x00000000e0000000,0x00000000f7480000,0x00000000f7480000)
  from space 72704K, 48% used [0x00000000fb900000,0x00000000fdb3b668,0x0000000100000000)
  to   space 70144K, 0% used [0x00000000f7480000,0x00000000f7480000,0x00000000fb900000)
 ParOldGen       total 320000K, used 152225K [0x00000000a0000000, 0x00000000b3880000, 0x00000000e0000000)
  object space 320000K, 47% used [0x00000000a0000000,0x00000000a94a8738,0x00000000b3880000)
 Metaspace       used 156482K, capacity 164475K, committed 164608K, reserved 1191936K
  class space    used 20114K, capacity 21641K, committed 21760K, reserved 1048576K
Event: 906.007 GC heap after
Heap after GC invocations=30 (full 5):
 PSYoungGen      total 451584K, used 70125K [0x00000000e0000000, 0x0000000100000000, 0x0000000100000000)
  eden space 381440K, 0% used [0x00000000e0000000,0x00000000e0000000,0x00000000f7480000)
  from space 70144K, 99% used [0x00000000f7480000,0x00000000fb8fb4a8,0x00000000fb900000)
  to   space 72704K, 0% used [0x00000000fb900000,0x00000000fb900000,0x0000000100000000)
 ParOldGen       total 320000K, used 198243K [0x00000000a0000000, 0x00000000b3880000, 0x00000000e0000000)
  object space 320000K, 61% used [0x00000000a0000000,0x00000000ac198fc0,0x00000000b3880000)
 Metaspace       used 156482K, capacity 164475K, committed 164608K, reserved 1191936K
  class space    used 20114K, capacity 21641K, committed 21760K, reserved 1048576K
}
Event: 909.409 GC heap before
{Heap before GC invocations=31 (full 5):
 PSYoungGen      total 451584K, used 451565K [0x00000000e0000000, 0x0000000100000000, 0x0000000100000000)
  eden space 381440K, 100% used [0x00000000e0000000,0x00000000f7480000,0x00000000f7480000)
  from space 70144K, 99% used [0x00000000f7480000,0x00000000fb8fb4a8,0x00000000fb900000)
  to   space 72704K, 0% used [0x00000000fb900000,0x00000000fb900000,0x0000000100000000)
 ParOldGen       total 320000K, used 198243K [0x00000000a0000000, 0x00000000b3880000, 0x00000000e0000000)
  object space 320000K, 61% used [0x00000000a0000000,0x00000000ac198fc0,0x00000000b3880000)
 Metaspace       used 157187K, capacity 165281K, committed 165376K, reserved 1193984K
  class space    used 20201K, capacity 21722K, committed 21760K, reserved 1048576K
Event: 909.594 GC heap after
Heap after GC invocations=31 (full 5):
 PSYoungGen      total 392192K, used 66979K [0x00000000e0000000, 0x0000000100000000, 0x0000000100000000)
  eden space 319488K, 0% used [0x00000000e0000000,0x00000000e0000000,0x00000000f3800000)
  from space 72704K, 92% used [0x00000000fb900000,0x00000000ffa68d70,0x0000000100000000)
  to   space 102400K, 0% used [0x00000000f3800000,0x00000000f3800000,0x00000000f9c00000)
 ParOldGen       total 320000K, used 265290K [0x00000000a0000000, 0x00000000b3880000, 0x00000000e0000000)
  object space 320000K, 82% used [0x00000000a0000000,0x00000000b0312b00,0x00000000b3880000)
 Metaspace       used 157187K, capacity 165281K, committed 165376K, reserved 1193984K
  class space    used 20201K, capacity 21722K, committed 21760K, reserved 1048576K
}
Event: 909.594 GC heap before
{Heap before GC invocations=32 (full 6):
 PSYoungGen      total 392192K, used 66979K [0x00000000e0000000, 0x0000000100000000, 0x0000000100000000)
  eden space 319488K, 0% used [0x00000000e0000000,0x00000000e0000000,0x00000000f3800000)
  from space 72704K, 92% used [0x00000000fb900000,0x00000000ffa68d70,0x0000000100000000)
  to   space 102400K, 0% used [0x00000000f3800000,0x00000000f3800000,0x00000000f9c00000)
 ParOldGen       total 320000K, used 265290K [0x00000000a0000000, 0x00000000b3880000, 0x00000000e0000000)
  object space 320000K, 82% used [0x00000000a0000000,0x00000000b0312b00,0x00000000b3880000)
 Metaspace       used 157187K, capacity 165281K, committed 165376K, reserved 1193984K
  class space    used 20201K, capacity 21722K, committed 21760K, reserved 1048576K
Event: 911.200 GC heap after
Heap after GC invocations=32 (full 6):
 PSYoungGen      total 392192K, used 0K [0x00000000e0000000, 0x0000000100000000, 0x0000000100000000)
  eden space 319488K, 0% used [0x00000000e0000000,0x00000000e0000000,0x00000000f3800000)
  from space 72704K, 0% used [0x00000000fb900000,0x00000000fb900000,0x0000000100000000)
  to   space 102400K, 0% used [0x00000000f3800000,0x00000000f3800000,0x00000000f9c00000)
 ParOldGen       total 504320K, used 280905K [0x00000000a0000000, 0x00000000bec80000, 0x00000000e0000000)
  object space 504320K, 55% used [0x00000000a0000000,0x00000000b1252478,0x00000000bec80000)
 Metaspace       used 157179K, capacity 165259K, committed 165376K, reserved 1193984K
  class space    used 20198K, capacity 21717K, committed 21760K, reserved 1048576K
}

Deoptimization events (10 events):
Event: 912.006 Thread 0x000000001e6a0000 Uncommon trap: reason=class_check action=maybe_recompile pc=0x0000000003239f14 method=com.android.tools.r8.z.a.a.f.a(Lcom/android/tools/r8/z/a/a/u;Lcom/android/tools/r8/z/a/a/k;IZ)V @ 20
Event: 912.016 Thread 0x000000001e6a0000 Uncommon trap: reason=class_check action=maybe_recompile pc=0x0000000003239f14 method=com.android.tools.r8.z.a.a.f.a(Lcom/android/tools/r8/z/a/a/u;Lcom/android/tools/r8/z/a/a/k;IZ)V @ 20
Event: 912.018 Thread 0x000000001e6a0000 Uncommon trap: reason=class_check action=maybe_recompile pc=0x0000000003239f14 method=com.android.tools.r8.z.a.a.f.a(Lcom/android/tools/r8/z/a/a/u;Lcom/android/tools/r8/z/a/a/k;IZ)V @ 20
Event: 912.018 Thread 0x000000001e6a0000 Uncommon trap: reason=class_check action=maybe_recompile pc=0x0000000003239f14 method=com.android.tools.r8.z.a.a.f.a(Lcom/android/tools/r8/z/a/a/u;Lcom/android/tools/r8/z/a/a/k;IZ)V @ 20
Event: 912.049 Thread 0x000000001e6a0000 Uncommon trap: reason=class_check action=maybe_recompile pc=0x0000000006cb8234 method=com.android.tools.r8.z.a.a.f.a(Lcom/android/tools/r8/z/a/a/h;[Lcom/android/tools/r8/z/a/a/d;I)V @ 663
Event: 912.049 Thread 0x000000001e6a0000 Uncommon trap: reason=unstable_if action=reinterpret pc=0x0000000006c33768 method=com.android.tools.r8.z.a.a.f.a(Lcom/android/tools/r8/z/a/a/a;ILjava/lang/String;[C)I @ 1
Event: 912.050 Thread 0x000000001e6a0000 Uncommon trap: reason=class_check action=maybe_recompile pc=0x0000000006cb8234 method=com.android.tools.r8.z.a.a.f.a(Lcom/android/tools/r8/z/a/a/h;[Lcom/android/tools/r8/z/a/a/d;I)V @ 663
Event: 912.057 Thread 0x000000001e6a0000 Uncommon trap: reason=class_check action=maybe_recompile pc=0x0000000006cb8234 method=com.android.tools.r8.z.a.a.f.a(Lcom/android/tools/r8/z/a/a/h;[Lcom/android/tools/r8/z/a/a/d;I)V @ 663
Event: 912.097 Thread 0x000000001e6a0000 Uncommon trap: reason=unloaded action=reinterpret pc=0x000000000481bf14 method=com.android.tools.r8.z.a.a.f.b(I[C)Ljava/lang/Object; @ 335
Event: 912.129 Thread 0x000000001e6a0000 Uncommon trap: reason=class_check action=maybe_recompile pc=0x000000000450a5b0 method=com.android.tools.r8.z.a.a.f.a(Lcom/android/tools/r8/z/a/a/h;[Lcom/android/tools/r8/z/a/a/d;I)V @ 1722

Classes redefined (0 events):
No events

Internal exceptions (10 events):
Event: 902.069 Thread 0x000000001e6a0000 Exception <a 'sun/nio/fs/WindowsException'> (0x00000000f20fcb48) thrown at [D:\src\AOSP-openjdk-cygwin\jdk8u\hotspot\src\share\vm\prims\jni.cpp, line 710]
Event: 902.120 Thread 0x000000001e6a0000 Exception <a 'sun/nio/fs/WindowsException'> (0x00000000f21e9c78) thrown at [D:\src\AOSP-openjdk-cygwin\jdk8u\hotspot\src\share\vm\prims\jni.cpp, line 710]
Event: 902.120 Thread 0x000000001e6a0000 Exception <a 'sun/nio/fs/WindowsException'> (0x00000000f21eae70) thrown at [D:\src\AOSP-openjdk-cygwin\jdk8u\hotspot\src\share\vm\prims\jni.cpp, line 710]
Event: 902.127 Thread 0x000000001e6a0000 Exception <a 'sun/nio/fs/WindowsException'> (0x00000000f220a5c0) thrown at [D:\src\AOSP-openjdk-cygwin\jdk8u\hotspot\src\share\vm\prims\jni.cpp, line 710]
Event: 902.127 Thread 0x000000001e6a0000 Exception <a 'sun/nio/fs/WindowsException'> (0x00000000f220ae48) thrown at [D:\src\AOSP-openjdk-cygwin\jdk8u\hotspot\src\share\vm\prims\jni.cpp, line 710]
Event: 902.127 Thread 0x000000001e6a0000 Exception <a 'sun/nio/fs/WindowsException'> (0x00000000f220b6d0) thrown at [D:\src\AOSP-openjdk-cygwin\jdk8u\hotspot\src\share\vm\prims\jni.cpp, line 710]
Event: 902.127 Thread 0x000000001e6a0000 Exception <a 'sun/nio/fs/WindowsException'> (0x00000000f220bf68) thrown at [D:\src\AOSP-openjdk-cygwin\jdk8u\hotspot\src\share\vm\prims\jni.cpp, line 710]
Event: 902.127 Thread 0x000000001e6a0000 Exception <a 'sun/nio/fs/WindowsException'> (0x00000000f220c8d0) thrown at [D:\src\AOSP-openjdk-cygwin\jdk8u\hotspot\src\share\vm\prims\jni.cpp, line 710]
Event: 903.741 Thread 0x000000001e6a0000 Exception <a 'java/lang/IncompatibleClassChangeError': Found class java.lang.Object, but interface was expected> (0x00000000e6f1c808) thrown at [D:\src\AOSP-openjdk-cygwin\jdk8u\hotspot\src\share\vm\interpreter\linkResolver.cpp, line 653]
Event: 907.397 Thread 0x000000001e6a0000 Implicit null exception at 0x0000000006b9798f to 0x0000000006b9955d

Events (10 events):
Event: 912.444 loading class com/android/tools/r8/graph/W done
Event: 912.444 loading class com/android/tools/r8/graph/W
Event: 912.444 loading class com/android/tools/r8/graph/W done
Event: 912.514 Executing VM operation: ForceSafepoint
Event: 912.515 Executing VM operation: ForceSafepoint done
Event: 912.571 Thread 0x0000000015efe000 flushing nmethod 0x0000000006ac0f90
Event: 912.571 Thread 0x0000000015efe000 flushing nmethod 0x0000000006b08c10
Event: 912.571 Thread 0x0000000015efe000 flushing nmethod 0x0000000006b4ca10
Event: 912.571 Thread 0x0000000015efe000 flushing nmethod 0x0000000006b4ea90
Event: 912.571 Thread 0x0000000015efe000 flushing nmethod 0x0000000006b51550


Dynamic libraries:
0x00007ff6fdee0000 - 0x00007ff6fdf11000 	C:\Program Files\Android\Android Studio\jre\bin\java.exe
0x00007ff8586e0000 - 0x00007ff8588d0000 	C:\WINDOWS\SYSTEM32\ntdll.dll
0x00007ff858530000 - 0x00007ff8585e2000 	C:\WINDOWS\System32\KERNEL32.DLL
0x00007ff8557b0000 - 0x00007ff855a55000 	C:\WINDOWS\System32\KERNELBASE.dll
0x00007ff853800000 - 0x00007ff85388f000 	C:\WINDOWS\SYSTEM32\apphelp.dll
0x00007ff856b20000 - 0x00007ff856bc3000 	C:\WINDOWS\System32\ADVAPI32.dll
0x00007ff856790000 - 0x00007ff85682e000 	C:\WINDOWS\System32\msvcrt.dll
0x00007ff857060000 - 0x00007ff8570f7000 	C:\WINDOWS\System32\sechost.dll
0x00007ff856e40000 - 0x00007ff856f60000 	C:\WINDOWS\System32\RPCRT4.dll
0x00007ff856ca0000 - 0x00007ff856e34000 	C:\WINDOWS\System32\USER32.dll
0x00007ff856390000 - 0x00007ff8563b1000 	C:\WINDOWS\System32\win32u.dll
0x00007ff856830000 - 0x00007ff856856000 	C:\WINDOWS\System32\GDI32.dll
0x00007ff856540000 - 0x00007ff8566d6000 	C:\WINDOWS\System32\gdi32full.dll
0x00007ff856420000 - 0x00007ff8564be000 	C:\WINDOWS\System32\msvcp_win.dll
0x00007ff855690000 - 0x00007ff85578a000 	C:\WINDOWS\System32\ucrtbase.dll
0x00007ff848260000 - 0x00007ff8484e4000 	C:\WINDOWS\WinSxS\amd64_microsoft.windows.common-controls_6595b64144ccf1df_6.0.18362.1198_none_9e820b57e45ad92f\COMCTL32.dll
0x00007ff857b70000 - 0x00007ff857ea5000 	C:\WINDOWS\System32\combase.dll
0x00007ff8564c0000 - 0x00007ff856540000 	C:\WINDOWS\System32\bcryptPrimitives.dll
0x00007ff856fc0000 - 0x00007ff856fee000 	C:\WINDOWS\System32\IMM32.DLL
0x0000000055e80000 - 0x0000000055f52000 	C:\Program Files\Android\Android Studio\jre\jre\bin\msvcr100.dll
0x0000000055630000 - 0x0000000055e76000 	C:\Program Files\Android\Android Studio\jre\jre\bin\server\jvm.dll
0x00007ff857120000 - 0x00007ff857128000 	C:\WINDOWS\System32\PSAPI.DLL
0x00007ff852220000 - 0x00007ff852244000 	C:\WINDOWS\SYSTEM32\WINMM.dll
0x00007ff851ce0000 - 0x00007ff851ce9000 	C:\WINDOWS\SYSTEM32\WSOCK32.dll
0x00007ff856ff0000 - 0x00007ff85705f000 	C:\WINDOWS\System32\WS2_32.dll
0x00007ff845840000 - 0x00007ff84584a000 	C:\WINDOWS\SYSTEM32\VERSION.dll
0x00007ff8521f0000 - 0x00007ff85221d000 	C:\WINDOWS\SYSTEM32\winmmbase.dll
0x00007ff855a60000 - 0x00007ff855aaa000 	C:\WINDOWS\System32\cfgmgr32.dll
0x00007ff846580000 - 0x00007ff84658f000 	C:\Program Files\Android\Android Studio\jre\jre\bin\verify.dll
0x00007ff846550000 - 0x00007ff846579000 	C:\Program Files\Android\Android Studio\jre\jre\bin\java.dll
0x00007ff8302b0000 - 0x00007ff8302c6000 	C:\Program Files\Android\Android Studio\jre\jre\bin\zip.dll
0x00007ff857240000 - 0x00007ff857927000 	C:\WINDOWS\System32\SHELL32.dll
0x00007ff857190000 - 0x00007ff857239000 	C:\WINDOWS\System32\shcore.dll
0x00007ff855c00000 - 0x00007ff856381000 	C:\WINDOWS\System32\windows.storage.dll
0x00007ff855630000 - 0x00007ff855653000 	C:\WINDOWS\System32\profapi.dll
0x00007ff8555a0000 - 0x00007ff8555ea000 	C:\WINDOWS\System32\powrprof.dll
0x00007ff855590000 - 0x00007ff8555a0000 	C:\WINDOWS\System32\UMPDC.dll
0x00007ff8579b0000 - 0x00007ff857a02000 	C:\WINDOWS\System32\shlwapi.dll
0x00007ff8555f0000 - 0x00007ff855601000 	C:\WINDOWS\System32\kernel.appcore.dll
0x00007ff855790000 - 0x00007ff8557a7000 	C:\WINDOWS\System32\cryptsp.dll
0x00007ff82d810000 - 0x00007ff82d82a000 	C:\Program Files\Android\Android Studio\jre\jre\bin\net.dll
0x00007ff854de0000 - 0x00007ff854e47000 	C:\WINDOWS\system32\mswsock.dll
0x00007ff82d7f0000 - 0x00007ff82d801000 	C:\Program Files\Android\Android Studio\jre\jre\bin\nio.dll
0x00007ff82d7b0000 - 0x00007ff82d7d6000 	C:\Users\Jason\.gradle\native\fdc75f09e3144964f2cf3f50f0aa648679c211496f362492102eb8c894070792\windows-amd64\native-platform.dll
0x00007ff80e790000 - 0x00007ff80e921000 	C:\Users\Jason\.gradle\native\12488b8bf47d2d4c9fbf2f6322a914ad602e24e48041cd04a747c6da556b65c4\windows-amd64\native-platform-file-events.dll
0x00007ff846540000 - 0x00007ff84654d000 	C:\Program Files\Android\Android Studio\jre\jre\bin\management.dll
0x00007ff854950000 - 0x00007ff854983000 	C:\WINDOWS\system32\rsaenh.dll
0x00007ff855660000 - 0x00007ff855686000 	C:\WINDOWS\System32\bcrypt.dll
0x00007ff8554b0000 - 0x00007ff8554d5000 	C:\WINDOWS\SYSTEM32\USERENV.dll
0x00007ff854fb0000 - 0x00007ff854fbc000 	C:\WINDOWS\SYSTEM32\CRYPTBASE.dll
0x00007ff854af0000 - 0x00007ff854b2a000 	C:\WINDOWS\SYSTEM32\IPHLPAPI.DLL
0x00007ff857100000 - 0x00007ff857108000 	C:\WINDOWS\System32\NSI.dll
0x00007ff84f770000 - 0x00007ff84f786000 	C:\WINDOWS\SYSTEM32\dhcpcsvc6.DLL
0x00007ff84f890000 - 0x00007ff84f8ac000 	C:\WINDOWS\SYSTEM32\dhcpcsvc.DLL
0x00007ff854b30000 - 0x00007ff854bfb000 	C:\WINDOWS\SYSTEM32\DNSAPI.dll
0x00007ff84f990000 - 0x00007ff84f99b000 	C:\WINDOWS\SYSTEM32\WINNSI.DLL
0x00007ff8545d0000 - 0x00007ff854601000 	C:\WINDOWS\SYSTEM32\ntmarta.dll
0x00007ff8302d0000 - 0x00007ff8302f4000 	C:\Program Files\Android\Android Studio\jre\jre\bin\sunec.dll
0x00007ff826180000 - 0x00007ff82619e000 	C:\Users\Jason\AppData\Local\Temp\native-platform4529461764992431738dir\native-platform.dll

VM Arguments:
jvm_args: -Xmx1536M -Dfile.encoding=windows-1252 -Duser.country=GB -Duser.language=en -Duser.variant 
java_command: org.gradle.launcher.daemon.bootstrap.GradleDaemon 6.7
java_class_path (initial): C:\Users\Jason\.gradle\wrapper\dists\gradle-6.7-all\cuy9mc7upwgwgeb72wkcrupxe\gradle-6.7\lib\gradle-launcher-6.7.jar
Launcher Type: SUN_STANDARD

Environment Variables:
JAVA_HOME=C:\Program Files\Android\Android Studio\jre
CLASSPATH=C:\Users\Jason\Desktop\virtuallearningapp\android\\gradle\wrapper\gradle-wrapper.jar
PATH=C:\Program Files\Git\mingw64\bin;C:\Program Files\Git\usr\bin;C:\Users\Jason\bin;C:\Program Files (x86)\Common Files\Intel\Shared Files\cpp\bin\Intel64;C:\Windows\system32;C:\Windows;C:\Windows\System32\Wbem;C:\Windows\System32\WindowsPowerShell\v1.0;C:\Windows\System32\OpenSSH;C:\Users\Jason\AppData\Local\Microsoft\WindowsApps;C:\Users\Jason\AppData\Local\Programs\Microsoft VS Code\bin;C:\adb;C:\Program Files\dotnet;C:\WINDOWS\system32;C:\WINDOWS;C:\WINDOWS\System32\Wbem;C:\WINDOWS\System32\WindowsPowerShell\v1.0;C:\WINDOWS\System32\OpenSSH;C:\Program Files\Dart\dart-sdk\bin;C:\Program Files\Microsoft SQL Server\130\Tools\Binn;C:\Program Files\Microsoft SQL Server\Client SDK\ODBC\170\Tools\Binn;C:\src\flutter\bin;C:\Program Files (x86)\Microsoft SQL Server\150\Tools\Binn;C:\Program Files\Microsoft SQL Server\150\Tools\Binn;C:\Program Files\Microsoft SQL Server\150\DTS\Binn;C:\Program Files\Java\jdk-14.0.1\bin;C:\OpenSSL-Win64\bin;C:\Program Files\Git\cmd;C:\Program Files\nodejs;C:\Program Files (x86)\ZeroTier\One;C:\Users\Jason\.dotnet\tools;C:\Users\Jason\AppData\Local\GitHubDesktop\bin;C:\Users\Jason\AppData\Local\Android\Sdk\platform-tools;C:\Users\Jason\AppData\Roaming\npm;C:\src\flutter\bin\mingit\cmd
USERNAME=Jason
OS=MINGW64_NT-10.0-18363
PROCESSOR_IDENTIFIER=Intel64 Family 6 Model 58 Stepping 9, GenuineIntel



---------------  S Y S T E M  ---------------

OS: Windows 10.0 , 64 bit Build 18362 (10.0.18362.1110)

CPU:total 4 (initial active 4) (2 cores per cpu, 2 threads per core) family 6 model 58 stepping 9, cmov, cx8, fxsr, mmx, sse, sse2, sse3, ssse3, sse4.1, sse4.2, popcnt, avx, aes, clmul, erms, ht, tsc, tscinvbit, tscinv

Memory: 4k page, physical 10362416k(2536552k free), swap 10362416k(5340k free)

vm_info: OpenJDK 64-Bit Server VM (25.202-b03) for windows-amd64 JRE (1.8.0_202-release-1483-b03), built by "builder" with MS VC++ 10.0 (VS2010)

time: Tue Apr 27 14:57:02 2021
timezone: GMT Daylight Time
elapsed time: 912 seconds (0d 0h 15m 12s)

