#
# There is insufficient memory for the Java Runtime Environment to continue.
# Native memory allocation (malloc) failed to allocate 1170016 bytes for Chunk::new
# Possible reasons:
#   The system is out of physical RAM or swap space
#   The process is running with CompressedOops enabled, and the Java Heap may be blocking the growth of the native heap
# Possible solutions:
#   Reduce memory load on the system
#   Increase physical memory or swap space
#   Check if swap backing store is full
#   Decrease Java heap size (-Xmx/-Xms)
#   Decrease number of Java threads
#   Decrease Java thread stack sizes (-Xss)
#   Set larger code cache with -XX:ReservedCodeCacheSize=
#   JVM is running with Unscaled Compressed Oops mode in which the Java heap is
#     placed in the first 4GB address space. The Java Heap base address is the
#     maximum limit for the native heap growth. Please use -XX:HeapBaseMinAddress
#     to set the Java Heap base and to place the Java Heap above 4GB virtual address.
# This output file may be truncated or incomplete.
#
#  Out of Memory Error (allocation.cpp:389), pid=8220, tid=0x0000000000001d68
#
# JRE version: OpenJDK Runtime Environment (8.0_202-b03) (build 1.8.0_202-release-1483-b03)
# Java VM: OpenJDK 64-Bit Server VM (25.202-b03 mixed mode windows-amd64 compressed oops)
# Failed to write core dump. Minidumps are not enabled by default on client versions of Windows
#

---------------  T H R E A D  ---------------

Current thread (0x0000000015cc1800):  JavaThread "C2 CompilerThread0" daemon [_thread_in_native, id=7528, stack(0x0000000017320000,0x0000000017420000)]

Stack: [0x0000000017320000,0x0000000017420000]
[error occurred during error reporting (printing stack bounds), id 0xc0000005]

Native frames: (J=compiled Java code, j=interpreted, Vv=VM code, C=native code)


Current CompileTask:
C2: 130232 19566 %     4       com.android.tools.r8.s.b.X::c @ 1009 (1154 bytes)


---------------  P R O C E S S  ---------------

Java Threads: ( => current thread )
  0x0000000020492800 JavaThread "WorkerExecutor Queue Thread 6" [_thread_in_native, id=11608, stack(0x0000000025330000,0x0000000025430000)]
  0x00000000187de000 JavaThread "ForkJoinPool.commonPool-worker-3" daemon [_thread_blocked, id=7596, stack(0x0000000024f30000,0x0000000025030000)]
  0x00000000187dc000 JavaThread "Cache worker for Java compile cache (C:\Users\Jason\Desktop\virtuallearningapp\android\.gradle\6.7\javaCompile)" [_thread_blocked, id=12836, stack(0x00000000229b0000,0x0000000022ab0000)]
  0x00000000187e2000 JavaThread "Cache worker for Java compile cache (C:\Users\Jason\.gradle\caches\6.7\javaCompile)" [_thread_blocked, id=3092, stack(0x00000000228b0000,0x00000000229b0000)]
  0x00000000187d9800 JavaThread "RMI TCP Connection(idle)" daemon [_thread_blocked, id=4312, stack(0x00000000227b0000,0x00000000228b0000)]
  0x00000000187df000 JavaThread "RMI Reaper" [_thread_blocked, id=2672, stack(0x00000000224b0000,0x00000000225b0000)]
  0x00000000187dd800 JavaThread "RMI TCP Accept-0" daemon [_thread_in_native, id=1084, stack(0x00000000223b0000,0x00000000224b0000)]
  0x00000000187da800 JavaThread "GC Daemon" daemon [_thread_blocked, id=11540, stack(0x00000000222b0000,0x00000000223b0000)]
  0x00000000187df800 JavaThread "RMI Scheduler(0)" daemon [_thread_blocked, id=6728, stack(0x000000001ff80000,0x0000000020080000)]
  0x000000002048f800 JavaThread "WorkerExecutor Queue Thread 5" [_thread_blocked, id=10472, stack(0x000000002ce50000,0x000000002cf50000)]
  0x0000000020491000 JavaThread "stdout" [_thread_in_native, id=4784, stack(0x000000002d5b0000,0x000000002d6b0000)]
  0x000000002048d000 JavaThread "stderr" [_thread_in_native, id=11164, stack(0x000000002d4b0000,0x000000002d5b0000)]
  0x00000000186d2000 JavaThread "stdout" [_thread_in_native, id=6148, stack(0x000000002d3b0000,0x000000002d4b0000)]
  0x0000000021193000 JavaThread "stderr" [_thread_in_native, id=2428, stack(0x000000002d2b0000,0x000000002d3b0000)]
  0x0000000021199000 JavaThread "stdout" [_thread_in_native, id=7496, stack(0x000000002d1b0000,0x000000002d2b0000)]
  0x0000000021197800 JavaThread "stderr" [_thread_in_native, id=12712, stack(0x000000002d0b0000,0x000000002d1b0000)]
  0x0000000021196000 JavaThread "stdout" [_thread_in_native, id=8392, stack(0x000000002cfb0000,0x000000002d0b0000)]
  0x0000000021198800 JavaThread "stderr" [_thread_in_native, id=10436, stack(0x000000002cb30000,0x000000002cc30000)]
  0x0000000021195800 JavaThread "pool-2-thread-1" [_thread_blocked, id=10008, stack(0x0000000000b40000,0x0000000000c40000)]
  0x0000000021194800 JavaThread "WorkerExecutor Queue Thread 4" [_thread_blocked, id=264, stack(0x00000000006b0000,0x00000000007b0000)]
  0x0000000021191800 JavaThread "WorkerExecutor Queue Thread 3" [_thread_blocked, id=1816, stack(0x000000002ca30000,0x000000002cb30000)]
  0x000000002118b000 JavaThread "Cache worker for execution history cache (C:\Users\Jason\Desktop\virtuallearningapp\android\.gradle\6.7\executionHistory)" [_thread_blocked, id=5272, stack(0x000000002c530000,0x000000002c630000)]
  0x0000000021190000 JavaThread "Execution worker for ':' Thread 3" [_thread_blocked, id=10860, stack(0x000000002af30000,0x000000002b030000)]
  0x000000002118e800 JavaThread "Execution worker for ':' Thread 2" [_thread_blocked, id=12316, stack(0x000000002ae30000,0x000000002af30000)]
  0x000000002118c800 JavaThread "Execution worker for ':'" [_thread_blocked, id=10164, stack(0x000000002ad30000,0x000000002ae30000)]
  0x00000000187e5800 JavaThread "Memory manager" [_thread_blocked, id=7704, stack(0x0000000025dd0000,0x0000000025ed0000)]
  0x000000001c639800 JavaThread "Build operations Thread 4" [_thread_blocked, id=5528, stack(0x0000000021eb0000,0x0000000021fb0000)]
  0x000000001c638800 JavaThread "Build operations Thread 3" [_thread_blocked, id=12688, stack(0x0000000021db0000,0x0000000021eb0000)]
  0x000000001c638000 JavaThread "Build operations Thread 2" [_thread_blocked, id=10100, stack(0x0000000021cb0000,0x0000000021db0000)]
  0x000000001c636800 JavaThread "Build operations" [_thread_blocked, id=9488, stack(0x0000000021bb0000,0x0000000021cb0000)]
  0x000000001c637000 JavaThread "Cache worker for Build Output Cleanup Cache (C:\Users\Jason\Desktop\virtuallearningapp\android\.gradle\buildOutputCleanup)" [_thread_blocked, id=12076, stack(0x0000000021ab0000,0x0000000021bb0000)]
  0x00000000186d5000 JavaThread "Cache worker for file content cache (C:\Users\Jason\.gradle\caches\6.7\fileContent)" [_thread_blocked, id=11580, stack(0x0000000020080000,0x0000000020180000)]
  0x00000000186d0800 JavaThread "Cache worker for execution history cache (C:\Users\Jason\.gradle\caches\6.7\executionHistory)" [_thread_blocked, id=3200, stack(0x000000001e7e0000,0x000000001e8e0000)]
  0x00000000186ce000 JavaThread "Cache worker for cache directory md-rule (C:\Users\Jason\.gradle\caches\6.7\md-rule)" [_thread_blocked, id=11372, stack(0x000000001e6e0000,0x000000001e7e0000)]
  0x00000000186d3800 JavaThread "Cache worker for cache directory md-supplier (C:\Users\Jason\.gradle\caches\6.7\md-supplier)" [_thread_blocked, id=12960, stack(0x000000001e5e0000,0x000000001e6e0000)]
  0x00000000186d1000 JavaThread "Cache worker for checksums cache (C:\Users\Jason\Desktop\virtuallearningapp\android\.gradle\checksums)" [_thread_blocked, id=10124, stack(0x000000001e2e0000,0x000000001e3e0000)]
  0x00000000186d2800 JavaThread "Cache worker for file hash cache (C:\Users\Jason\Desktop\virtuallearningapp\android\.gradle\6.7\fileHashes)" [_thread_blocked, id=10980, stack(0x000000001e1e0000,0x000000001e2e0000)]
  0x00000000186cf800 JavaThread "Cache worker for journal cache (C:\Users\Jason\.gradle\caches\journal-1)" [_thread_blocked, id=316, stack(0x000000001bd40000,0x000000001be40000)]
  0x00000000186cf000 JavaThread "File lock request listener" [_thread_in_native, id=104, stack(0x000000001bc40000,0x000000001bd40000)]
  0x0000000019846800 JavaThread "Cache worker for file hash cache (C:\Users\Jason\.gradle\caches\6.7\fileHashes)" [_thread_blocked, id=6924, stack(0x000000001ba40000,0x000000001bb40000)]
  0x0000000017504000 JavaThread "Thread-9" [_thread_blocked, id=8600, stack(0x000000001b740000,0x000000001b840000)]
  0x0000000017503800 JavaThread "Stdin handler" [_thread_blocked, id=13108, stack(0x000000001b640000,0x000000001b740000)]
  0x0000000017502800 JavaThread "Asynchronous log dispatcher for DefaultDaemonConnection: socket connection from /127.0.0.1:62664 to /127.0.0.1:62669" [_thread_blocked, id=9828, stack(0x000000001b540000,0x000000001b640000)]
  0x0000000017e4b000 JavaThread "Daemon worker" [_thread_blocked, id=9368, stack(0x000000001b440000,0x000000001b540000)]
  0x0000000017e4a800 JavaThread "Cancel handler" [_thread_blocked, id=9164, stack(0x000000001b340000,0x000000001b440000)]
  0x0000000017e47000 JavaThread "Handler for socket connection from /127.0.0.1:62664 to /127.0.0.1:62669" [_thread_in_native, id=8384, stack(0x000000001b240000,0x000000001b340000)]
  0x00000000174c3800 JavaThread "Daemon" [_thread_blocked, id=2632, stack(0x000000001af40000,0x000000001b040000)]
  0x0000000017c6e800 JavaThread "Daemon periodic checks" [_thread_blocked, id=8004, stack(0x000000001ae40000,0x000000001af40000)]
  0x0000000019766800 JavaThread "Incoming local TCP Connector on port 62664" [_thread_in_native, id=5692, stack(0x000000001ac00000,0x000000001ad00000)]
  0x00000000174d8800 JavaThread "Daemon health stats" [_thread_blocked, id=8768, stack(0x000000001a3c0000,0x000000001a4c0000)]
  0x0000000017442000 JavaThread "Service Thread" daemon [_thread_blocked, id=7032, stack(0x0000000017a20000,0x0000000017b20000)]
  0x0000000015d1b800 JavaThread "C1 CompilerThread2" daemon [_thread_blocked, id=12856, stack(0x0000000017920000,0x0000000017a20000)]
  0x0000000017428800 JavaThread "C2 CompilerThread1" daemon [_thread_in_native, id=8832, stack(0x0000000017820000,0x0000000017920000)]
=>0x0000000015cc1800 JavaThread "C2 CompilerThread0" daemon [_thread_in_native, id=7528, stack(0x0000000017320000,0x0000000017420000)]
  0x0000000015cbf800 JavaThread "Attach Listener" daemon [_thread_blocked, id=10040, stack(0x0000000017220000,0x0000000017320000)]
  0x0000000015cbe800 JavaThread "Signal Dispatcher" daemon [_thread_blocked, id=13308, stack(0x0000000017120000,0x0000000017220000)]
  0x000000000234d800 JavaThread "Finalizer" daemon [_thread_blocked, id=7192, stack(0x0000000016f20000,0x0000000017020000)]
  0x0000000015ca9000 JavaThread "Reference Handler" daemon [_thread_blocked, id=5300, stack(0x0000000016e20000,0x0000000016f20000)]
  0x0000000002252800 JavaThread "main" [_thread_blocked, id=5216, stack(0x0000000002150000,0x0000000002250000)]

Other Threads:
  0x0000000015c88800 VMThread [stack: 0x0000000016d20000,0x0000000016e20000] [id=8820]
  0x0000000017442800 WatcherThread [stack: 0x0000000017b20000,0x0000000017c20000] [id=9044]

VM state:not at safepoint (normal execution)

VM Mutex/Monitor currently owned by a thread: None

heap address: 0x00000000a0000000, size: 1536 MB, Compressed Oops mode: 32-bit
Narrow klass base: 0x0000000000000000, Narrow klass shift: 3
Compressed class space size: 1073741824 Address: 0x0000000100000000

Heap:
 PSYoungGen      total 403968K, used 130471K [0x00000000e0000000, 0x0000000100000000, 0x0000000100000000)
  eden space 336896K, 25% used [0x00000000e0000000,0x00000000e555d868,0x00000000f4900000)
  from space 67072K, 64% used [0x00000000fbe80000,0x00000000fe88c450,0x0000000100000000)
  to   space 93696K, 0% used [0x00000000f4900000,0x00000000f4900000,0x00000000fa480000)
 ParOldGen       total 322560K, used 252376K [0x00000000a0000000, 0x00000000b3b00000, 0x00000000e0000000)
  object space 322560K, 78% used [0x00000000a0000000,0x00000000af676268,0x00000000b3b00000)
 Metaspace       used 105033K, capacity 111848K, committed 112256K, reserved 1146880K
  class space    used 14135K, capacity 15396K, committed 15488K, reserved 1048576K

Card table byte_map: [0x0000000011710000,0x0000000011a20000] byte_map_base: 0x0000000011210000

Marking Bits: (ParMarkBitMap*) 0x0000000053709f30
 Begin Bits: [0x0000000012020000, 0x0000000013820000)
 End Bits:   [0x0000000013820000, 0x0000000015020000)

Polling page: 0x0000000000540000

CodeCache: size=245760Kb used=59557Kb max_used=59667Kb free=186202Kb
 bounds [0x0000000002350000, 0x0000000005df0000, 0x0000000011350000]
 total_blobs=18492 nmethods=17568 adapters=835
 compilation: enabled

Compilation events (10 events):
Event: 129.813 Thread 0x0000000015d1b800 21490       2       com.android.apksig.internal.jar.ManifestParser$Section::getAttributeValue (50 bytes)
Event: 129.813 Thread 0x0000000015d1b800 nmethod 21490 0x0000000005a62e50 code [0x0000000005a62fe0, 0x0000000005a632b8]
Event: 129.813 Thread 0x0000000015d1b800 21493       2       sun.nio.cs.ISO_8859_1$Encoder::encodeISOArray (47 bytes)
Event: 129.813 Thread 0x0000000015d1b800 nmethod 21493 0x0000000002e81390 code [0x0000000002e81500, 0x0000000002e816f0]
Event: 129.813 Thread 0x0000000015d1b800 21492       2       java.util.Base64$Decoder::decode0 (350 bytes)
Event: 129.815 Thread 0x0000000015d1b800 nmethod 21492 0x000000000513d5d0 code [0x000000000513d840, 0x000000000513e428]
Event: 129.815 Thread 0x0000000015d1b800 21489       2       com.android.apksig.internal.apk.v1.V1SchemeVerifier::getJarDigestAttributeName (50 bytes)
Event: 129.816 Thread 0x0000000015d1b800 nmethod 21489 0x0000000002e80a10 code [0x0000000002e80be0, 0x0000000002e810e8]
Event: 129.816 Thread 0x0000000015d1b800 21491       1       sun.nio.cs.ISO_8859_1$Encoder::isLegalReplacement (2 bytes)
Event: 129.816 Thread 0x0000000015d1b800 nmethod 21491 0x0000000002e80750 code [0x0000000002e808a0, 0x0000000002e809b0]

GC Heap History (10 events):
Event: 117.661 GC heap before
{Heap before GC invocations=25 (full 4):
 PSYoungGen      total 478208K, used 450384K [0x00000000e0000000, 0x00000000ffe00000, 0x0000000100000000)
  eden space 434176K, 100% used [0x00000000e0000000,0x00000000fa800000,0x00000000fa800000)
  from space 44032K, 36% used [0x00000000fd300000,0x00000000fe2d4200,0x00000000ffe00000)
  to   space 44032K, 0% used [0x00000000fa800000,0x00000000fa800000,0x00000000fd300000)
 ParOldGen       total 322560K, used 173319K [0x00000000a0000000, 0x00000000b3b00000, 0x00000000e0000000)
  object space 322560K, 53% used [0x00000000a0000000,0x00000000aa941cb0,0x00000000b3b00000)
 Metaspace       used 102525K, capacity 109260K, committed 109440K, reserved 1142784K
  class space    used 13882K, capacity 15148K, committed 15232K, reserved 1048576K
Event: 117.718 GC heap after
Heap after GC invocations=25 (full 4):
 PSYoungGen      total 478208K, used 22387K [0x00000000e0000000, 0x00000000ffe00000, 0x0000000100000000)
  eden space 434176K, 0% used [0x00000000e0000000,0x00000000e0000000,0x00000000fa800000)
  from space 44032K, 50% used [0x00000000fa800000,0x00000000fbddce80,0x00000000fd300000)
  to   space 43008K, 0% used [0x00000000fd400000,0x00000000fd400000,0x00000000ffe00000)
 ParOldGen       total 322560K, used 176263K [0x00000000a0000000, 0x00000000b3b00000, 0x00000000e0000000)
  object space 322560K, 54% used [0x00000000a0000000,0x00000000aac21d50,0x00000000b3b00000)
 Metaspace       used 102525K, capacity 109260K, committed 109440K, reserved 1142784K
  class space    used 13882K, capacity 15148K, committed 15232K, reserved 1048576K
}
Event: 119.968 GC heap before
{Heap before GC invocations=26 (full 4):
 PSYoungGen      total 478208K, used 456563K [0x00000000e0000000, 0x00000000ffe00000, 0x0000000100000000)
  eden space 434176K, 100% used [0x00000000e0000000,0x00000000fa800000,0x00000000fa800000)
  from space 44032K, 50% used [0x00000000fa800000,0x00000000fbddce80,0x00000000fd300000)
  to   space 43008K, 0% used [0x00000000fd400000,0x00000000fd400000,0x00000000ffe00000)
 ParOldGen       total 322560K, used 176263K [0x00000000a0000000, 0x00000000b3b00000, 0x00000000e0000000)
  object space 322560K, 54% used [0x00000000a0000000,0x00000000aac21d50,0x00000000b3b00000)
 Metaspace       used 103697K, capacity 110606K, committed 110848K, reserved 1144832K
  class space    used 14007K, capacity 15271K, committed 15360K, reserved 1048576K
Event: 120.246 GC heap after
Heap after GC invocations=26 (full 4):
 PSYoungGen      total 433152K, used 42976K [0x00000000e0000000, 0x0000000100000000, 0x0000000100000000)
  eden space 390144K, 0% used [0x00000000e0000000,0x00000000e0000000,0x00000000f7d00000)
  from space 43008K, 99% used [0x00000000fd400000,0x00000000ffdf8188,0x00000000ffe00000)
  to   space 67072K, 0% used [0x00000000f7d00000,0x00000000f7d00000,0x00000000fbe80000)
 ParOldGen       total 322560K, used 225223K [0x00000000a0000000, 0x00000000b3b00000, 0x00000000e0000000)
  object space 322560K, 69% used [0x00000000a0000000,0x00000000adbf1c70,0x00000000b3b00000)
 Metaspace       used 103697K, capacity 110606K, committed 110848K, reserved 1144832K
  class space    used 14007K, capacity 15271K, committed 15360K, reserved 1048576K
}
Event: 122.486 GC heap before
{Heap before GC invocations=27 (full 4):
 PSYoungGen      total 433152K, used 433120K [0x00000000e0000000, 0x0000000100000000, 0x0000000100000000)
  eden space 390144K, 100% used [0x00000000e0000000,0x00000000f7d00000,0x00000000f7d00000)
  from space 43008K, 99% used [0x00000000fd400000,0x00000000ffdf8188,0x00000000ffe00000)
  to   space 67072K, 0% used [0x00000000f7d00000,0x00000000f7d00000,0x00000000fbe80000)
 ParOldGen       total 322560K, used 225223K [0x00000000a0000000, 0x00000000b3b00000, 0x00000000e0000000)
  object space 322560K, 69% used [0x00000000a0000000,0x00000000adbf1c70,0x00000000b3b00000)
 Metaspace       used 104006K, capacity 110944K, committed 111104K, reserved 1144832K
  class space    used 14041K, capacity 15356K, committed 15360K, reserved 1048576K
Event: 122.780 GC heap after
Heap after GC invocations=27 (full 4):
 PSYoungGen      total 457216K, used 67055K [0x00000000e0000000, 0x0000000100000000, 0x0000000100000000)
  eden space 390144K, 0% used [0x00000000e0000000,0x00000000e0000000,0x00000000f7d00000)
  from space 67072K, 99% used [0x00000000f7d00000,0x00000000fbe7be10,0x00000000fbe80000)
  to   space 67072K, 0% used [0x00000000fbe80000,0x00000000fbe80000,0x0000000100000000)
 ParOldGen       total 322560K, used 277388K [0x00000000a0000000, 0x00000000b3b00000, 0x00000000e0000000)
  object space 322560K, 85% used [0x00000000a0000000,0x00000000b0ee31c0,0x00000000b3b00000)
 Metaspace       used 104006K, capacity 110944K, committed 111104K, reserved 1144832K
  class space    used 14041K, capacity 15356K, committed 15360K, reserved 1048576K
}
Event: 122.780 GC heap before
{Heap before GC invocations=28 (full 5):
 PSYoungGen      total 457216K, used 67055K [0x00000000e0000000, 0x0000000100000000, 0x0000000100000000)
  eden space 390144K, 0% used [0x00000000e0000000,0x00000000e0000000,0x00000000f7d00000)
  from space 67072K, 99% used [0x00000000f7d00000,0x00000000fbe7be10,0x00000000fbe80000)
  to   space 67072K, 0% used [0x00000000fbe80000,0x00000000fbe80000,0x0000000100000000)
 ParOldGen       total 322560K, used 277388K [0x00000000a0000000, 0x00000000b3b00000, 0x00000000e0000000)
  object space 322560K, 85% used [0x00000000a0000000,0x00000000b0ee31c0,0x00000000b3b00000)
 Metaspace       used 104006K, capacity 110944K, committed 111104K, reserved 1144832K
  class space    used 14041K, capacity 15356K, committed 15360K, reserved 1048576K
Event: 124.075 GC heap after
Heap after GC invocations=28 (full 5):
 PSYoungGen      total 457216K, used 0K [0x00000000e0000000, 0x0000000100000000, 0x0000000100000000)
  eden space 390144K, 0% used [0x00000000e0000000,0x00000000e0000000,0x00000000f7d00000)
  from space 67072K, 0% used [0x00000000f7d00000,0x00000000f7d00000,0x00000000fbe80000)
  to   space 67072K, 0% used [0x00000000fbe80000,0x00000000fbe80000,0x0000000100000000)
 ParOldGen       total 322560K, used 252368K [0x00000000a0000000, 0x00000000b3b00000, 0x00000000e0000000)
  object space 322560K, 78% used [0x00000000a0000000,0x00000000af674268,0x00000000b3b00000)
 Metaspace       used 103869K, capacity 110652K, committed 111104K, reserved 1144832K
  class space    used 13990K, capacity 15264K, committed 15360K, reserved 1048576K
}
Event: 128.447 GC heap before
{Heap before GC invocations=29 (full 5):
 PSYoungGen      total 457216K, used 390144K [0x00000000e0000000, 0x0000000100000000, 0x0000000100000000)
  eden space 390144K, 100% used [0x00000000e0000000,0x00000000f7d00000,0x00000000f7d00000)
  from space 67072K, 0% used [0x00000000f7d00000,0x00000000f7d00000,0x00000000fbe80000)
  to   space 67072K, 0% used [0x00000000fbe80000,0x00000000fbe80000,0x0000000100000000)
 ParOldGen       total 322560K, used 252368K [0x00000000a0000000, 0x00000000b3b00000, 0x00000000e0000000)
  object space 322560K, 78% used [0x00000000a0000000,0x00000000af674268,0x00000000b3b00000)
 Metaspace       used 104269K, capacity 111028K, committed 111488K, reserved 1144832K
  class space    used 14032K, capacity 15300K, committed 15488K, reserved 1048576K
Event: 128.485 GC heap after
Heap after GC invocations=29 (full 5):
 PSYoungGen      total 403968K, used 43057K [0x00000000e0000000, 0x0000000100000000, 0x0000000100000000)
  eden space 336896K, 0% used [0x00000000e0000000,0x00000000e0000000,0x00000000f4900000)
  from space 67072K, 64% used [0x00000000fbe80000,0x00000000fe88c450,0x0000000100000000)
  to   space 93696K, 0% used [0x00000000f4900000,0x00000000f4900000,0x00000000fa480000)
 ParOldGen       total 322560K, used 252376K [0x00000000a0000000, 0x00000000b3b00000, 0x00000000e0000000)
  object space 322560K, 78% used [0x00000000a0000000,0x00000000af676268,0x00000000b3b00000)
 Metaspace       used 104269K, capacity 111028K, committed 111488K, reserved 1144832K
  class space    used 14032K, capacity 15300K, committed 15488K, reserved 1048576K
}

Deoptimization events (10 events):
Event: 129.687 Thread 0x0000000020492800 Uncommon trap: reason=bimorphic action=maybe_recompile pc=0x0000000003ece614 method=com.sun.org.apache.xerces.internal.parsers.AbstractSAXParser.startNamespaceMapping()V @ 65
Event: 129.704 Thread 0x0000000020492800 Uncommon trap: reason=predicate action=maybe_recompile pc=0x0000000004cfb824 method=java.util.ArrayList$ArrayListSpliterator.forEachRemaining(Ljava/util/function/Consumer;)V @ 90
Event: 129.808 Thread 0x0000000020492800 Uncommon trap: reason=class_check action=maybe_recompile pc=0x00000000048ceea4 method=java.lang.StringCoding.encode(Ljava/nio/charset/Charset;[CII)[B @ 1
Event: 129.810 Thread 0x0000000020492800 Uncommon trap: reason=class_check action=maybe_recompile pc=0x00000000048ceea4 method=java.lang.StringCoding.encode(Ljava/nio/charset/Charset;[CII)[B @ 1
Event: 129.810 Thread 0x0000000020492800 Uncommon trap: reason=class_check action=maybe_recompile pc=0x00000000048ceea4 method=java.lang.StringCoding.encode(Ljava/nio/charset/Charset;[CII)[B @ 1
Event: 129.810 Thread 0x0000000020492800 Uncommon trap: reason=class_check action=maybe_recompile pc=0x00000000048ceea4 method=java.lang.StringCoding.encode(Ljava/nio/charset/Charset;[CII)[B @ 1
Event: 129.810 Thread 0x0000000020492800 Uncommon trap: reason=class_check action=maybe_recompile pc=0x00000000048d82d4 method=java.lang.StringCoding.encode(Ljava/nio/charset/Charset;[CII)[B @ 1
Event: 129.831 Thread 0x0000000020492800 Uncommon trap: reason=speculate_class_check action=maybe_recompile pc=0x0000000004b66530 method=sun.nio.ch.IOUtil.writeFromNativeBuffer(Ljava/io/FileDescriptor;Ljava/nio/ByteBuffer;JLsun/nio/ch/NativeDispatcher;)I @ 100
Event: 129.924 Thread 0x0000000020492800 Uncommon trap: reason=speculate_class_check action=maybe_recompile pc=0x0000000004b66530 method=sun.nio.ch.IOUtil.writeFromNativeBuffer(Ljava/io/FileDescriptor;Ljava/nio/ByteBuffer;JLsun/nio/ch/NativeDispatcher;)I @ 100
Event: 129.936 Thread 0x0000000020492800 Uncommon trap: reason=speculate_class_check action=maybe_recompile pc=0x0000000004b66530 method=sun.nio.ch.IOUtil.writeFromNativeBuffer(Ljava/io/FileDescriptor;Ljava/nio/ByteBuffer;JLsun/nio/ch/NativeDispatcher;)I @ 100

Classes redefined (0 events):
No events

Internal exceptions (10 events):
Event: 125.622 Thread 0x000000002118c800 Exception <a 'sun/nio/fs/WindowsException'> (0x00000000e74153f0) thrown at [D:\src\AOSP-openjdk-cygwin\jdk8u\hotspot\src\share\vm\prims\jni.cpp, line 710]
Event: 125.645 Thread 0x000000002118c800 Exception <a 'sun/nio/fs/WindowsException'> (0x00000000e7631688) thrown at [D:\src\AOSP-openjdk-cygwin\jdk8u\hotspot\src\share\vm\prims\jni.cpp, line 710]
Event: 125.671 Thread 0x0000000021190000 Exception <a 'sun/nio/fs/WindowsException'> (0x00000000e77965a8) thrown at [D:\src\AOSP-openjdk-cygwin\jdk8u\hotspot\src\share\vm\prims\jni.cpp, line 710]
Event: 125.671 Thread 0x0000000021190000 Exception <a 'sun/nio/fs/WindowsException'> (0x00000000e77976a8) thrown at [D:\src\AOSP-openjdk-cygwin\jdk8u\hotspot\src\share\vm\prims\jni.cpp, line 710]
Event: 125.679 Thread 0x0000000021190000 Exception <a 'sun/nio/fs/WindowsException'> (0x00000000e77cc060) thrown at [D:\src\AOSP-openjdk-cygwin\jdk8u\hotspot\src\share\vm\prims\jni.cpp, line 710]
Event: 125.679 Thread 0x0000000021190000 Exception <a 'sun/nio/fs/WindowsException'> (0x00000000e77ccc20) thrown at [D:\src\AOSP-openjdk-cygwin\jdk8u\hotspot\src\share\vm\prims\jni.cpp, line 710]
Event: 125.679 Thread 0x0000000021190000 Exception <a 'sun/nio/fs/WindowsException'> (0x00000000e77cd920) thrown at [D:\src\AOSP-openjdk-cygwin\jdk8u\hotspot\src\share\vm\prims\jni.cpp, line 710]
Event: 128.496 Thread 0x00000000187e7000 Exception <a 'sun/nio/fs/WindowsException'> (0x00000000e0380960) thrown at [D:\src\AOSP-openjdk-cygwin\jdk8u\hotspot\src\share\vm\prims\jni.cpp, line 710]
Event: 129.478 Thread 0x00000000187e8800 Exception <a 'sun/nio/fs/WindowsException'> (0x00000000e18cb9d8) thrown at [D:\src\AOSP-openjdk-cygwin\jdk8u\hotspot\src\share\vm\prims\jni.cpp, line 710]
Event: 129.785 Thread 0x0000000020492800 Exception <a 'java/lang/NoSuchMethodError': java.lang.Object.lambda$static$0(Lcom/android/apksig/util/RunnablesProvider;)V> (0x00000000e22033f0) thrown at [D:\src\AOSP-openjdk-cygwin\jdk8u\hotspot\src\share\vm\interpreter\linkResolver.cpp, line 620]

Events (10 events):
Event: 129.832 loading class com/android/apksig/DefaultApkSignerEngine$GetJarEntryDataDigestRequest
Event: 129.832 loading class com/android/apksig/DefaultApkSignerEngine$GetJarEntryDataDigestRequest done
Event: 129.838 loading class com/android/apksig/internal/util/MessageDigestSink
Event: 129.838 loading class com/android/apksig/internal/util/MessageDigestSink done
Event: 129.924 Thread 0x0000000020492800 Uncommon trap: trap_request=0xffffff76 fr.pc=0x0000000004b66530
Event: 129.924 Thread 0x0000000020492800 DEOPT PACKING pc=0x0000000004b66530 sp=0x000000002542d7c0
Event: 129.924 Thread 0x0000000020492800 DEOPT UNPACKING pc=0x000000000239557b sp=0x000000002542d758 mode 2
Event: 129.936 Thread 0x0000000020492800 Uncommon trap: trap_request=0xffffff76 fr.pc=0x0000000004b66530
Event: 129.936 Thread 0x0000000020492800 DEOPT PACKING pc=0x0000000004b66530 sp=0x000000002542d7c0
Event: 129.936 Thread 0x0000000020492800 DEOPT UNPACKING pc=0x000000000239557b sp=0x000000002542d758 mode 2


Dynamic libraries:
0x00007ff6fce90000 - 0x00007ff6fcec1000 	C:\Program Files\Android\Android Studio\jre\bin\java.exe
0x00007ffcc1300000 - 0x00007ffcc14f0000 	C:\WINDOWS\SYSTEM32\ntdll.dll
0x00007ffcc08a0000 - 0x00007ffcc0952000 	C:\WINDOWS\System32\KERNEL32.DLL
0x00007ffcbf040000 - 0x00007ffcbf2e5000 	C:\WINDOWS\System32\KERNELBASE.dll
0x00007ffcbc3f0000 - 0x00007ffcbc47f000 	C:\WINDOWS\SYSTEM32\apphelp.dll
0x00007ffcbf610000 - 0x00007ffcbf6b3000 	C:\WINDOWS\System32\ADVAPI32.dll
0x00007ffcc0800000 - 0x00007ffcc089e000 	C:\WINDOWS\System32\msvcrt.dll
0x00007ffcbf570000 - 0x00007ffcbf607000 	C:\WINDOWS\System32\sechost.dll
0x00007ffcbf6c0000 - 0x00007ffcbf7e0000 	C:\WINDOWS\System32\RPCRT4.dll
0x00007ffcbff20000 - 0x00007ffcc00b4000 	C:\WINDOWS\System32\USER32.dll
0x00007ffcbe3d0000 - 0x00007ffcbe3f1000 	C:\WINDOWS\System32\win32u.dll
0x00007ffcc03c0000 - 0x00007ffcc03e6000 	C:\WINDOWS\System32\GDI32.dll
0x00007ffcbecf0000 - 0x00007ffcbee86000 	C:\WINDOWS\System32\gdi32full.dll
0x00007ffcbf2f0000 - 0x00007ffcbf38e000 	C:\WINDOWS\System32\msvcp_win.dll
0x00007ffcbe460000 - 0x00007ffcbe55a000 	C:\WINDOWS\System32\ucrtbase.dll
0x00007ffcaefa0000 - 0x00007ffcaf224000 	C:\WINDOWS\WinSxS\amd64_microsoft.windows.common-controls_6595b64144ccf1df_6.0.18362.1198_none_9e820b57e45ad92f\COMCTL32.dll
0x00007ffcc03f0000 - 0x00007ffcc0725000 	C:\WINDOWS\System32\combase.dll
0x00007ffcbee90000 - 0x00007ffcbef10000 	C:\WINDOWS\System32\bcryptPrimitives.dll
0x00007ffcbfef0000 - 0x00007ffcbff1e000 	C:\WINDOWS\System32\IMM32.DLL
0x0000000053790000 - 0x0000000053862000 	C:\Program Files\Android\Android Studio\jre\jre\bin\msvcr100.dll
0x0000000052f40000 - 0x0000000053786000 	C:\Program Files\Android\Android Studio\jre\jre\bin\server\jvm.dll
0x00007ffcbf560000 - 0x00007ffcbf568000 	C:\WINDOWS\System32\PSAPI.DLL
0x00007ffcb5790000 - 0x00007ffcb5799000 	C:\WINDOWS\SYSTEM32\WSOCK32.dll
0x00007ffcc0730000 - 0x00007ffcc079f000 	C:\WINDOWS\System32\WS2_32.dll
0x00007ffcbae00000 - 0x00007ffcbae24000 	C:\WINDOWS\SYSTEM32\WINMM.dll
0x00007ffcb1e00000 - 0x00007ffcb1e0a000 	C:\WINDOWS\SYSTEM32\VERSION.dll
0x00007ffcbadd0000 - 0x00007ffcbadfd000 	C:\WINDOWS\SYSTEM32\WINMMBASE.dll
0x00007ffcbef10000 - 0x00007ffcbef5a000 	C:\WINDOWS\System32\cfgmgr32.dll
0x00007ffcb5780000 - 0x00007ffcb578f000 	C:\Program Files\Android\Android Studio\jre\jre\bin\verify.dll
0x00007ffcb1780000 - 0x00007ffcb17a9000 	C:\Program Files\Android\Android Studio\jre\jre\bin\java.dll
0x00007ffcb1760000 - 0x00007ffcb1776000 	C:\Program Files\Android\Android Studio\jre\jre\bin\zip.dll
0x00007ffcc0bb0000 - 0x00007ffcc1297000 	C:\WINDOWS\System32\SHELL32.dll
0x00007ffcbf960000 - 0x00007ffcbfa09000 	C:\WINDOWS\System32\shcore.dll
0x00007ffcbe560000 - 0x00007ffcbece1000 	C:\WINDOWS\System32\windows.storage.dll
0x00007ffcbe1e0000 - 0x00007ffcbe203000 	C:\WINDOWS\System32\profapi.dll
0x00007ffcbe230000 - 0x00007ffcbe27a000 	C:\WINDOWS\System32\powrprof.dll
0x00007ffcbe1b0000 - 0x00007ffcbe1c0000 	C:\WINDOWS\System32\UMPDC.dll
0x00007ffcbfe80000 - 0x00007ffcbfed2000 	C:\WINDOWS\System32\shlwapi.dll
0x00007ffcbe210000 - 0x00007ffcbe221000 	C:\WINDOWS\System32\kernel.appcore.dll
0x00007ffcbf390000 - 0x00007ffcbf3a7000 	C:\WINDOWS\System32\cryptsp.dll
0x00007ffcb16c0000 - 0x00007ffcb16da000 	C:\Program Files\Android\Android Studio\jre\jre\bin\net.dll
0x00007ffcbda00000 - 0x00007ffcbda67000 	C:\WINDOWS\system32\mswsock.dll
0x00007ffcb16a0000 - 0x00007ffcb16b1000 	C:\Program Files\Android\Android Studio\jre\jre\bin\nio.dll
0x00007ffcb1670000 - 0x00007ffcb1696000 	C:\Users\Jason\.gradle\native\fdc75f09e3144964f2cf3f50f0aa648679c211496f362492102eb8c894070792\windows-amd64\native-platform.dll
0x00007ffc79d40000 - 0x00007ffc79ed1000 	C:\Users\Jason\.gradle\native\12488b8bf47d2d4c9fbf2f6322a914ad602e24e48041cd04a747c6da556b65c4\windows-amd64\native-platform-file-events.dll
0x00007ffcb51c0000 - 0x00007ffcb51cd000 	C:\Program Files\Android\Android Studio\jre\jre\bin\management.dll
0x00007ffcbd570000 - 0x00007ffcbd5a3000 	C:\WINDOWS\system32\rsaenh.dll
0x00007ffcbef60000 - 0x00007ffcbef86000 	C:\WINDOWS\System32\bcrypt.dll
0x00007ffcbe090000 - 0x00007ffcbe0b5000 	C:\WINDOWS\SYSTEM32\USERENV.dll
0x00007ffcbdbd0000 - 0x00007ffcbdbdc000 	C:\WINDOWS\SYSTEM32\CRYPTBASE.dll
0x00007ffcbd710000 - 0x00007ffcbd74a000 	C:\WINDOWS\SYSTEM32\IPHLPAPI.DLL
0x00007ffcbf3b0000 - 0x00007ffcbf3b8000 	C:\WINDOWS\System32\NSI.dll
0x00007ffcb6b00000 - 0x00007ffcb6b16000 	C:\WINDOWS\SYSTEM32\dhcpcsvc6.DLL
0x00007ffcb7c70000 - 0x00007ffcb7c8c000 	C:\WINDOWS\SYSTEM32\dhcpcsvc.DLL
0x00007ffcbd750000 - 0x00007ffcbd81b000 	C:\WINDOWS\SYSTEM32\DNSAPI.dll
0x00007ffcb8850000 - 0x00007ffcb885b000 	C:\WINDOWS\SYSTEM32\WINNSI.DLL
0x00007ffcb57b0000 - 0x00007ffcb57ce000 	C:\Users\Jason\AppData\Local\Temp\native-platform6752048884642950430dir\native-platform.dll

VM Arguments:
jvm_args: -Xmx1536M -Dfile.encoding=windows-1252 -Duser.country=GB -Duser.language=en -Duser.variant 
java_command: org.gradle.launcher.daemon.bootstrap.GradleDaemon 6.7
java_class_path (initial): C:\Users\Jason\.gradle\wrapper\dists\gradle-6.7-all\cuy9mc7upwgwgeb72wkcrupxe\gradle-6.7\lib\gradle-launcher-6.7.jar
Launcher Type: SUN_STANDARD

Environment Variables:
JAVA_HOME=C:\Program Files\Android\Android Studio\jre
CLASSPATH=C:\Users\Jason\Desktop\virtuallearningapp\android\\gradle\wrapper\gradle-wrapper.jar
PATH=C:\Program Files (x86)\Common Files\Intel\Shared Files\cpp\bin\Intel64;C:\Windows\system32;C:\Windows;C:\Windows\System32\Wbem;C:\Windows\System32\WindowsPowerShell\v1.0\;C:\Windows\System32\OpenSSH\;C:\Users\Jason\AppData\Local\Microsoft\WindowsApps;C:\Users\Jason\AppData\Local\Programs\Microsoft VS Code\bin;C:\adb;C:\Program Files\dotnet\;C:\WINDOWS\system32;C:\WINDOWS;C:\WINDOWS\System32\Wbem;C:\WINDOWS\System32\WindowsPowerShell\v1.0\;C:\WINDOWS\System32\OpenSSH\;C:\Program Files\Dart\dart-sdk\bin;C:\Program Files\Microsoft SQL Server\130\Tools\Binn\;C:\Program Files\Microsoft SQL Server\Client SDK\ODBC\170\Tools\Binn\;C:\src\flutter\bin;C:\Program Files (x86)\Microsoft SQL Server\150\Tools\Binn\;C:\Program Files\Microsoft SQL Server\150\Tools\Binn\;C:\Program Files\Microsoft SQL Server\150\DTS\Binn\;C:\Program Files\Java\jdk-14.0.1\bin;C:\OpenSSL-Win64\bin;C:\Program Files\Git\cmd;C:\Program Files\nodejs\;C:\Program Files (x86)\ZeroTier\One\;C:\Users\Jason\.dotnet\tools;C:\Users\Jason\AppData\Local\GitHubDesktop\bin;C:\Users\Jason\AppData\Local\Android\Sdk\platform-tools;C:\Users\Jason\AppData\Roaming\npm;C:\src\flutter\bin\mingit\cmd
USERNAME=Jason
OS=Windows_NT
PROCESSOR_IDENTIFIER=Intel64 Family 6 Model 58 Stepping 9, GenuineIntel



---------------  S Y S T E M  ---------------

OS: Windows 10.0 , 64 bit Build 18362 (10.0.18362.1110)

CPU:total 4 (initial active 4) (2 cores per cpu, 2 threads per core) family 6 model 58 stepping 9, cmov, cx8, fxsr, mmx, sse, sse2, sse3, ssse3, sse4.1, sse4.2, popcnt, avx, aes, clmul, erms, ht, tsc, tscinvbit, tscinv

Memory: 4k page, physical 10362416k(1636160k free), swap 10362416k(7504k free)

vm_info: OpenJDK 64-Bit Server VM (25.202-b03) for windows-amd64 JRE (1.8.0_202-release-1483-b03), built by "builder" with MS VC++ 10.0 (VS2010)

time: Mon Apr 26 16:52:02 2021
timezone: GMT Daylight Time
elapsed time: 130 seconds (0d 0h 2m 10s)

